How many days shall the Store run for?
30
Start of day number 1
45 Springroll remaining.
45 Eggroll remaining.
45 Pastryroll remaining.
45 Sausageroll remaining.
45 Jellyroll remaining.
Casual Person bought a Egg roll with sauce for 4.12
Casual Person bought a Egg roll for 3.12
Casual Person bought a Egg roll with sauce with topping for 5.12
Casual Person bought a Sausage roll with sauce for 3.5
Casual Person bought a Spring roll with sauce with topping for 3.5
Casual Person bought a Pastry roll with sauce with topping for 2.99
Casual Person bought a Spring roll with sauce with topping for 3.5
number of receipts is 3
43 Springroll remaining.
42 Eggroll remaining.
44 Pastryroll remaining.
44 Sausageroll remaining.
45 Jellyroll remaining.
3.0 total daily sales for 25.85 dollars
Casual Person customer type purchased 15.85 dollars worth of rolls.
sold 2 of Springroll
sold 3 of Eggroll
sold 1 of Pastryroll
sold 1 of Sausageroll
sold 0 of Jellyroll
Start of day number 2
43 Springroll remaining.
42 Eggroll remaining.
44 Pastryroll remaining.
44 Sausageroll remaining.
45 Jellyroll remaining.
Casual Person bought a Pastry roll with topping for 1.99
Casual Person bought a Egg roll for 3.12
Casual Person bought a Jelly roll with sauce with sauce for 3.0
Casual Person bought a Jelly roll with sauce with sauce with topping for 4.0
Business Person bought a Spring roll for 1.5
Business Person bought a Spring roll with topping for 2.5
Business Person bought a Egg roll with topping for 4.12
Business Person bought a Egg roll with sauce with sauce with topping for 6.12
Business Person bought a Pastry roll with sauce with topping for 2.99
Business Person bought a Pastry roll with sauce with sauce with topping for 3.99
Business Person bought a Sausage roll with sauce with sauce with topping for 5.5
Business Person bought a Sausage roll with sauce with sauce with topping for 5.5
Business Person bought a Jelly roll with topping for 2.0
Business Person bought a Jelly roll with sauce for 2.0
Casual Person bought a Spring roll with sauce with sauce for 3.5
Casual Person bought a Pastry roll for 0.99
Casual Person bought a Pastry roll with sauce for 1.99
Casual Person bought a Spring roll with sauce with topping for 3.5
Casual Person bought a Spring roll with sauce with sauce with topping for 4.5
Casual Person bought a Spring roll with sauce for 2.5
number of receipts is 5
37 Springroll remaining.
39 Eggroll remaining.
39 Pastryroll remaining.
42 Sausageroll remaining.
41 Jellyroll remaining.
5.0 total daily sales for 65.31 dollars
Casual Person customer type purchased 14.09 dollars worth of rolls.
Business Person customer type purchased 18.22 dollars worth of rolls.
sold 6 of Springroll
sold 3 of Eggroll
sold 5 of Pastryroll
sold 2 of Sausageroll
sold 4 of Jellyroll
Start of day number 3
37 Springroll remaining.
39 Eggroll remaining.
39 Pastryroll remaining.
42 Sausageroll remaining.
41 Jellyroll remaining.
number of receipts is 0
37 Springroll remaining.
39 Eggroll remaining.
39 Pastryroll remaining.
42 Sausageroll remaining.
41 Jellyroll remaining.
0.0 total daily sales for 0.0 dollars
sold 0 of Springroll
sold 0 of Eggroll
sold 0 of Pastryroll
sold 0 of Sausageroll
sold 0 of Jellyroll
Start of day number 4
37 Springroll remaining.
39 Eggroll remaining.
39 Pastryroll remaining.
42 Sausageroll remaining.
41 Jellyroll remaining.
Casual Person bought a Spring roll for 1.5
Casual Person bought a Jelly roll for 1.0
Casual Person bought a Egg roll with sauce with sauce with topping for 6.12
Business Person bought a Spring roll with sauce with sauce with topping for 4.5
Business Person bought a Spring roll with sauce with topping for 3.5
Business Person bought a Egg roll for 3.12
Business Person bought a Egg roll with sauce with sauce with topping for 6.12
Business Person bought a Pastry roll with sauce with topping for 2.99
Business Person bought a Pastry roll with sauce with sauce for 2.99
Business Person bought a Sausage roll with sauce with topping for 4.5
Business Person bought a Sausage roll for 2.5
Business Person bought a Jelly roll with sauce with sauce for 3.0
Business Person bought a Jelly roll with sauce for 2.0
Casual Person bought a Sausage roll with sauce for 3.5
Casual Person bought a Pastry roll with sauce for 1.99
Casual Person bought a Spring roll with sauce with topping for 3.5
Casual Person bought a Spring roll with sauce with sauce for 3.5
Casual Person bought a Jelly roll with topping for 2.0
Catering Customer bought a Egg roll with sauce with sauce for 5.12
Catering Customer bought a Egg roll for 3.12
Catering Customer bought a Egg roll with sauce with topping for 5.12
Catering Customer bought a Egg roll with sauce with sauce with topping for 6.12
Catering Customer bought a Egg roll with sauce for 4.12
Catering Customer bought a Jelly roll with sauce for 2.0
Catering Customer bought a Jelly roll with sauce with topping for 3.0
Catering Customer bought a Jelly roll with sauce with sauce with topping for 4.0
Catering Customer bought a Jelly roll with topping for 2.0
Catering Customer bought a Jelly roll with sauce with sauce for 3.0
Catering Customer bought a Spring roll with sauce with topping for 3.5
Catering Customer bought a Spring roll with topping for 2.5
Catering Customer bought a Spring roll with sauce for 2.5
Catering Customer bought a Spring roll for 1.5
Catering Customer bought a Spring roll with sauce for 2.5
Catering Customer bought a Jelly roll with sauce with sauce for 3.0
Catering Customer bought a Jelly roll with sauce with sauce for 3.0
Catering Customer bought a Jelly roll with sauce with sauce for 3.0
Catering Customer bought a Jelly roll with topping for 2.0
Catering Customer bought a Jelly roll for 1.0
Catering Customer bought a Sausage roll with topping for 3.5
Catering Customer bought a Sausage roll with sauce with sauce for 4.5
Catering Customer bought a Sausage roll with sauce with topping for 4.5
Catering Customer bought a Sausage roll with sauce with topping for 4.5
Catering Customer bought a Sausage roll with sauce with topping for 4.5
Catering Customer bought a Pastry roll with sauce for 1.99
Catering Customer bought a Pastry roll with sauce with sauce with topping for 3.99
Catering Customer bought a Pastry roll for 0.99
Catering Customer bought a Pastry roll with sauce with sauce for 2.99
Catering Customer bought a Pastry roll with sauce for 1.99
Business Person bought a Spring roll for 1.5
Business Person bought a Spring roll with sauce with topping for 3.5
Business Person bought a Egg roll with sauce with sauce for 5.12
Business Person bought a Egg roll for 3.12
Business Person bought a Pastry roll with sauce with sauce with topping for 3.99
Business Person bought a Pastry roll with sauce with sauce with topping for 3.99
Business Person bought a Sausage roll with topping for 3.5
Business Person bought a Sausage roll with sauce for 3.5
Business Person bought a Jelly roll with sauce with topping for 3.0
Business Person bought a Jelly roll with sauce for 2.0
Casual Person bought a Jelly roll with sauce with topping for 3.0
Casual Person bought a Jelly roll with sauce with sauce with topping for 4.0
number of receipts is 8
25 Springroll remaining.
29 Eggroll remaining.
29 Pastryroll remaining.
32 Sausageroll remaining.
23 Jellyroll remaining.
8.0 total daily sales for 194.10000000000008 dollars
Catering Customer customer type purchased 50.55 dollars worth of rolls.
Casual Person customer type purchased 15.11 dollars worth of rolls.
Business Person customer type purchased 36.44 dollars worth of rolls.
sold 12 of Springroll
sold 10 of Eggroll
sold 10 of Pastryroll
sold 10 of Sausageroll
sold 18 of Jellyroll
Start of day number 5
25 Springroll remaining.
29 Eggroll remaining.
29 Pastryroll remaining.
32 Sausageroll remaining.
23 Jellyroll remaining.
Casual Person bought a Sausage roll with sauce for 3.5
Casual Person bought a Jelly roll with sauce with topping for 3.0
Casual Person bought a Pastry roll for 0.99
Casual Person bought a Sausage roll with sauce for 3.5
Casual Person bought a Egg roll with topping for 4.12
Casual Person bought a Spring roll with sauce for 2.5
Business Person bought a Spring roll with sauce with sauce for 3.5
Business Person bought a Spring roll for 1.5
Business Person bought a Egg roll with sauce with topping for 5.12
Business Person bought a Egg roll with sauce with sauce for 5.12
Business Person bought a Pastry roll with sauce with topping for 2.99
Business Person bought a Pastry roll with sauce for 1.99
Business Person bought a Sausage roll with sauce for 3.5
Business Person bought a Sausage roll with topping for 3.5
Business Person bought a Jelly roll for 1.0
Business Person bought a Jelly roll with sauce with sauce with topping for 4.0
number of receipts is 4
22 Springroll remaining.
26 Eggroll remaining.
26 Pastryroll remaining.
28 Sausageroll remaining.
20 Jellyroll remaining.
4.0 total daily sales for 49.830000000000005 dollars
Casual Person customer type purchased 11.61 dollars worth of rolls.
Business Person customer type purchased 18.22 dollars worth of rolls.
sold 3 of Springroll
sold 3 of Eggroll
sold 3 of Pastryroll
sold 4 of Sausageroll
sold 3 of Jellyroll
Start of day number 6
22 Springroll remaining.
26 Eggroll remaining.
26 Pastryroll remaining.
28 Sausageroll remaining.
20 Jellyroll remaining.
Casual Person bought a Sausage roll with topping for 3.5
Casual Person bought a Egg roll with sauce with sauce for 5.12
Casual Person bought a Pastry roll with sauce for 1.99
Casual Person bought a Jelly roll for 1.0
Casual Person bought a Sausage roll with sauce with sauce for 4.5
Casual Person bought a Pastry roll with sauce with sauce with topping for 3.99
Casual Person bought a Spring roll with sauce with topping for 3.5
Casual Person bought a Egg roll with sauce with topping for 5.12
Casual Person bought a Pastry roll for 0.99
Business Person bought a Spring roll for 1.5
Business Person bought a Spring roll with sauce for 2.5
Business Person bought a Egg roll with sauce for 4.12
Business Person bought a Egg roll with sauce with topping for 5.12
Business Person bought a Pastry roll with sauce with sauce with topping for 3.99
Business Person bought a Pastry roll with topping for 1.99
Business Person bought a Sausage roll with sauce with sauce with topping for 5.5
Business Person bought a Sausage roll with sauce with topping for 4.5
Business Person bought a Jelly roll with sauce for 2.0
Business Person bought a Jelly roll with sauce for 2.0
number of receipts is 5
19 Springroll remaining.
22 Eggroll remaining.
21 Pastryroll remaining.
24 Sausageroll remaining.
17 Jellyroll remaining.
5.0 total daily sales for 62.93 dollars
Casual Person customer type purchased 16.71 dollars worth of rolls.
Business Person customer type purchased 18.22 dollars worth of rolls.
sold 3 of Springroll
sold 4 of Eggroll
sold 5 of Pastryroll
sold 4 of Sausageroll
sold 3 of Jellyroll
Start of day number 7
19 Springroll remaining.
22 Eggroll remaining.
21 Pastryroll remaining.
24 Sausageroll remaining.
17 Jellyroll remaining.
Business Person bought a Spring roll with sauce with sauce for 3.5
Business Person bought a Spring roll with sauce for 2.5
Business Person bought a Egg roll with sauce with topping for 5.12
Business Person bought a Egg roll with sauce with sauce with topping for 6.12
Business Person bought a Pastry roll with sauce with topping for 2.99
Business Person bought a Pastry roll with sauce for 1.99
Business Person bought a Sausage roll for 2.5
Business Person bought a Sausage roll for 2.5
Business Person bought a Jelly roll with topping for 2.0
Business Person bought a Jelly roll for 1.0
Casual Person bought a Sausage roll with sauce with sauce for 4.5
Casual Person bought a Pastry roll with sauce for 1.99
Casual Person bought a Sausage roll with sauce with topping for 4.5
Casual Person bought a Jelly roll with sauce with topping for 3.0
Catering Customer bought a Egg roll with sauce with topping for 5.12
Catering Customer bought a Egg roll with sauce with sauce with topping for 6.12
Catering Customer bought a Egg roll with sauce for 4.12
Catering Customer bought a Egg roll for 3.12
Catering Customer bought a Egg roll with sauce with sauce with topping for 6.12
Catering Customer bought a Jelly roll with sauce with sauce for 3.0
Catering Customer bought a Jelly roll with topping for 2.0
Catering Customer bought a Jelly roll with topping for 2.0
Catering Customer bought a Jelly roll with sauce with sauce for 3.0
Catering Customer bought a Jelly roll with sauce with topping for 3.0
Catering Customer bought a Spring roll with sauce with topping for 3.5
Catering Customer bought a Spring roll with sauce with sauce with topping for 4.5
Catering Customer bought a Spring roll with sauce with topping for 3.5
Catering Customer bought a Spring roll with topping for 2.5
Catering Customer bought a Spring roll with sauce for 2.5
Casual Person bought a Pastry roll for 0.99
Casual Person bought a Jelly roll with sauce with sauce for 3.0
Casual Person bought a Egg roll with sauce with sauce with topping for 6.12
Casual Person bought a Pastry roll for 0.99
Casual Person bought a Sausage roll with sauce for 3.5
Casual Person bought a Pastry roll with topping for 1.99
Casual Person bought a Spring roll for 1.5
Business Person bought a Spring roll with sauce with sauce with topping for 4.5
Business Person bought a Spring roll for 1.5
Business Person bought a Egg roll with sauce for 4.12
Business Person bought a Egg roll with topping for 4.12
Business Person bought a Pastry roll with sauce for 1.99
Business Person bought a Pastry roll with sauce with sauce for 2.99
Business Person bought a Sausage roll for 2.5
Business Person bought a Sausage roll with sauce for 3.5
Business Person bought a Jelly roll for 1.0
Business Person bought a Jelly roll with sauce with sauce with topping for 4.0
Catering Customer bought a Pastry roll with sauce for 1.99
Catering Customer bought a Pastry roll for 0.99
Catering Customer bought a Pastry roll with topping for 1.99
Catering Customer bought a Pastry roll with sauce for 1.99
Catering Customer bought a Pastry roll with sauce with sauce for 2.99
Catering Customer bought a Egg roll for 3.12
Catering Customer bought a Egg roll with sauce with topping for 5.12
Catering Customer bought a Egg roll for 3.12
Catering Customer bought a Egg roll for 3.12
Catering Customer bought a Egg roll with sauce with sauce for 5.12
Catering Customer bought a Spring roll with sauce with sauce with topping for 4.5
Catering Customer bought a Spring roll with sauce for 2.5
Catering Customer bought a Spring roll with topping for 2.5
Catering Customer bought a Spring roll with sauce with sauce for 3.5
Catering Customer bought a Spring roll with sauce with sauce for 3.5
number of receipts is 9
4 Springroll remaining.
7 Eggroll remaining.
8 Pastryroll remaining.
17 Sausageroll remaining.
6 Jellyroll remaining.
9.0 total daily sales for 192.67000000000007 dollars
Catering Customer customer type purchased 56.150000000000006 dollars worth of rolls.
Casual Person customer type purchased 18.08 dollars worth of rolls.
Business Person customer type purchased 36.44 dollars worth of rolls.
sold 15 of Springroll
sold 15 of Eggroll
sold 13 of Pastryroll
sold 7 of Sausageroll
sold 11 of Jellyroll
Start of day number 8
4 Springroll remaining.
7 Eggroll remaining.
8 Pastryroll remaining.
17 Sausageroll remaining.
6 Jellyroll remaining.
Casual Person bought a Sausage roll with topping for 3.5
Casual Person bought a Jelly roll for 1.0
Casual Person bought a Spring roll with sauce with sauce with topping for 4.5
Casual Person bought a Egg roll with sauce with topping for 5.12
Casual Person bought a Egg roll with sauce with sauce with topping for 6.12
Casual Person bought a Egg roll with topping for 4.12
Casual Person bought a Jelly roll with topping for 2.0
Casual Person bought a Egg roll with sauce for 4.12
Casual Person bought a Spring roll with topping for 2.5
Casual Person bought a Spring roll with sauce with topping for 3.5
Casual Person bought a Pastry roll with sauce with topping for 2.99
Casual Person bought a Pastry roll with sauce with sauce for 2.99
Casual Person bought a Sausage roll with sauce with sauce with topping for 5.5
number of receipts is 5
1 Springroll remaining.
3 Eggroll remaining.
6 Pastryroll remaining.
15 Sausageroll remaining.
4 Jellyroll remaining.
5.0 total daily sales for 47.96000000000001 dollars
Casual Person customer type purchased 25.96 dollars worth of rolls.
sold 3 of Springroll
sold 4 of Eggroll
sold 2 of Pastryroll
sold 2 of Sausageroll
sold 2 of Jellyroll
Start of day number 9
1 Springroll remaining.
3 Eggroll remaining.
6 Pastryroll remaining.
15 Sausageroll remaining.
4 Jellyroll remaining.
Casual Person bought a Sausage roll with sauce with topping for 4.5
Casual Person bought a Spring roll with sauce with sauce with topping for 4.5
Casual Person bought a Jelly roll with topping for 2.0
Casual Person bought a Pastry roll with sauce with topping for 2.99
Casual Person bought a Egg roll with sauce for 4.12
Casual Person bought a Egg roll with sauce with sauce with topping for 6.12
Casual Person bought a Jelly roll with sauce for 2.0
Casual Person bought a Jelly roll with sauce for 2.0
Casual Person bought a Pastry roll with topping for 1.99
Casual Person bought a Pastry roll with topping for 1.99
Casual Person bought a Jelly roll with sauce for 2.0
ran out of Eggroll
ran out of Eggroll
ran out of Eggroll
ran out of Eggroll
ran out of Jellyroll
ran out of Jellyroll
ran out of Jellyroll
ran out of Jellyroll
ran out of Jellyroll
ran out of Springroll
ran out of Springroll
ran out of Springroll
ran out of Springroll
ran out of Springroll
Catering Customer bought a Egg roll with sauce with sauce for 5.12
ran out of Jellyroll
ran out of Jellyroll
ran out of Jellyroll
ran out of Jellyroll
ran out of Jellyroll
ran out of Springroll
ran out of Springroll
ran out of Springroll
ran out of Springroll
ran out of Springroll
ran out of Pastryroll
ran out of Pastryroll
Catering Customer bought a Pastry roll with sauce for 1.99
Catering Customer bought a Pastry roll with topping for 1.99
Catering Customer bought a Pastry roll with sauce with sauce for 2.99
ran out of Eggroll
ran out of Pastryroll
Casual Person didn't buy anything.
ran out of Pastryroll
ran out of Pastryroll
Casual Person didn't buy anything.
ran out of Eggroll
ran out of Springroll
Casual Person didn't buy anything.
ran out of Eggroll
ran out of Springroll
Casual Person didn't buy anything.
number of receipts is 11
0 Springroll remaining.
0 Eggroll remaining.
0 Pastryroll remaining.
14 Sausageroll remaining.
0 Jellyroll remaining.
7.0 total daily sales for 46.300000000000004 dollars
Catering Customer customer type purchased 6.09 dollars worth of rolls.
Casual Person customer type purchased 17.21 dollars worth of rolls.
sold 1 of Springroll
sold 3 of Eggroll
sold 6 of Pastryroll
sold 1 of Sausageroll
sold 4 of Jellyroll
Start of day number 10
45 Springroll remaining.
45 Eggroll remaining.
45 Pastryroll remaining.
14 Sausageroll remaining.
45 Jellyroll remaining.
Casual Person bought a Jelly roll with sauce with sauce with topping for 4.0
Casual Person bought a Pastry roll with sauce with sauce with topping for 3.99
Casual Person bought a Sausage roll with sauce with topping for 4.5
Casual Person bought a Jelly roll with sauce with sauce with topping for 4.0
Casual Person bought a Sausage roll for 2.5
Casual Person bought a Spring roll with sauce with sauce with topping for 4.5
Casual Person bought a Sausage roll with sauce with sauce for 4.5
Casual Person bought a Pastry roll for 0.99
Casual Person bought a Pastry roll with sauce with sauce for 2.99
Casual Person bought a Pastry roll with sauce for 1.99
Casual Person bought a Egg roll with sauce with topping for 5.12
Casual Person bought a Pastry roll with topping for 1.99
Casual Person bought a Pastry roll with sauce for 1.99
Casual Person bought a Egg roll with sauce for 4.12
Casual Person bought a Spring roll with sauce with topping for 3.5
Casual Person bought a Pastry roll with sauce with sauce with topping for 3.99
Casual Person bought a Pastry roll with sauce with sauce for 2.99
Casual Person bought a Pastry roll with sauce for 1.99
Casual Person bought a Pastry roll with sauce with topping for 2.99
Casual Person bought a Spring roll with sauce with topping for 3.5
Catering Customer bought a Spring roll for 1.5
Catering Customer bought a Spring roll for 1.5
Catering Customer bought a Spring roll with sauce with sauce for 3.5
Catering Customer bought a Spring roll with topping for 2.5
Catering Customer bought a Spring roll with topping for 2.5
Catering Customer bought a Egg roll with topping for 4.12
Catering Customer bought a Egg roll with topping for 4.12
Catering Customer bought a Egg roll with sauce with sauce with topping for 6.12
Catering Customer bought a Egg roll with topping for 4.12
Catering Customer bought a Egg roll with topping for 4.12
Catering Customer bought a Jelly roll with sauce with sauce with topping for 4.0
Catering Customer bought a Jelly roll with sauce for 2.0
Catering Customer bought a Jelly roll with sauce with sauce for 3.0
Catering Customer bought a Jelly roll with sauce with sauce with topping for 4.0
Catering Customer bought a Jelly roll with sauce with sauce with topping for 4.0
Casual Person bought a Spring roll with topping for 2.5
Casual Person bought a Jelly roll with sauce for 2.0
Casual Person bought a Pastry roll with topping for 1.99
Casual Person bought a Egg roll with sauce with sauce with topping for 6.12
Casual Person bought a Pastry roll for 0.99
Casual Person bought a Egg roll with sauce for 4.12
Casual Person bought a Jelly roll with sauce with topping for 3.0
Casual Person bought a Jelly roll with topping for 2.0
number of receipts is 12
36 Springroll remaining.
36 Eggroll remaining.
33 Pastryroll remaining.
11 Sausageroll remaining.
35 Jellyroll remaining.
12.0 total daily sales for 139.96000000000004 dollars
Catering Customer customer type purchased 28.100000000000005 dollars worth of rolls.
Casual Person customer type purchased 42.86 dollars worth of rolls.
sold 9 of Springroll
sold 9 of Eggroll
sold 12 of Pastryroll
sold 3 of Sausageroll
sold 10 of Jellyroll
Start of day number 11
36 Springroll remaining.
36 Eggroll remaining.
33 Pastryroll remaining.
11 Sausageroll remaining.
35 Jellyroll remaining.
Casual Person bought a Sausage roll with sauce with topping for 4.5
Casual Person bought a Pastry roll with sauce for 1.99
Casual Person bought a Jelly roll with sauce for 2.0
Casual Person bought a Pastry roll with topping for 1.99
Casual Person bought a Jelly roll with sauce with sauce with topping for 4.0
Casual Person bought a Sausage roll with topping for 3.5
Casual Person bought a Egg roll with sauce with sauce for 5.12
Casual Person bought a Sausage roll for 2.5
Casual Person bought a Pastry roll for 0.99
Casual Person bought a Spring roll with topping for 2.5
Casual Person bought a Egg roll for 3.12
Casual Person bought a Spring roll with sauce with sauce with topping for 4.5
Casual Person bought a Sausage roll with sauce for 3.5
Casual Person bought a Sausage roll with sauce with sauce with topping for 5.5
Business Person bought a Spring roll with topping for 2.5
Business Person bought a Spring roll with sauce with sauce for 3.5
Business Person bought a Egg roll with sauce with sauce with topping for 6.12
Business Person bought a Egg roll with sauce for 4.12
Business Person bought a Pastry roll with sauce for 1.99
Business Person bought a Pastry roll with sauce with topping for 2.99
Business Person bought a Sausage roll for 2.5
Business Person bought a Sausage roll with topping for 3.5
Business Person bought a Jelly roll for 1.0
Business Person bought a Jelly roll for 1.0
Business Person bought a Spring roll for 1.5
Business Person bought a Spring roll with topping for 2.5
Business Person bought a Egg roll with sauce with topping for 5.12
Business Person bought a Egg roll with sauce with sauce with topping for 6.12
Business Person bought a Pastry roll with sauce with sauce with topping for 3.99
Business Person bought a Pastry roll with topping for 1.99
Business Person bought a Sausage roll with topping for 3.5
Business Person bought a Sausage roll with sauce for 3.5
Business Person bought a Jelly roll with sauce with topping for 3.0
Business Person bought a Jelly roll with sauce for 2.0
Casual Person bought a Sausage roll with sauce with sauce for 4.5
Casual Person bought a Jelly roll with sauce with sauce with topping for 4.0
Casual Person bought a Pastry roll for 0.99
Casual Person bought a Spring roll for 1.5
Casual Person bought a Jelly roll with sauce for 2.0
number of receipts is 9
29 Springroll remaining.
30 Eggroll remaining.
25 Pastryroll remaining.
1 Sausageroll remaining.
27 Jellyroll remaining.
9.0 total daily sales for 121.13999999999999 dollars
Casual Person customer type purchased 33.7 dollars worth of rolls.
Business Person customer type purchased 36.44 dollars worth of rolls.
sold 7 of Springroll
sold 6 of Eggroll
sold 8 of Pastryroll
sold 10 of Sausageroll
sold 8 of Jellyroll
Start of day number 12
29 Springroll remaining.
30 Eggroll remaining.
25 Pastryroll remaining.
1 Sausageroll remaining.
27 Jellyroll remaining.
ran out of Sausageroll
Business Person didn't buy anything.
number of receipts is 1
29 Springroll remaining.
30 Eggroll remaining.
25 Pastryroll remaining.
1 Sausageroll remaining.
27 Jellyroll remaining.
0.0 total daily sales for 0.0 dollars
Business Person customer type affected by 1 outages.
Business Person customer type purchased 0.0 dollars worth of rolls.
sold 0 of Springroll
sold 0 of Eggroll
sold 0 of Pastryroll
sold 0 of Sausageroll
sold 0 of Jellyroll
Start of day number 13
29 Springroll remaining.
30 Eggroll remaining.
25 Pastryroll remaining.
1 Sausageroll remaining.
27 Jellyroll remaining.
ran out of Sausageroll
Business Person didn't buy anything.
Casual Person bought a Spring roll with sauce for 2.5
Casual Person bought a Egg roll with sauce with sauce for 5.12
Casual Person bought a Sausage roll with sauce with sauce for 4.5
Casual Person bought a Egg roll with sauce with topping for 5.12
Casual Person bought a Jelly roll with sauce with topping for 3.0
Casual Person bought a Jelly roll with sauce for 2.0
Casual Person bought a Spring roll for 1.5
Casual Person bought a Spring roll for 1.5
ran out of Sausageroll
ran out of Sausageroll
Business Person didn't buy anything.
ran out of Sausageroll
Casual Person bought a Jelly roll with sauce for 2.0
Casual Person bought a Pastry roll with sauce for 1.99
ran out of Sausageroll
Casual Person bought a Spring roll with sauce with sauce with topping for 4.5
Casual Person bought a Jelly roll with sauce with topping for 3.0
Casual Person bought a Jelly roll with topping for 2.0
Casual Person bought a Egg roll with sauce with sauce with topping for 6.12
Casual Person bought a Jelly roll with sauce with sauce with topping for 4.0
number of receipts is 8
25 Springroll remaining.
27 Eggroll remaining.
24 Pastryroll remaining.
0 Sausageroll remaining.
21 Jellyroll remaining.
6.0 total daily sales for 48.85 dollars
Business Person customer type affected by 2 outages.
Casual Person customer type purchased 24.85 dollars worth of rolls.
Business Person customer type purchased 0.0 dollars worth of rolls.
sold 4 of Springroll
sold 3 of Eggroll
sold 1 of Pastryroll
sold 1 of Sausageroll
sold 6 of Jellyroll
Start of day number 14
25 Springroll remaining.
27 Eggroll remaining.
24 Pastryroll remaining.
45 Sausageroll remaining.
21 Jellyroll remaining.
Business Person bought a Spring roll with sauce with sauce for 3.5
Business Person bought a Spring roll with sauce for 2.5
Business Person bought a Egg roll with sauce with sauce for 5.12
Business Person bought a Egg roll for 3.12
Business Person bought a Pastry roll with sauce with topping for 2.99
Business Person bought a Pastry roll with topping for 1.99
Business Person bought a Sausage roll with sauce with sauce with topping for 5.5
Business Person bought a Sausage roll for 2.5
Business Person bought a Jelly roll with sauce with topping for 3.0
Business Person bought a Jelly roll with sauce with sauce with topping for 4.0
Catering Customer bought a Pastry roll with sauce with topping for 2.99
Catering Customer bought a Pastry roll with sauce with sauce for 2.99
Catering Customer bought a Pastry roll for 0.99
Catering Customer bought a Pastry roll with topping for 1.99
Catering Customer bought a Pastry roll with sauce with sauce with topping for 3.99
Catering Customer bought a Jelly roll with sauce with topping for 3.0
Catering Customer bought a Jelly roll with sauce with sauce with topping for 4.0
Catering Customer bought a Jelly roll with sauce with sauce for 3.0
Catering Customer bought a Jelly roll with sauce for 2.0
Catering Customer bought a Jelly roll with sauce with topping for 3.0
Catering Customer bought a Sausage roll with sauce with sauce for 4.5
Catering Customer bought a Sausage roll for 2.5
Catering Customer bought a Sausage roll for 2.5
Catering Customer bought a Sausage roll with topping for 3.5
Catering Customer bought a Sausage roll with sauce with sauce with topping for 5.5
Business Person bought a Spring roll for 1.5
Business Person bought a Spring roll with sauce with sauce with topping for 4.5
Business Person bought a Egg roll with sauce with topping for 5.12
Business Person bought a Egg roll with sauce with topping for 5.12
Business Person bought a Pastry roll with sauce with sauce for 2.99
Business Person bought a Pastry roll for 0.99
Business Person bought a Sausage roll for 2.5
Business Person bought a Sausage roll with sauce with sauce for 4.5
Business Person bought a Jelly roll with sauce for 2.0
Business Person bought a Jelly roll with sauce for 2.0
number of receipts is 3
21 Springroll remaining.
23 Eggroll remaining.
15 Pastryroll remaining.
36 Sausageroll remaining.
12 Jellyroll remaining.
3.0 total daily sales for 111.89000000000001 dollars
Catering Customer customer type purchased 22.45 dollars worth of rolls.
Business Person customer type purchased 36.44 dollars worth of rolls.
sold 4 of Springroll
sold 4 of Eggroll
sold 9 of Pastryroll
sold 9 of Sausageroll
sold 9 of Jellyroll
Start of day number 15
21 Springroll remaining.
23 Eggroll remaining.
15 Pastryroll remaining.
36 Sausageroll remaining.
12 Jellyroll remaining.
Casual Person bought a Pastry roll with sauce with topping for 2.99
Casual Person bought a Sausage roll with sauce with topping for 4.5
Casual Person bought a Sausage roll with sauce for 3.5
Casual Person bought a Sausage roll with sauce for 3.5
Casual Person bought a Pastry roll with sauce with sauce for 2.99
Casual Person bought a Sausage roll with sauce with topping for 4.5
Casual Person bought a Jelly roll with sauce with sauce with topping for 4.0
Casual Person bought a Spring roll with sauce with sauce for 3.5
Casual Person bought a Egg roll with sauce with topping for 5.12
Casual Person bought a Spring roll with sauce with topping for 3.5
Casual Person bought a Pastry roll with sauce with sauce for 2.99
Casual Person bought a Sausage roll with sauce with sauce for 4.5
Casual Person bought a Sausage roll for 2.5
Casual Person bought a Sausage roll with sauce with sauce with topping for 5.5
Casual Person bought a Spring roll with sauce with topping for 3.5
Casual Person bought a Egg roll with sauce for 4.12
number of receipts is 7
18 Springroll remaining.
21 Eggroll remaining.
12 Pastryroll remaining.
29 Sausageroll remaining.
11 Jellyroll remaining.
7.0 total daily sales for 61.21 dollars
Casual Person customer type purchased 32.21 dollars worth of rolls.
sold 3 of Springroll
sold 2 of Eggroll
sold 3 of Pastryroll
sold 7 of Sausageroll
sold 1 of Jellyroll
Start of day number 16
18 Springroll remaining.
21 Eggroll remaining.
12 Pastryroll remaining.
29 Sausageroll remaining.
11 Jellyroll remaining.
Casual Person bought a Sausage roll with sauce with topping for 4.5
Casual Person bought a Jelly roll with sauce with topping for 3.0
Casual Person bought a Egg roll with sauce with sauce with topping for 6.12
Business Person bought a Spring roll with sauce with sauce with topping for 4.5
Business Person bought a Spring roll with sauce with topping for 3.5
Business Person bought a Egg roll with sauce with topping for 5.12
Business Person bought a Egg roll with topping for 4.12
Business Person bought a Pastry roll for 0.99
Business Person bought a Pastry roll with sauce for 1.99
Business Person bought a Sausage roll with sauce for 3.5
Business Person bought a Sausage roll with topping for 3.5
Business Person bought a Jelly roll with sauce with sauce for 3.0
Business Person bought a Jelly roll with sauce with sauce for 3.0
Casual Person bought a Egg roll with topping for 4.12
Casual Person bought a Jelly roll with sauce with sauce for 3.0
Casual Person bought a Pastry roll with sauce with topping for 2.99
Casual Person bought a Jelly roll with sauce with sauce for 3.0
Casual Person bought a Spring roll with sauce with topping for 3.5
Casual Person bought a Spring roll with topping for 2.5
Casual Person bought a Spring roll with sauce with topping for 3.5
Casual Person bought a Jelly roll with sauce for 2.0
Casual Person bought a Egg roll with sauce with sauce for 5.12
Casual Person bought a Egg roll with sauce with sauce with topping for 6.12
Casual Person bought a Spring roll with sauce with topping for 3.5
Casual Person bought a Sausage roll with sauce with topping for 4.5
Casual Person bought a Spring roll with sauce for 2.5
Casual Person bought a Sausage roll with sauce with topping for 4.5
Casual Person bought a Jelly roll for 1.0
ran out of Jellyroll
Catering Customer bought a Egg roll with topping for 4.12
Catering Customer bought a Egg roll with sauce with sauce with topping for 6.12
Catering Customer bought a Egg roll with sauce with topping for 5.12
Catering Customer bought a Egg roll with sauce for 4.12
Catering Customer bought a Egg roll for 3.12
Catering Customer bought a Jelly roll with sauce with sauce with topping for 4.0
Catering Customer bought a Jelly roll with sauce with sauce with topping for 4.0
Catering Customer bought a Jelly roll with sauce for 2.0
Catering Customer bought a Jelly roll with sauce with sauce with topping for 4.0
Catering Customer bought a Spring roll with topping for 2.5
Catering Customer bought a Spring roll with topping for 2.5
Catering Customer bought a Spring roll with sauce with sauce with topping for 4.5
Catering Customer bought a Spring roll with sauce with sauce with topping for 4.5
Catering Customer bought a Spring roll with sauce with sauce for 3.5
Casual Person bought a Sausage roll with sauce with sauce with topping for 5.5
Casual Person bought a Egg roll with sauce with sauce for 5.12
Casual Person bought a Sausage roll for 2.5
number of receipts is 10
6 Springroll remaining.
9 Eggroll remaining.
9 Pastryroll remaining.
22 Sausageroll remaining.
0 Jellyroll remaining.
10.0 total daily sales for 165.91000000000003 dollars
Catering Customer customer type purchased 27.1 dollars worth of rolls.
Casual Person customer type purchased 41.59 dollars worth of rolls.
Business Person customer type purchased 18.22 dollars worth of rolls.
sold 12 of Springroll
sold 12 of Eggroll
sold 3 of Pastryroll
sold 7 of Sausageroll
sold 11 of Jellyroll
Start of day number 17
6 Springroll remaining.
9 Eggroll remaining.
9 Pastryroll remaining.
22 Sausageroll remaining.
45 Jellyroll remaining.
Casual Person bought a Sausage roll with sauce for 3.5
Casual Person bought a Spring roll with sauce with sauce for 3.5
Casual Person bought a Egg roll with sauce with sauce with topping for 6.12
Casual Person bought a Pastry roll with topping for 1.99
Casual Person bought a Egg roll with sauce with sauce with topping for 6.12
Casual Person bought a Jelly roll with sauce for 2.0
Casual Person bought a Egg roll with sauce with sauce for 5.12
Casual Person bought a Spring roll for 1.5
Casual Person bought a Egg roll with topping for 4.12
Casual Person bought a Sausage roll with sauce with sauce for 4.5
Casual Person bought a Sausage roll with sauce with sauce with topping for 5.5
Casual Person bought a Spring roll with sauce with sauce for 3.5
Casual Person bought a Pastry roll with topping for 1.99
Casual Person bought a Sausage roll with sauce with sauce with topping for 5.5
Casual Person bought a Sausage roll with sauce for 3.5
Casual Person bought a Spring roll with sauce for 2.5
Casual Person bought a Pastry roll with sauce for 1.99
Catering Customer bought a Egg roll with topping for 4.12
Catering Customer bought a Egg roll for 3.12
Catering Customer bought a Egg roll for 3.12
Catering Customer bought a Egg roll with sauce with sauce with topping for 6.12
Catering Customer bought a Egg roll with sauce for 4.12
Catering Customer bought a Pastry roll with sauce for 1.99
Catering Customer bought a Pastry roll for 0.99
Catering Customer bought a Pastry roll with sauce for 1.99
Catering Customer bought a Pastry roll with sauce with sauce with topping for 3.99
Catering Customer bought a Pastry roll with sauce with sauce with topping for 3.99
Catering Customer bought a Jelly roll for 1.0
Catering Customer bought a Jelly roll with sauce with topping for 3.0
Catering Customer bought a Jelly roll with sauce with topping for 3.0
Catering Customer bought a Jelly roll with sauce with sauce for 3.0
Catering Customer bought a Jelly roll with topping for 2.0
Casual Person bought a Jelly roll with topping for 2.0
Casual Person bought a Sausage roll with sauce with sauce for 4.5
ran out of Eggroll
ran out of Eggroll
Casual Person bought a Sausage roll for 2.5
ran out of Eggroll
ran out of Eggroll
ran out of Pastryroll
Business Person didn't buy anything.
number of receipts is 10
2 Springroll remaining.
0 Eggroll remaining.
1 Pastryroll remaining.
15 Sausageroll remaining.
38 Jellyroll remaining.
9.0 total daily sales for 117.5 dollars
Business Person customer type affected by 1 outages.
Catering Customer customer type purchased 25.549999999999994 dollars worth of rolls.
Casual Person customer type purchased 40.95 dollars worth of rolls.
Business Person customer type purchased 0.0 dollars worth of rolls.
sold 4 of Springroll
sold 9 of Eggroll
sold 8 of Pastryroll
sold 7 of Sausageroll
sold 7 of Jellyroll
Start of day number 18
2 Springroll remaining.
45 Eggroll remaining.
1 Pastryroll remaining.
15 Sausageroll remaining.
38 Jellyroll remaining.
Casual Person bought a Pastry roll with sauce for 1.99
Casual Person bought a Sausage roll with topping for 3.5
Casual Person bought a Sausage roll with sauce with topping for 4.5
Casual Person bought a Egg roll with sauce with topping for 5.12
ran out of Pastryroll
ran out of Pastryroll
Casual Person didn't buy anything.
Casual Person bought a Spring roll with topping for 2.5
Casual Person bought a Jelly roll with sauce with topping for 3.0
Casual Person bought a Egg roll with sauce for 4.12
ran out of Pastryroll
ran out of Pastryroll
ran out of Pastryroll
ran out of Pastryroll
ran out of Pastryroll
ran out of Springroll
ran out of Springroll
ran out of Springroll
ran out of Springroll
Catering Customer bought a Spring roll with sauce with topping for 3.5
Catering Customer bought a Egg roll with sauce with sauce for 5.12
Catering Customer bought a Egg roll for 3.12
Catering Customer bought a Egg roll with topping for 4.12
Catering Customer bought a Egg roll with sauce with topping for 5.12
Catering Customer bought a Egg roll with sauce with topping for 5.12
ran out of Pastryroll
ran out of Pastryroll
Casual Person didn't buy anything.
ran out of Pastryroll
Casual Person bought a Jelly roll with sauce with topping for 3.0
ran out of Pastryroll
Casual Person bought a Jelly roll with topping for 2.0
ran out of Springroll
ran out of Springroll
ran out of Pastryroll
ran out of Pastryroll
Business Person didn't buy anything.
ran out of Springroll
ran out of Springroll
ran out of Pastryroll
ran out of Pastryroll
Business Person didn't buy anything.
ran out of Pastryroll
Casual Person bought a Egg roll with topping for 4.12
Casual Person bought a Sausage roll with sauce with sauce with topping for 5.5
ran out of Springroll
Casual Person bought a Sausage roll with sauce with sauce for 4.5
number of receipts is 12
0 Springroll remaining.
37 Eggroll remaining.
0 Pastryroll remaining.
11 Sausageroll remaining.
35 Jellyroll remaining.
8.0 total daily sales for 69.94999999999999 dollars
Business Person customer type affected by 2 outages.
Catering Customer customer type purchased 17.1 dollars worth of rolls.
Casual Person customer type purchased 24.85 dollars worth of rolls.
Business Person customer type purchased 0.0 dollars worth of rolls.
sold 2 of Springroll
sold 8 of Eggroll
sold 1 of Pastryroll
sold 4 of Sausageroll
sold 3 of Jellyroll
Start of day number 19
45 Springroll remaining.
37 Eggroll remaining.
45 Pastryroll remaining.
11 Sausageroll remaining.
35 Jellyroll remaining.
Casual Person bought a Egg roll with sauce with topping for 5.12
Casual Person bought a Pastry roll with sauce with sauce with topping for 3.99
Casual Person bought a Pastry roll for 0.99
Casual Person bought a Pastry roll with topping for 1.99
Casual Person bought a Pastry roll with sauce with sauce for 2.99
Casual Person bought a Sausage roll for 2.5
Casual Person bought a Sausage roll for 2.5
Casual Person bought a Sausage roll with sauce with topping for 4.5
Casual Person bought a Jelly roll with sauce with sauce for 3.0
Casual Person bought a Spring roll with sauce with topping for 3.5
Catering Customer bought a Pastry roll with sauce with topping for 2.99
Catering Customer bought a Pastry roll with sauce with sauce for 2.99
Catering Customer bought a Pastry roll with topping for 1.99
Catering Customer bought a Pastry roll with topping for 1.99
Catering Customer bought a Pastry roll with sauce with sauce with topping for 3.99
Catering Customer bought a Sausage roll for 2.5
Catering Customer bought a Sausage roll with sauce with sauce with topping for 5.5
Catering Customer bought a Sausage roll with topping for 3.5
Catering Customer bought a Sausage roll with topping for 3.5
Catering Customer bought a Sausage roll with sauce for 3.5
Catering Customer bought a Spring roll with sauce with sauce with topping for 4.5
Catering Customer bought a Spring roll with sauce with sauce with topping for 4.5
Catering Customer bought a Spring roll with sauce with topping for 3.5
Catering Customer bought a Spring roll with sauce with sauce with topping for 4.5
Catering Customer bought a Spring roll with sauce with topping for 3.5
Casual Person bought a Egg roll with sauce with sauce for 5.12
Casual Person bought a Spring roll with sauce with sauce with topping for 4.5
Casual Person bought a Jelly roll with sauce with sauce with topping for 4.0
Casual Person bought a Spring roll with topping for 2.5
Casual Person bought a Jelly roll with sauce with sauce for 3.0
Casual Person bought a Pastry roll with sauce with topping for 2.99
Casual Person bought a Sausage roll with sauce with topping for 4.5
Casual Person bought a Egg roll with sauce with sauce with topping for 6.12
Casual Person bought a Sausage roll for 2.5
Casual Person bought a Pastry roll with sauce with topping for 2.99
Casual Person bought a Spring roll with topping for 2.5
Casual Person bought a Sausage roll with sauce for 3.5
Casual Person bought a Jelly roll with topping for 2.0
Catering Customer bought a Pastry roll with sauce with topping for 2.99
Catering Customer bought a Pastry roll with topping for 1.99
Catering Customer bought a Pastry roll with sauce with sauce for 2.99
Catering Customer bought a Pastry roll with sauce with sauce with topping for 3.99
Catering Customer bought a Pastry roll with sauce for 1.99
Catering Customer bought a Spring roll with sauce with sauce for 3.5
Catering Customer bought a Spring roll with sauce with sauce with topping for 4.5
Catering Customer bought a Spring roll with sauce with sauce for 3.5
Catering Customer bought a Spring roll with sauce with sauce for 3.5
Catering Customer bought a Spring roll with topping for 2.5
Catering Customer bought a Jelly roll with sauce with sauce with topping for 4.0
Catering Customer bought a Jelly roll for 1.0
Catering Customer bought a Jelly roll with sauce with sauce for 3.0
Catering Customer bought a Jelly roll with sauce with sauce for 3.0
Catering Customer bought a Jelly roll with sauce with topping for 3.0
Casual Person bought a Egg roll with sauce with sauce with topping for 6.12
Casual Person bought a Egg roll with sauce with topping for 5.12
Casual Person bought a Spring roll with topping for 2.5
Casual Person bought a Spring roll with sauce with sauce with topping for 4.5
Casual Person bought a Pastry roll with sauce with sauce with topping for 3.99
number of receipts is 13
29 Springroll remaining.
32 Eggroll remaining.
28 Pastryroll remaining.
0 Sausageroll remaining.
26 Jellyroll remaining.
13.0 total daily sales for 197.93000000000006 dollars
Catering Customer customer type purchased 42.4 dollars worth of rolls.
Casual Person customer type purchased 50.53 dollars worth of rolls.
sold 16 of Springroll
sold 5 of Eggroll
sold 17 of Pastryroll
sold 11 of Sausageroll
sold 9 of Jellyroll
Start of day number 20
29 Springroll remaining.
32 Eggroll remaining.
28 Pastryroll remaining.
45 Sausageroll remaining.
26 Jellyroll remaining.
Catering Customer bought a Jelly roll with sauce with topping for 3.0
Catering Customer bought a Jelly roll for 1.0
Catering Customer bought a Jelly roll with sauce with sauce for 3.0
Catering Customer bought a Jelly roll with sauce for 2.0
Catering Customer bought a Jelly roll with sauce with topping for 3.0
Catering Customer bought a Pastry roll with sauce with sauce with topping for 3.99
Catering Customer bought a Pastry roll with topping for 1.99
Catering Customer bought a Pastry roll with sauce for 1.99
Catering Customer bought a Pastry roll with sauce with topping for 2.99
Catering Customer bought a Pastry roll with sauce for 1.99
Catering Customer bought a Egg roll with sauce with topping for 5.12
Catering Customer bought a Egg roll with topping for 4.12
Catering Customer bought a Egg roll with sauce with sauce with topping for 6.12
Catering Customer bought a Egg roll for 3.12
Catering Customer bought a Egg roll with sauce with sauce for 5.12
Casual Person bought a Jelly roll with sauce with topping for 3.0
Casual Person bought a Egg roll with sauce with sauce with topping for 6.12
Catering Customer bought a Sausage roll with topping for 3.5
Catering Customer bought a Sausage roll with topping for 3.5
Catering Customer bought a Sausage roll with sauce with sauce with topping for 5.5
Catering Customer bought a Sausage roll with sauce for 3.5
Catering Customer bought a Sausage roll with sauce with sauce for 4.5
Catering Customer bought a Egg roll with sauce with sauce with topping for 6.12
Catering Customer bought a Egg roll with topping for 4.12
Catering Customer bought a Egg roll with topping for 4.12
Catering Customer bought a Egg roll with sauce with sauce with topping for 6.12
Catering Customer bought a Egg roll with sauce with sauce for 5.12
Catering Customer bought a Pastry roll for 0.99
Catering Customer bought a Pastry roll with sauce with topping for 2.99
Catering Customer bought a Pastry roll with sauce for 1.99
Catering Customer bought a Pastry roll with sauce with sauce for 2.99
Catering Customer bought a Pastry roll for 0.99
Casual Person bought a Pastry roll with sauce with sauce for 2.99
Casual Person bought a Spring roll with sauce with sauce with topping for 4.5
Casual Person bought a Pastry roll with sauce with sauce for 2.99
Casual Person bought a Pastry roll with topping for 1.99
Casual Person bought a Spring roll with sauce with sauce with topping for 4.5
Casual Person bought a Sausage roll for 2.5
number of receipts is 6
27 Springroll remaining.
21 Eggroll remaining.
15 Pastryroll remaining.
39 Sausageroll remaining.
20 Jellyroll remaining.
6.0 total daily sales for 133.18999999999997 dollars
Catering Customer customer type purchased 58.60000000000001 dollars worth of rolls.
Casual Person customer type purchased 12.59 dollars worth of rolls.
sold 2 of Springroll
sold 11 of Eggroll
sold 13 of Pastryroll
sold 6 of Sausageroll
sold 6 of Jellyroll
Start of day number 21
27 Springroll remaining.
21 Eggroll remaining.
15 Pastryroll remaining.
39 Sausageroll remaining.
20 Jellyroll remaining.
Casual Person bought a Pastry roll with sauce for 1.99
Casual Person bought a Pastry roll with sauce with sauce with topping for 3.99
Casual Person bought a Spring roll with sauce with sauce for 3.5
Casual Person bought a Jelly roll for 1.0
number of receipts is 2
26 Springroll remaining.
21 Eggroll remaining.
13 Pastryroll remaining.
39 Sausageroll remaining.
19 Jellyroll remaining.
2.0 total daily sales for 10.48 dollars
Casual Person customer type purchased 4.48 dollars worth of rolls.
sold 1 of Springroll
sold 0 of Eggroll
sold 2 of Pastryroll
sold 0 of Sausageroll
sold 1 of Jellyroll
Start of day number 22
26 Springroll remaining.
21 Eggroll remaining.
13 Pastryroll remaining.
39 Sausageroll remaining.
19 Jellyroll remaining.
Casual Person bought a Sausage roll with sauce with topping for 4.5
Casual Person bought a Spring roll with sauce with sauce with topping for 4.5
Casual Person bought a Pastry roll with topping for 1.99
Business Person bought a Spring roll with topping for 2.5
Business Person bought a Spring roll with topping for 2.5
Business Person bought a Egg roll with topping for 4.12
Business Person bought a Egg roll with sauce with sauce for 5.12
Business Person bought a Pastry roll with topping for 1.99
Business Person bought a Pastry roll with sauce with topping for 2.99
Business Person bought a Sausage roll with sauce with sauce for 4.5
Business Person bought a Sausage roll for 2.5
Business Person bought a Jelly roll for 1.0
Business Person bought a Jelly roll with sauce with sauce with topping for 4.0
Casual Person bought a Jelly roll with sauce for 2.0
Casual Person bought a Spring roll with sauce with sauce for 3.5
Catering Customer bought a Jelly roll with topping for 2.0
Catering Customer bought a Jelly roll for 1.0
Catering Customer bought a Jelly roll with sauce with sauce for 3.0
Catering Customer bought a Jelly roll with sauce with sauce for 3.0
Catering Customer bought a Jelly roll with sauce with topping for 3.0
Catering Customer bought a Pastry roll with sauce with sauce with topping for 3.99
Catering Customer bought a Pastry roll with sauce with sauce with topping for 3.99
Catering Customer bought a Pastry roll with sauce with sauce for 2.99
Catering Customer bought a Pastry roll with sauce with sauce with topping for 3.99
Catering Customer bought a Pastry roll with sauce for 1.99
Catering Customer bought a Spring roll for 1.5
Catering Customer bought a Spring roll with sauce with sauce for 3.5
Catering Customer bought a Spring roll for 1.5
Catering Customer bought a Spring roll with sauce with topping for 3.5
Catering Customer bought a Spring roll with sauce with sauce for 3.5
Casual Person bought a Sausage roll with sauce for 3.5
Casual Person bought a Spring roll with sauce with sauce with topping for 4.5
Business Person bought a Spring roll for 1.5
Business Person bought a Spring roll with sauce with sauce with topping for 4.5
Business Person bought a Egg roll for 3.12
Business Person bought a Egg roll with sauce with sauce with topping for 6.12
Business Person bought a Pastry roll with sauce with topping for 2.99
Business Person bought a Pastry roll with sauce with topping for 2.99
Business Person bought a Sausage roll with sauce with sauce for 4.5
Business Person bought a Sausage roll with sauce with topping for 4.5
Business Person bought a Jelly roll for 1.0
Business Person bought a Jelly roll with sauce with sauce for 3.0
Casual Person bought a Sausage roll for 2.5
Casual Person bought a Sausage roll with sauce with sauce for 4.5
number of receipts is 7
14 Springroll remaining.
17 Eggroll remaining.
3 Pastryroll remaining.
31 Sausageroll remaining.
9 Jellyroll remaining.
7.0 total daily sales for 139.38 dollars
Catering Customer customer type purchased 17.450000000000003 dollars worth of rolls.
Casual Person customer type purchased 16.490000000000002 dollars worth of rolls.
Business Person customer type purchased 36.44 dollars worth of rolls.
sold 12 of Springroll
sold 4 of Eggroll
sold 10 of Pastryroll
sold 8 of Sausageroll
sold 10 of Jellyroll
Start of day number 23
14 Springroll remaining.
17 Eggroll remaining.
3 Pastryroll remaining.
31 Sausageroll remaining.
9 Jellyroll remaining.
Casual Person bought a Egg roll with sauce for 4.12
Casual Person bought a Pastry roll with topping for 1.99
Casual Person bought a Pastry roll with topping for 1.99
ran out of Pastryroll
Business Person didn't buy anything.
ran out of Pastryroll
Casual Person bought a Pastry roll for 0.99
Casual Person bought a Sausage roll with sauce with sauce with topping for 5.5
ran out of Pastryroll
ran out of Pastryroll
ran out of Pastryroll
ran out of Pastryroll
ran out of Pastryroll
Catering Customer bought a Egg roll for 3.12
Catering Customer bought a Egg roll with sauce with sauce with topping for 6.12
Catering Customer bought a Egg roll with sauce with sauce for 5.12
Catering Customer bought a Egg roll with sauce for 4.12
Catering Customer bought a Egg roll for 3.12
Catering Customer bought a Sausage roll for 2.5
Catering Customer bought a Sausage roll with sauce with sauce for 4.5
Catering Customer bought a Sausage roll with sauce with topping for 4.5
Catering Customer bought a Sausage roll for 2.5
Catering Customer bought a Sausage roll with sauce with topping for 4.5
Casual Person bought a Jelly roll with sauce with sauce with topping for 4.0
Casual Person bought a Egg roll with sauce for 4.12
Casual Person bought a Spring roll with sauce for 2.5
Casual Person bought a Sausage roll with topping for 3.5
ran out of Pastryroll
ran out of Pastryroll
ran out of Pastryroll
ran out of Pastryroll
ran out of Pastryroll
Catering Customer bought a Spring roll with sauce with sauce for 3.5
Catering Customer bought a Spring roll with sauce with sauce for 3.5
Catering Customer bought a Spring roll with sauce with topping for 3.5
Catering Customer bought a Spring roll with sauce with sauce for 3.5
Catering Customer bought a Spring roll with sauce with sauce with topping for 4.5
Catering Customer bought a Jelly roll with sauce for 2.0
Catering Customer bought a Jelly roll for 1.0
Catering Customer bought a Jelly roll with topping for 2.0
Catering Customer bought a Jelly roll with topping for 2.0
Catering Customer bought a Jelly roll with sauce with sauce for 3.0
number of receipts is 7
8 Springroll remaining.
10 Eggroll remaining.
0 Pastryroll remaining.
24 Sausageroll remaining.
3 Jellyroll remaining.
6.0 total daily sales for 97.31 dollars
Business Person customer type affected by 1 outages.
Catering Customer customer type purchased 40.6 dollars worth of rolls.
Casual Person customer type purchased 16.71 dollars worth of rolls.
Business Person customer type purchased 0.0 dollars worth of rolls.
sold 6 of Springroll
sold 7 of Eggroll
sold 3 of Pastryroll
sold 7 of Sausageroll
sold 6 of Jellyroll
Start of day number 24
8 Springroll remaining.
10 Eggroll remaining.
45 Pastryroll remaining.
24 Sausageroll remaining.
3 Jellyroll remaining.
Catering Customer bought a Spring roll for 1.5
Catering Customer bought a Spring roll with sauce with sauce with topping for 4.5
Catering Customer bought a Spring roll with sauce for 2.5
Catering Customer bought a Spring roll with sauce for 2.5
Catering Customer bought a Spring roll with sauce with sauce with topping for 4.5
Catering Customer bought a Pastry roll with sauce for 1.99
Catering Customer bought a Pastry roll with sauce with sauce for 2.99
Catering Customer bought a Pastry roll with topping for 1.99
Catering Customer bought a Pastry roll with sauce with topping for 2.99
Catering Customer bought a Pastry roll with topping for 1.99
Catering Customer bought a Sausage roll with topping for 3.5
Catering Customer bought a Sausage roll with sauce for 3.5
Catering Customer bought a Sausage roll with sauce with topping for 4.5
Catering Customer bought a Sausage roll with topping for 3.5
Catering Customer bought a Sausage roll for 2.5
Casual Person bought a Jelly roll with sauce with sauce for 3.0
Casual Person bought a Spring roll with sauce with topping for 3.5
ran out of Springroll
ran out of Springroll
ran out of Springroll
Catering Customer bought a Spring roll with topping for 2.5
Catering Customer bought a Spring roll for 1.5
Catering Customer bought a Pastry roll for 0.99
Catering Customer bought a Pastry roll with sauce for 1.99
Catering Customer bought a Pastry roll for 0.99
Catering Customer bought a Pastry roll for 0.99
Catering Customer bought a Pastry roll with sauce for 1.99
Catering Customer bought a Sausage roll with sauce with sauce with topping for 5.5
Catering Customer bought a Sausage roll with topping for 3.5
Catering Customer bought a Sausage roll with sauce for 3.5
Catering Customer bought a Sausage roll with sauce with sauce for 4.5
Catering Customer bought a Sausage roll with sauce with topping for 4.5
ran out of Springroll
Casual Person bought a Jelly roll for 1.0
Casual Person bought a Pastry roll with sauce with sauce for 2.99
number of receipts is 4
0 Springroll remaining.
10 Eggroll remaining.
34 Pastryroll remaining.
14 Sausageroll remaining.
1 Jellyroll remaining.
4.0 total daily sales for 87.89 dollars
Catering Customer customer type purchased 45.400000000000006 dollars worth of rolls.
Casual Person customer type purchased 4.49 dollars worth of rolls.
sold 8 of Springroll
sold 0 of Eggroll
sold 11 of Pastryroll
sold 10 of Sausageroll
sold 2 of Jellyroll
Start of day number 25
45 Springroll remaining.
10 Eggroll remaining.
34 Pastryroll remaining.
14 Sausageroll remaining.
1 Jellyroll remaining.
Catering Customer bought a Sausage roll with sauce with sauce for 4.5
Catering Customer bought a Sausage roll with sauce for 3.5
Catering Customer bought a Sausage roll with sauce with sauce with topping for 5.5
Catering Customer bought a Sausage roll with sauce with topping for 4.5
Catering Customer bought a Sausage roll with sauce with topping for 4.5
Catering Customer bought a Pastry roll with sauce with sauce with topping for 3.99
Catering Customer bought a Pastry roll with sauce with sauce for 2.99
Catering Customer bought a Pastry roll with sauce with sauce for 2.99
Catering Customer bought a Pastry roll with sauce with sauce for 2.99
Catering Customer bought a Pastry roll with sauce with sauce for 2.99
Catering Customer bought a Egg roll with sauce with topping for 5.12
Catering Customer bought a Egg roll with topping for 4.12
Catering Customer bought a Egg roll with sauce for 4.12
Catering Customer bought a Egg roll with sauce with sauce with topping for 6.12
Catering Customer bought a Egg roll with sauce for 4.12
number of receipts is 1
45 Springroll remaining.
5 Eggroll remaining.
29 Pastryroll remaining.
9 Sausageroll remaining.
1 Jellyroll remaining.
1.0 total daily sales for 62.05 dollars
Catering Customer customer type purchased 33.050000000000004 dollars worth of rolls.
sold 0 of Springroll
sold 5 of Eggroll
sold 5 of Pastryroll
sold 5 of Sausageroll
sold 0 of Jellyroll
Start of day number 26
45 Springroll remaining.
5 Eggroll remaining.
29 Pastryroll remaining.
9 Sausageroll remaining.
1 Jellyroll remaining.
Casual Person bought a Spring roll with sauce with sauce with topping for 4.5
Casual Person bought a Spring roll with sauce with sauce with topping for 4.5
Casual Person bought a Sausage roll with topping for 3.5
Casual Person bought a Pastry roll with sauce with sauce for 2.99
Casual Person bought a Sausage roll with sauce with sauce with topping for 5.5
Casual Person bought a Egg roll for 3.12
Casual Person bought a Jelly roll with sauce with sauce for 3.0
Casual Person bought a Spring roll with sauce with sauce for 3.5
Casual Person bought a Spring roll with sauce with topping for 3.5
ran out of Jellyroll
ran out of Jellyroll
ran out of Jellyroll
Casual Person didn't buy anything.
Casual Person bought a Sausage roll with sauce with topping for 4.5
Casual Person bought a Egg roll with topping for 4.12
ran out of Jellyroll
Casual Person bought a Sausage roll with sauce for 3.5
ran out of Jellyroll
Casual Person bought a Spring roll with topping for 2.5
number of receipts is 8
40 Springroll remaining.
3 Eggroll remaining.
28 Pastryroll remaining.
5 Sausageroll remaining.
0 Jellyroll remaining.
7.0 total daily sales for 48.73 dollars
Casual Person customer type purchased 25.73 dollars worth of rolls.
sold 5 of Springroll
sold 2 of Eggroll
sold 1 of Pastryroll
sold 4 of Sausageroll
sold 1 of Jellyroll
Start of day number 27
40 Springroll remaining.
3 Eggroll remaining.
28 Pastryroll remaining.
5 Sausageroll remaining.
45 Jellyroll remaining.
Casual Person bought a Spring roll with sauce with topping for 3.5
Casual Person bought a Egg roll with sauce with sauce for 5.12
Casual Person bought a Sausage roll for 2.5
Casual Person bought a Egg roll with sauce for 4.12
Casual Person bought a Spring roll with topping for 2.5
Casual Person bought a Sausage roll with sauce with sauce for 4.5
Casual Person bought a Jelly roll with sauce for 2.0
ran out of Eggroll
Business Person didn't buy anything.
Casual Person bought a Sausage roll with sauce with topping for 4.5
Casual Person bought a Egg roll with topping for 4.12
Casual Person bought a Jelly roll with sauce with topping for 3.0
ran out of Eggroll
ran out of Eggroll
Business Person didn't buy anything.
Casual Person bought a Sausage roll with topping for 3.5
Casual Person bought a Pastry roll with sauce with sauce for 2.99
Casual Person bought a Pastry roll for 0.99
Casual Person bought a Jelly roll with sauce with topping for 3.0
Casual Person bought a Sausage roll with topping for 3.5
ran out of Eggroll
Casual Person bought a Jelly roll with topping for 2.0
Casual Person bought a Spring roll with sauce with topping for 3.5
Casual Person bought a Jelly roll with sauce with sauce for 3.0
Casual Person bought a Pastry roll with sauce with sauce with topping for 3.99
ran out of Eggroll
Casual Person bought a Jelly roll for 1.0
Casual Person bought a Jelly roll with topping for 2.0
ran out of Eggroll
Casual Person bought a Jelly roll with topping for 2.0
Casual Person bought a Jelly roll with topping for 2.0
ran out of Sausageroll
Casual Person bought a Jelly roll with sauce for 2.0
number of receipts is 13
37 Springroll remaining.
0 Eggroll remaining.
25 Pastryroll remaining.
0 Sausageroll remaining.
35 Jellyroll remaining.
11.0 total daily sales for 71.33000000000001 dollars
Business Person customer type affected by 2 outages.
Casual Person customer type purchased 39.330000000000005 dollars worth of rolls.
Business Person customer type purchased 0.0 dollars worth of rolls.
sold 3 of Springroll
sold 3 of Eggroll
sold 3 of Pastryroll
sold 5 of Sausageroll
sold 10 of Jellyroll
Start of day number 28
37 Springroll remaining.
45 Eggroll remaining.
25 Pastryroll remaining.
45 Sausageroll remaining.
35 Jellyroll remaining.
Business Person bought a Spring roll with sauce with sauce with topping for 4.5
Business Person bought a Spring roll with sauce for 2.5
Business Person bought a Egg roll with sauce with sauce for 5.12
Business Person bought a Egg roll with topping for 4.12
Business Person bought a Pastry roll with sauce with sauce for 2.99
Business Person bought a Pastry roll with topping for 1.99
Business Person bought a Sausage roll with sauce with sauce for 4.5
Business Person bought a Sausage roll with sauce for 3.5
Business Person bought a Jelly roll with sauce with sauce for 3.0
Business Person bought a Jelly roll with sauce with sauce with topping for 4.0
number of receipts is 1
35 Springroll remaining.
43 Eggroll remaining.
23 Pastryroll remaining.
43 Sausageroll remaining.
33 Jellyroll remaining.
1.0 total daily sales for 36.22 dollars
Business Person customer type purchased 18.22 dollars worth of rolls.
sold 2 of Springroll
sold 2 of Eggroll
sold 2 of Pastryroll
sold 2 of Sausageroll
sold 2 of Jellyroll
Start of day number 29
35 Springroll remaining.
43 Eggroll remaining.
23 Pastryroll remaining.
43 Sausageroll remaining.
33 Jellyroll remaining.
Casual Person bought a Spring roll with topping for 2.5
Casual Person bought a Jelly roll with sauce with sauce for 3.0
Casual Person bought a Sausage roll for 2.5
Casual Person bought a Pastry roll for 0.99
Casual Person bought a Egg roll for 3.12
Casual Person bought a Sausage roll with sauce with sauce with topping for 5.5
Casual Person bought a Egg roll with sauce with topping for 5.12
Catering Customer bought a Spring roll with sauce with topping for 3.5
Catering Customer bought a Spring roll with sauce with sauce with topping for 4.5
Catering Customer bought a Spring roll with sauce with topping for 3.5
Catering Customer bought a Spring roll with sauce with sauce for 3.5
Catering Customer bought a Spring roll with sauce with sauce with topping for 4.5
Catering Customer bought a Egg roll with sauce with sauce for 5.12
Catering Customer bought a Egg roll with sauce with sauce for 5.12
Catering Customer bought a Egg roll for 3.12
Catering Customer bought a Egg roll with topping for 4.12
Catering Customer bought a Egg roll for 3.12
Catering Customer bought a Sausage roll with sauce for 3.5
Catering Customer bought a Sausage roll with sauce with topping for 4.5
Catering Customer bought a Sausage roll with sauce for 3.5
Catering Customer bought a Sausage roll for 2.5
Catering Customer bought a Sausage roll with sauce for 3.5
Casual Person bought a Pastry roll with sauce for 1.99
Casual Person bought a Sausage roll with sauce with topping for 4.5
Casual Person bought a Egg roll with sauce with topping for 5.12
Casual Person bought a Sausage roll with sauce with sauce for 4.5
Casual Person bought a Egg roll with sauce with topping for 5.12
Business Person bought a Spring roll for 1.5
Business Person bought a Spring roll with sauce for 2.5
Business Person bought a Egg roll with sauce with sauce with topping for 6.12
Business Person bought a Egg roll with topping for 4.12
Business Person bought a Pastry roll with sauce with sauce with topping for 3.99
Business Person bought a Pastry roll with sauce with sauce for 2.99
Business Person bought a Sausage roll for 2.5
Business Person bought a Sausage roll with sauce with sauce with topping for 5.5
Business Person bought a Jelly roll with sauce with sauce for 3.0
Business Person bought a Jelly roll with sauce with sauce with topping for 4.0
Casual Person bought a Jelly roll with sauce with topping for 3.0
Casual Person bought a Jelly roll with topping for 2.0
Casual Person bought a Spring roll with sauce with sauce with topping for 4.5
Casual Person bought a Spring roll for 1.5
number of receipts is 9
25 Springroll remaining.
32 Eggroll remaining.
19 Pastryroll remaining.
32 Sausageroll remaining.
28 Jellyroll remaining.
9.0 total daily sales for 148.77999999999997 dollars
Catering Customer customer type purchased 35.60000000000001 dollars worth of rolls.
Casual Person customer type purchased 31.96 dollars worth of rolls.
Business Person customer type purchased 18.22 dollars worth of rolls.
sold 10 of Springroll
sold 11 of Eggroll
sold 4 of Pastryroll
sold 11 of Sausageroll
sold 5 of Jellyroll
Start of day number 30
25 Springroll remaining.
32 Eggroll remaining.
19 Pastryroll remaining.
32 Sausageroll remaining.
28 Jellyroll remaining.
Catering Customer bought a Spring roll with topping for 2.5
Catering Customer bought a Spring roll with sauce with topping for 3.5
Catering Customer bought a Spring roll with sauce for 2.5
Catering Customer bought a Spring roll with topping for 2.5
Catering Customer bought a Spring roll for 1.5
Catering Customer bought a Sausage roll for 2.5
Catering Customer bought a Sausage roll with sauce with sauce for 4.5
Catering Customer bought a Sausage roll with topping for 3.5
Catering Customer bought a Sausage roll with sauce with sauce with topping for 5.5
Catering Customer bought a Sausage roll with sauce with sauce for 4.5
Catering Customer bought a Jelly roll for 1.0
Catering Customer bought a Jelly roll for 1.0
Catering Customer bought a Jelly roll for 1.0
Catering Customer bought a Jelly roll for 1.0
Catering Customer bought a Jelly roll with sauce with sauce with topping for 4.0
Casual Person bought a Spring roll with topping for 2.5
Casual Person bought a Sausage roll with topping for 3.5
Casual Person bought a Jelly roll with topping for 2.0
Casual Person bought a Jelly roll with topping for 2.0
Business Person bought a Spring roll with sauce with sauce for 3.5
Business Person bought a Spring roll with sauce with sauce for 3.5
Business Person bought a Egg roll for 3.12
Business Person bought a Egg roll with sauce for 4.12
Business Person bought a Pastry roll for 0.99
Business Person bought a Pastry roll for 0.99
Business Person bought a Sausage roll with sauce with sauce with topping for 5.5
Business Person bought a Sausage roll with topping for 3.5
Business Person bought a Jelly roll for 1.0
Business Person bought a Jelly roll with topping for 2.0
Catering Customer bought a Jelly roll with sauce with sauce for 3.0
Catering Customer bought a Jelly roll with sauce for 2.0
Catering Customer bought a Jelly roll with sauce with topping for 3.0
Catering Customer bought a Jelly roll with topping for 2.0
Catering Customer bought a Jelly roll with topping for 2.0
Catering Customer bought a Spring roll with sauce with sauce for 3.5
Catering Customer bought a Spring roll for 1.5
Catering Customer bought a Spring roll with sauce for 2.5
Catering Customer bought a Spring roll with sauce with sauce with topping for 4.5
Catering Customer bought a Spring roll with sauce for 2.5
Catering Customer bought a Sausage roll with sauce with sauce with topping for 5.5
Catering Customer bought a Sausage roll for 2.5
Catering Customer bought a Sausage roll for 2.5
Catering Customer bought a Sausage roll with sauce with sauce for 4.5
Catering Customer bought a Sausage roll with sauce with topping for 4.5
number of receipts is 5
12 Springroll remaining.
30 Eggroll remaining.
17 Pastryroll remaining.
19 Sausageroll remaining.
14 Jellyroll remaining.
5.0 total daily sales for 125.21999999999998 dollars
Catering Customer customer type purchased 50.0 dollars worth of rolls.
Casual Person customer type purchased 6.0 dollars worth of rolls.
Business Person customer type purchased 18.22 dollars worth of rolls.
sold 13 of Springroll
sold 2 of Eggroll
sold 2 of Pastryroll
sold 13 of Sausageroll
sold 14 of Jellyroll

Process finished with exit code 0
