How many days shall the Store run for?
30
Start of day number 1
30 Springroll remaining.
30 Eggroll remaining.
30 Pastryroll remaining.
30 Sausageroll remaining.
30 Jellyroll remaining.
Business Person bought a Spring roll for 1.5
Business Person bought a Spring roll with sauce with sauce with topping for 4.5
Business Person bought a Egg roll with sauce with topping for 5.12
Business Person bought a Egg roll with topping for 4.12
Business Person bought a Pastry roll with topping for 1.99
Business Person bought a Pastry roll with topping for 1.99
Business Person bought a Sausage roll with sauce with sauce for 4.5
Business Person bought a Sausage roll with sauce with topping for 4.5
Business Person bought a Jelly roll with sauce with topping for 3.0
Business Person bought a Jelly roll with sauce with topping for 3.0
Casual Person bought a Jelly roll for 1.0
Casual Person bought a Pastry roll for 0.99
Casual Person bought a Pastry roll with sauce with sauce for 2.99
Casual Person bought a Sausage roll with sauce for 3.5
Casual Person bought a Spring roll with topping for 2.5
Casual Person bought a Jelly roll with sauce with sauce with topping for 4.0
Casual Person bought a Egg roll with topping for 4.12
Casual Person bought a Pastry roll with sauce with sauce for 2.99
Casual Person bought a Pastry roll with sauce with sauce with topping for 3.99
Casual Person bought a Spring roll with sauce with sauce with topping for 4.5
Business Person bought a Spring roll with sauce for 2.5
Business Person bought a Spring roll for 1.5
Business Person bought a Egg roll with sauce with topping for 5.12
Business Person bought a Egg roll with sauce with sauce for 5.12
Business Person bought a Pastry roll for 0.99
Business Person bought a Pastry roll with sauce with sauce for 2.99
Business Person bought a Sausage roll with sauce with sauce with topping for 5.5
Business Person bought a Sausage roll for 2.5
Business Person bought a Jelly roll with sauce with sauce for 3.0
Business Person bought a Jelly roll for 1.0
Casual Person bought a Egg roll with sauce with topping for 5.12
Casual Person bought a Sausage roll with topping for 3.5
Casual Person bought a Pastry roll with sauce with sauce with topping for 3.99
Casual Person bought a Egg roll with sauce with topping for 5.12
Casual Person bought a Egg roll with sauce with topping for 5.12
number of receipts is 8
24 Springroll remaining.
22 Eggroll remaining.
21 Pastryroll remaining.
24 Sausageroll remaining.
24 Jellyroll remaining.
8.0 total daily sales for 117.87000000000002 dollars
Casual Person customer type purchased 27.430000000000003 dollars worth of rolls.
Business Person customer type purchased 36.44 dollars worth of rolls.
sold 6 of Springroll
sold 8 of Eggroll
sold 9 of Pastryroll
sold 6 of Sausageroll
sold 6 of Jellyroll
Start of day number 2
24 Springroll remaining.
22 Eggroll remaining.
21 Pastryroll remaining.
24 Sausageroll remaining.
24 Jellyroll remaining.
Casual Person bought a Egg roll with sauce for 4.12
Casual Person bought a Sausage roll with sauce with sauce with topping for 5.5
Casual Person bought a Pastry roll with sauce for 1.99
Casual Person bought a Jelly roll with topping for 2.0
Business Person bought a Spring roll with topping for 2.5
Business Person bought a Spring roll with topping for 2.5
Business Person bought a Egg roll with sauce with topping for 5.12
Business Person bought a Egg roll with sauce for 4.12
Business Person bought a Pastry roll with sauce with sauce with topping for 3.99
Business Person bought a Pastry roll with sauce with topping for 2.99
Business Person bought a Sausage roll for 2.5
Business Person bought a Sausage roll with sauce with topping for 4.5
Business Person bought a Jelly roll with sauce with topping for 3.0
Business Person bought a Jelly roll with sauce with topping for 3.0
Casual Person bought a Sausage roll with sauce for 3.5
Casual Person bought a Spring roll with topping for 2.5
Casual Person bought a Spring roll with sauce for 2.5
Casual Person bought a Egg roll with sauce with sauce with topping for 6.12
Casual Person bought a Egg roll with sauce for 4.12
Casual Person bought a Spring roll with sauce for 2.5
Casual Person bought a Pastry roll with sauce with topping for 2.99
Casual Person bought a Spring roll with sauce with sauce with topping for 4.5
Casual Person bought a Jelly roll with sauce with topping for 3.0
Casual Person bought a Sausage roll with sauce with sauce for 4.5
Casual Person bought a Egg roll with sauce with sauce for 5.12
Casual Person bought a Egg roll with sauce with sauce for 5.12
Business Person bought a Spring roll for 1.5
Business Person bought a Spring roll for 1.5
Business Person bought a Egg roll with topping for 4.12
Business Person bought a Egg roll with sauce with sauce for 5.12
Business Person bought a Pastry roll with sauce with sauce for 2.99
Business Person bought a Pastry roll with sauce with sauce with topping for 3.99
Business Person bought a Sausage roll with sauce with topping for 4.5
Business Person bought a Sausage roll with sauce with sauce for 4.5
Business Person bought a Jelly roll for 1.0
Business Person bought a Jelly roll with sauce with sauce for 3.0
number of receipts is 9
16 Springroll remaining.
13 Eggroll remaining.
15 Pastryroll remaining.
17 Sausageroll remaining.
18 Jellyroll remaining.
9.0 total daily sales for 126.52000000000001 dollars
Casual Person customer type purchased 33.080000000000005 dollars worth of rolls.
Business Person customer type purchased 36.44 dollars worth of rolls.
sold 8 of Springroll
sold 9 of Eggroll
sold 6 of Pastryroll
sold 7 of Sausageroll
sold 6 of Jellyroll
Start of day number 3
16 Springroll remaining.
13 Eggroll remaining.
15 Pastryroll remaining.
17 Sausageroll remaining.
18 Jellyroll remaining.
Casual Person bought a Egg roll with sauce with sauce with topping for 6.12
Casual Person bought a Sausage roll with sauce for 3.5
Casual Person bought a Pastry roll with sauce with topping for 2.99
Casual Person bought a Pastry roll for 0.99
Casual Person bought a Pastry roll with sauce with sauce for 2.99
Casual Person bought a Spring roll with sauce with sauce with topping for 4.5
Casual Person bought a Pastry roll with sauce with sauce with topping for 3.99
Casual Person bought a Spring roll with topping for 2.5
Casual Person bought a Egg roll with topping for 4.12
Casual Person bought a Pastry roll with sauce for 1.99
Casual Person bought a Egg roll with sauce with topping for 5.12
Casual Person bought a Pastry roll with sauce with topping for 2.99
Casual Person bought a Spring roll for 1.5
Casual Person bought a Jelly roll for 1.0
Casual Person bought a Sausage roll with sauce with topping for 4.5
Casual Person bought a Spring roll with sauce with sauce for 3.5
Casual Person bought a Pastry roll with sauce with topping for 2.99
Casual Person bought a Egg roll with sauce with topping for 5.12
Casual Person bought a Egg roll with sauce with sauce for 5.12
Casual Person bought a Jelly roll with sauce with sauce for 3.0
Casual Person bought a Spring roll with sauce with sauce with topping for 4.5
Casual Person bought a Sausage roll with topping for 3.5
Casual Person bought a Pastry roll with sauce with sauce for 2.99
Casual Person bought a Pastry roll with sauce for 1.99
number of receipts is 10
11 Springroll remaining.
8 Eggroll remaining.
6 Pastryroll remaining.
14 Sausageroll remaining.
16 Jellyroll remaining.
10.0 total daily sales for 81.50999999999999 dollars
Casual Person customer type purchased 41.510000000000005 dollars worth of rolls.
sold 5 of Springroll
sold 5 of Eggroll
sold 9 of Pastryroll
sold 3 of Sausageroll
sold 2 of Jellyroll
Start of day number 4
11 Springroll remaining.
8 Eggroll remaining.
6 Pastryroll remaining.
14 Sausageroll remaining.
16 Jellyroll remaining.
Casual Person bought a Egg roll for 3.12
Casual Person bought a Sausage roll with sauce with sauce with topping for 5.5
Casual Person bought a Jelly roll with sauce with topping for 3.0
Casual Person bought a Pastry roll with sauce with sauce with topping for 3.99
Casual Person bought a Jelly roll with sauce for 2.0
Casual Person bought a Sausage roll with sauce for 3.5
Business Person bought a Spring roll with sauce for 2.5
Business Person bought a Spring roll for 1.5
Business Person bought a Egg roll for 3.12
Business Person bought a Egg roll for 3.12
Business Person bought a Pastry roll with topping for 1.99
Business Person bought a Pastry roll with sauce for 1.99
Business Person bought a Sausage roll with sauce with sauce for 4.5
Business Person bought a Sausage roll with sauce for 3.5
Business Person bought a Jelly roll with topping for 2.0
Business Person bought a Jelly roll with topping for 2.0
Casual Person bought a Spring roll with sauce for 2.5
Casual Person bought a Sausage roll with sauce with sauce with topping for 5.5
Catering Customer bought a Egg roll with sauce for 4.12
Catering Customer bought a Egg roll with sauce with topping for 5.12
Catering Customer bought a Egg roll with sauce with sauce with topping for 6.12
Catering Customer bought a Egg roll with sauce with sauce for 5.12
Catering Customer bought a Egg roll with sauce with sauce with topping for 6.12
Catering Customer bought a Spring roll with topping for 2.5
Catering Customer bought a Spring roll with sauce with sauce with topping for 4.5
Catering Customer bought a Spring roll for 1.5
Catering Customer bought a Spring roll with topping for 2.5
Catering Customer bought a Spring roll with sauce with sauce with topping for 4.5
Catering Customer bought a Sausage roll with sauce with topping for 4.5
Catering Customer bought a Sausage roll with sauce for 3.5
Catering Customer bought a Sausage roll for 2.5
Catering Customer bought a Sausage roll with sauce with topping for 4.5
Catering Customer bought a Sausage roll with sauce with topping for 4.5
ran out of Eggroll
Casual Person bought a Jelly roll with sauce with topping for 3.0
Casual Person bought a Sausage roll with sauce with sauce with topping for 5.5
ran out of Pastryroll
ran out of Pastryroll
ran out of Sausageroll
ran out of Sausageroll
Catering Customer bought a Pastry roll with sauce with topping for 2.99
Catering Customer bought a Pastry roll for 0.99
Catering Customer bought a Pastry roll with sauce with topping for 2.99
Catering Customer bought a Jelly roll with topping for 2.0
Catering Customer bought a Jelly roll with sauce with sauce with topping for 4.0
Catering Customer bought a Jelly roll with sauce with sauce with topping for 4.0
Catering Customer bought a Jelly roll with sauce with sauce with topping for 4.0
Catering Customer bought a Jelly roll with sauce with topping for 3.0
Catering Customer bought a Sausage roll with topping for 3.5
Catering Customer bought a Sausage roll with sauce with sauce for 4.5
Catering Customer bought a Sausage roll with sauce with topping for 4.5
ran out of Eggroll
ran out of Eggroll
ran out of Pastryroll
ran out of Pastryroll
ran out of Sausageroll
ran out of Sausageroll
Business Person didn't buy anything.
ran out of Sausageroll
ran out of Eggroll
Casual Person bought a Jelly roll with sauce for 2.0
ran out of Pastryroll
Casual Person bought a Spring roll with sauce with sauce with topping for 4.5
number of receipts is 10
2 Springroll remaining.
0 Eggroll remaining.
0 Pastryroll remaining.
0 Sausageroll remaining.
5 Jellyroll remaining.
9.0 total daily sales for 168.40000000000003 dollars
Business Person customer type affected by 1 outages.
Catering Customer customer type purchased 51.07 dollars worth of rolls.
Casual Person customer type purchased 21.11 dollars worth of rolls.
Business Person customer type purchased 18.22 dollars worth of rolls.
sold 9 of Springroll
sold 8 of Eggroll
sold 6 of Pastryroll
sold 14 of Sausageroll
sold 11 of Jellyroll
Start of day number 5
2 Springroll remaining.
30 Eggroll remaining.
30 Pastryroll remaining.
30 Sausageroll remaining.
5 Jellyroll remaining.
Casual Person bought a Jelly roll with sauce with sauce with topping for 4.0
Casual Person bought a Spring roll with sauce for 2.5
ran out of Springroll
Business Person didn't buy anything.
ran out of Springroll
Business Person didn't buy anything.
number of receipts is 3
1 Springroll remaining.
30 Eggroll remaining.
30 Pastryroll remaining.
30 Sausageroll remaining.
4 Jellyroll remaining.
1.0 total daily sales for 6.5 dollars
Business Person customer type affected by 2 outages.
Casual Person customer type purchased 2.5 dollars worth of rolls.
Business Person customer type purchased 0.0 dollars worth of rolls.
sold 1 of Springroll
sold 0 of Eggroll
sold 0 of Pastryroll
sold 0 of Sausageroll
sold 1 of Jellyroll
Start of day number 6
1 Springroll remaining.
30 Eggroll remaining.
30 Pastryroll remaining.
30 Sausageroll remaining.
4 Jellyroll remaining.
Casual Person bought a Egg roll with sauce for 4.12
Casual Person bought a Egg roll with sauce with sauce with topping for 6.12
Casual Person bought a Spring roll with topping for 2.5
Casual Person bought a Jelly roll with sauce for 2.0
Casual Person bought a Sausage roll with sauce with topping for 4.5
Catering Customer bought a Pastry roll with sauce with sauce with topping for 3.99
Catering Customer bought a Pastry roll with sauce with sauce for 2.99
Catering Customer bought a Pastry roll with topping for 1.99
Catering Customer bought a Pastry roll with sauce with sauce with topping for 3.99
Catering Customer bought a Pastry roll with sauce with sauce with topping for 3.99
Catering Customer bought a Egg roll with sauce with sauce for 5.12
Catering Customer bought a Egg roll with sauce with sauce for 5.12
Catering Customer bought a Egg roll with sauce with topping for 5.12
Catering Customer bought a Egg roll for 3.12
Catering Customer bought a Egg roll with sauce with sauce with topping for 6.12
Catering Customer bought a Sausage roll with sauce for 3.5
Catering Customer bought a Sausage roll with topping for 3.5
Catering Customer bought a Sausage roll with topping for 3.5
Catering Customer bought a Sausage roll for 2.5
Catering Customer bought a Sausage roll for 2.5
Casual Person bought a Egg roll for 3.12
Casual Person bought a Pastry roll with topping for 1.99
Casual Person bought a Egg roll with sauce with topping for 5.12
Casual Person bought a Sausage roll for 2.5
ran out of Springroll
Casual Person bought a Egg roll with sauce with sauce with topping for 6.12
Casual Person bought a Pastry roll with sauce with sauce for 2.99
ran out of Springroll
ran out of Springroll
Business Person didn't buy anything.
Casual Person bought a Jelly roll with sauce with sauce for 3.0
Casual Person bought a Sausage roll for 2.5
Casual Person bought a Jelly roll with sauce with topping for 3.0
Casual Person bought a Pastry roll for 0.99
Casual Person bought a Pastry roll with sauce for 1.99
Casual Person bought a Pastry roll for 0.99
number of receipts is 9
0 Springroll remaining.
20 Eggroll remaining.
20 Pastryroll remaining.
22 Sausageroll remaining.
1 Jellyroll remaining.
8.0 total daily sales for 110.59999999999998 dollars
Business Person customer type affected by 1 outages.
Catering Customer customer type purchased 33.050000000000004 dollars worth of rolls.
Casual Person customer type purchased 32.550000000000004 dollars worth of rolls.
Business Person customer type purchased 0.0 dollars worth of rolls.
sold 1 of Springroll
sold 10 of Eggroll
sold 10 of Pastryroll
sold 8 of Sausageroll
sold 3 of Jellyroll
Start of day number 7
30 Springroll remaining.
20 Eggroll remaining.
20 Pastryroll remaining.
22 Sausageroll remaining.
1 Jellyroll remaining.
Catering Customer bought a Spring roll for 1.5
Catering Customer bought a Spring roll with sauce with sauce for 3.5
Catering Customer bought a Spring roll with sauce with sauce for 3.5
Catering Customer bought a Spring roll for 1.5
Catering Customer bought a Spring roll with sauce with sauce for 3.5
Catering Customer bought a Sausage roll with sauce with sauce for 4.5
Catering Customer bought a Sausage roll with sauce for 3.5
Catering Customer bought a Sausage roll with sauce for 3.5
Catering Customer bought a Sausage roll for 2.5
Catering Customer bought a Sausage roll with sauce with topping for 4.5
Catering Customer bought a Egg roll with sauce with sauce for 5.12
Catering Customer bought a Egg roll with sauce for 4.12
Catering Customer bought a Egg roll for 3.12
Catering Customer bought a Egg roll with sauce for 4.12
Catering Customer bought a Egg roll with sauce with topping for 5.12
Casual Person bought a Spring roll with sauce with topping for 3.5
Casual Person bought a Jelly roll with sauce with sauce with topping for 4.0
Casual Person bought a Sausage roll with topping for 3.5
ran out of Jellyroll
ran out of Jellyroll
Business Person didn't buy anything.
Casual Person bought a Egg roll with sauce for 4.12
Casual Person bought a Spring roll with sauce for 2.5
number of receipts is 4
23 Springroll remaining.
14 Eggroll remaining.
20 Pastryroll remaining.
16 Sausageroll remaining.
0 Jellyroll remaining.
3.0 total daily sales for 71.22 dollars
Business Person customer type affected by 1 outages.
Catering Customer customer type purchased 35.6 dollars worth of rolls.
Casual Person customer type purchased 9.620000000000001 dollars worth of rolls.
Business Person customer type purchased 0.0 dollars worth of rolls.
sold 7 of Springroll
sold 6 of Eggroll
sold 0 of Pastryroll
sold 6 of Sausageroll
sold 1 of Jellyroll
Start of day number 8
23 Springroll remaining.
14 Eggroll remaining.
20 Pastryroll remaining.
16 Sausageroll remaining.
30 Jellyroll remaining.
Business Person bought a Spring roll with sauce with sauce for 3.5
Business Person bought a Spring roll with sauce with sauce with topping for 4.5
Business Person bought a Egg roll with sauce with sauce for 5.12
Business Person bought a Egg roll with sauce for 4.12
Business Person bought a Pastry roll for 0.99
Business Person bought a Pastry roll with sauce for 1.99
Business Person bought a Sausage roll with sauce for 3.5
Business Person bought a Sausage roll with sauce with sauce for 4.5
Business Person bought a Jelly roll with sauce with topping for 3.0
Business Person bought a Jelly roll for 1.0
Catering Customer bought a Egg roll with sauce for 4.12
Catering Customer bought a Egg roll with sauce for 4.12
Catering Customer bought a Egg roll with sauce with sauce with topping for 6.12
Catering Customer bought a Egg roll with sauce with sauce with topping for 6.12
Catering Customer bought a Egg roll with sauce for 4.12
Catering Customer bought a Jelly roll with sauce with sauce for 3.0
Catering Customer bought a Jelly roll with sauce with sauce for 3.0
Catering Customer bought a Jelly roll with sauce with sauce for 3.0
Catering Customer bought a Jelly roll with topping for 2.0
Catering Customer bought a Jelly roll with sauce with sauce for 3.0
Catering Customer bought a Spring roll with sauce with sauce for 3.5
Catering Customer bought a Spring roll with topping for 2.5
Catering Customer bought a Spring roll with sauce with sauce with topping for 4.5
Catering Customer bought a Spring roll with sauce with sauce for 3.5
Catering Customer bought a Spring roll with sauce for 2.5
Casual Person bought a Sausage roll with sauce with sauce with topping for 5.5
Casual Person bought a Pastry roll with sauce for 1.99
Casual Person bought a Pastry roll with topping for 1.99
Casual Person bought a Egg roll with sauce with topping for 5.12
Casual Person bought a Pastry roll with sauce for 1.99
Casual Person bought a Spring roll with sauce for 2.5
Casual Person bought a Spring roll with sauce with sauce for 3.5
Business Person bought a Spring roll for 1.5
Business Person bought a Spring roll with sauce with topping for 3.5
Business Person bought a Egg roll with sauce for 4.12
Business Person bought a Egg roll with sauce with sauce for 5.12
Business Person bought a Pastry roll with sauce with sauce with topping for 3.99
Business Person bought a Pastry roll with sauce for 1.99
Business Person bought a Sausage roll with topping for 3.5
Business Person bought a Sausage roll with sauce with topping for 4.5
Business Person bought a Jelly roll with sauce with sauce for 3.0
Business Person bought a Jelly roll with sauce with sauce for 3.0
Catering Customer bought a Jelly roll with sauce with sauce for 3.0
Catering Customer bought a Jelly roll with sauce for 2.0
Catering Customer bought a Jelly roll with sauce with topping for 3.0
Catering Customer bought a Jelly roll with topping for 2.0
Catering Customer bought a Jelly roll with sauce with sauce with topping for 4.0
Catering Customer bought a Spring roll with sauce for 2.5
Catering Customer bought a Spring roll with topping for 2.5
Catering Customer bought a Spring roll for 1.5
Catering Customer bought a Spring roll with sauce for 2.5
Catering Customer bought a Spring roll with sauce for 2.5
Catering Customer bought a Sausage roll with sauce with topping for 4.5
Catering Customer bought a Sausage roll with topping for 3.5
Catering Customer bought a Sausage roll with sauce for 3.5
Catering Customer bought a Sausage roll with sauce for 3.5
Catering Customer bought a Sausage roll for 2.5
Casual Person bought a Sausage roll for 2.5
Casual Person bought a Sausage roll with sauce with topping for 4.5
number of receipts is 8
7 Springroll remaining.
4 Eggroll remaining.
13 Pastryroll remaining.
4 Sausageroll remaining.
16 Jellyroll remaining.
8.0 total daily sales for 194.13 dollars
Catering Customer customer type purchased 53.1 dollars worth of rolls.
Casual Person customer type purchased 16.59 dollars worth of rolls.
Business Person customer type purchased 36.44 dollars worth of rolls.
sold 16 of Springroll
sold 10 of Eggroll
sold 7 of Pastryroll
sold 12 of Sausageroll
sold 14 of Jellyroll
Start of day number 9
7 Springroll remaining.
4 Eggroll remaining.
13 Pastryroll remaining.
4 Sausageroll remaining.
16 Jellyroll remaining.
ran out of Eggroll
ran out of Sausageroll
Catering Customer bought a Jelly roll with sauce with topping for 3.0
Catering Customer bought a Jelly roll with sauce with sauce for 3.0
Catering Customer bought a Jelly roll with sauce with sauce with topping for 4.0
Catering Customer bought a Jelly roll with sauce with sauce for 3.0
Catering Customer bought a Jelly roll with topping for 2.0
Catering Customer bought a Egg roll with sauce with topping for 5.12
Catering Customer bought a Egg roll with sauce for 4.12
Catering Customer bought a Egg roll with sauce with sauce with topping for 6.12
Catering Customer bought a Egg roll with sauce with sauce for 5.12
Catering Customer bought a Sausage roll with sauce with sauce for 4.5
Catering Customer bought a Sausage roll with sauce for 3.5
Catering Customer bought a Sausage roll with sauce with sauce with topping for 5.5
Catering Customer bought a Sausage roll for 2.5
number of receipts is 1
7 Springroll remaining.
0 Eggroll remaining.
13 Pastryroll remaining.
0 Sausageroll remaining.
11 Jellyroll remaining.
1.0 total daily sales for 51.480000000000004 dollars
Catering Customer customer type purchased 27.480000000000004 dollars worth of rolls.
sold 0 of Springroll
sold 4 of Eggroll
sold 0 of Pastryroll
sold 4 of Sausageroll
sold 5 of Jellyroll
Start of day number 10
7 Springroll remaining.
30 Eggroll remaining.
13 Pastryroll remaining.
30 Sausageroll remaining.
11 Jellyroll remaining.
Casual Person bought a Jelly roll for 1.0
Casual Person bought a Spring roll with topping for 2.5
Casual Person bought a Pastry roll with sauce with sauce with topping for 3.99
Casual Person bought a Spring roll for 1.5
Business Person bought a Spring roll with sauce for 2.5
Business Person bought a Spring roll with sauce with sauce with topping for 4.5
Business Person bought a Egg roll with sauce with sauce for 5.12
Business Person bought a Egg roll with sauce with sauce for 5.12
Business Person bought a Pastry roll with sauce with sauce with topping for 3.99
Business Person bought a Pastry roll with sauce with sauce for 2.99
Business Person bought a Sausage roll for 2.5
Business Person bought a Sausage roll with topping for 3.5
Business Person bought a Jelly roll with sauce with topping for 3.0
Business Person bought a Jelly roll for 1.0
Business Person bought a Spring roll with sauce with topping for 3.5
Business Person bought a Spring roll for 1.5
Business Person bought a Egg roll with sauce with sauce for 5.12
Business Person bought a Egg roll for 3.12
Business Person bought a Pastry roll with sauce for 1.99
Business Person bought a Pastry roll with sauce with sauce with topping for 3.99
Business Person bought a Sausage roll with sauce with sauce for 4.5
Business Person bought a Sausage roll with topping for 3.5
Business Person bought a Jelly roll with sauce for 2.0
Business Person bought a Jelly roll with sauce with sauce with topping for 4.0
ran out of Springroll
ran out of Springroll
ran out of Springroll
ran out of Springroll
Catering Customer bought a Egg roll with sauce with sauce with topping for 6.12
Catering Customer bought a Egg roll with sauce for 4.12
Catering Customer bought a Egg roll for 3.12
Catering Customer bought a Egg roll for 3.12
Catering Customer bought a Egg roll with sauce with sauce for 5.12
Catering Customer bought a Spring roll with topping for 2.5
Catering Customer bought a Pastry roll for 0.99
Catering Customer bought a Pastry roll with sauce with sauce with topping for 3.99
Catering Customer bought a Pastry roll with sauce with sauce with topping for 3.99
Catering Customer bought a Pastry roll with topping for 1.99
Catering Customer bought a Pastry roll with sauce with topping for 2.99
ran out of Springroll
Casual Person bought a Sausage roll for 2.5
Casual Person bought a Pastry roll with sauce with topping for 2.99
ran out of Springroll
Casual Person bought a Egg roll with sauce with topping for 5.12
Casual Person bought a Egg roll with sauce for 4.12
Casual Person bought a Jelly roll with sauce with topping for 3.0
Casual Person bought a Jelly roll with sauce for 2.0
Casual Person bought a Egg roll with topping for 4.12
Casual Person bought a Jelly roll with sauce with sauce with topping for 4.0
Casual Person bought a Jelly roll with topping for 2.0
Casual Person bought a Pastry roll with sauce with sauce with topping for 3.99
Casual Person bought a Egg roll with sauce with sauce for 5.12
Casual Person bought a Egg roll for 3.12
ran out of Springroll
Casual Person bought a Sausage roll with sauce with sauce with topping for 5.5
Casual Person bought a Pastry roll with sauce with sauce for 2.99
ran out of Springroll
Casual Person bought a Jelly roll with sauce for 2.0
Casual Person bought a Egg roll with sauce with topping for 5.12
ran out of Springroll
Casual Person bought a Jelly roll with topping for 2.0
ran out of Pastryroll
ran out of Pastryroll
ran out of Pastryroll
ran out of Pastryroll
ran out of Pastryroll
ran out of Jellyroll
ran out of Jellyroll
ran out of Jellyroll
ran out of Jellyroll
ran out of Jellyroll
Catering Customer bought a Sausage roll with sauce with sauce with topping for 5.5
Catering Customer bought a Sausage roll for 2.5
Catering Customer bought a Sausage roll with sauce with sauce with topping for 5.5
Catering Customer bought a Sausage roll with sauce with sauce with topping for 5.5
Catering Customer bought a Sausage roll for 2.5
number of receipts is 14
0 Springroll remaining.
15 Eggroll remaining.
0 Pastryroll remaining.
19 Sausageroll remaining.
0 Jellyroll remaining.
14.0 total daily sales for 195.67000000000004 dollars
Catering Customer customer type purchased 34.55 dollars worth of rolls.
Casual Person customer type purchased 37.68 dollars worth of rolls.
Business Person customer type purchased 36.44 dollars worth of rolls.
sold 7 of Springroll
sold 15 of Eggroll
sold 13 of Pastryroll
sold 11 of Sausageroll
sold 11 of Jellyroll
Start of day number 11
30 Springroll remaining.
15 Eggroll remaining.
30 Pastryroll remaining.
19 Sausageroll remaining.
30 Jellyroll remaining.
Casual Person bought a Spring roll with topping for 2.5
Casual Person bought a Sausage roll with sauce for 3.5
Catering Customer bought a Spring roll with sauce with sauce with topping for 4.5
Catering Customer bought a Spring roll with sauce with topping for 3.5
Catering Customer bought a Spring roll with sauce with sauce with topping for 4.5
Catering Customer bought a Spring roll with sauce for 2.5
Catering Customer bought a Spring roll with sauce with topping for 3.5
Catering Customer bought a Egg roll for 3.12
Catering Customer bought a Egg roll with sauce with topping for 5.12
Catering Customer bought a Egg roll with sauce with sauce with topping for 6.12
Catering Customer bought a Egg roll with sauce for 4.12
Catering Customer bought a Egg roll with sauce with sauce with topping for 6.12
Catering Customer bought a Pastry roll with sauce with sauce for 2.99
Catering Customer bought a Pastry roll with sauce for 1.99
Catering Customer bought a Pastry roll with sauce with topping for 2.99
Catering Customer bought a Pastry roll for 0.99
Catering Customer bought a Pastry roll with topping for 1.99
Casual Person bought a Spring roll with sauce with topping for 3.5
Casual Person bought a Pastry roll with topping for 1.99
Casual Person bought a Sausage roll with topping for 3.5
Casual Person bought a Sausage roll with sauce for 3.5
Casual Person bought a Pastry roll for 0.99
Casual Person bought a Jelly roll with sauce with sauce with topping for 4.0
Casual Person bought a Sausage roll with sauce with sauce for 4.5
Casual Person bought a Sausage roll with sauce with sauce for 4.5
Casual Person bought a Jelly roll for 1.0
Casual Person bought a Egg roll for 3.12
Casual Person bought a Egg roll with sauce with sauce with topping for 6.12
Casual Person bought a Sausage roll with topping for 3.5
Casual Person bought a Pastry roll with sauce with sauce with topping for 3.99
Casual Person bought a Pastry roll with sauce with topping for 2.99
Casual Person bought a Pastry roll with topping for 1.99
Casual Person bought a Sausage roll with sauce for 3.5
Casual Person bought a Jelly roll with sauce with sauce with topping for 4.0
Casual Person bought a Pastry roll for 0.99
Casual Person bought a Egg roll for 3.12
Casual Person bought a Spring roll with sauce with sauce for 3.5
Casual Person bought a Pastry roll with sauce with sauce with topping for 3.99
number of receipts is 10
22 Springroll remaining.
7 Eggroll remaining.
18 Pastryroll remaining.
12 Sausageroll remaining.
27 Jellyroll remaining.
10.0 total daily sales for 128.34 dollars
Catering Customer customer type purchased 28.049999999999997 dollars worth of rolls.
Casual Person customer type purchased 41.29 dollars worth of rolls.
sold 8 of Springroll
sold 8 of Eggroll
sold 12 of Pastryroll
sold 7 of Sausageroll
sold 3 of Jellyroll
Start of day number 12
22 Springroll remaining.
7 Eggroll remaining.
18 Pastryroll remaining.
12 Sausageroll remaining.
27 Jellyroll remaining.
Business Person bought a Spring roll with sauce with topping for 3.5
Business Person bought a Spring roll with sauce with sauce with topping for 4.5
Business Person bought a Egg roll with sauce for 4.12
Business Person bought a Egg roll with sauce with sauce with topping for 6.12
Business Person bought a Pastry roll with sauce for 1.99
Business Person bought a Pastry roll with sauce with sauce with topping for 3.99
Business Person bought a Sausage roll for 2.5
Business Person bought a Sausage roll with sauce with sauce with topping for 5.5
Business Person bought a Jelly roll with sauce for 2.0
Business Person bought a Jelly roll with sauce with sauce for 3.0
Casual Person bought a Jelly roll for 1.0
Casual Person bought a Spring roll with topping for 2.5
Casual Person bought a Jelly roll for 1.0
Casual Person bought a Pastry roll with sauce with sauce for 2.99
Casual Person bought a Sausage roll with sauce with sauce with topping for 5.5
Casual Person bought a Egg roll for 3.12
Casual Person bought a Jelly roll with sauce for 2.0
Business Person bought a Spring roll with topping for 2.5
Business Person bought a Spring roll with sauce for 2.5
Business Person bought a Egg roll with sauce with topping for 5.12
Business Person bought a Egg roll for 3.12
Business Person bought a Pastry roll with topping for 1.99
Business Person bought a Pastry roll with sauce with sauce for 2.99
Business Person bought a Sausage roll with sauce with sauce with topping for 5.5
Business Person bought a Sausage roll with sauce for 3.5
Business Person bought a Jelly roll with topping for 2.0
Business Person bought a Jelly roll with sauce with sauce with topping for 4.0
number of receipts is 5
17 Springroll remaining.
2 Eggroll remaining.
13 Pastryroll remaining.
7 Sausageroll remaining.
20 Jellyroll remaining.
5.0 total daily sales for 88.55 dollars
Casual Person customer type purchased 11.11 dollars worth of rolls.
Business Person customer type purchased 36.44 dollars worth of rolls.
sold 5 of Springroll
sold 5 of Eggroll
sold 5 of Pastryroll
sold 5 of Sausageroll
sold 7 of Jellyroll
Start of day number 13
17 Springroll remaining.
2 Eggroll remaining.
13 Pastryroll remaining.
7 Sausageroll remaining.
20 Jellyroll remaining.
Casual Person bought a Egg roll with sauce with topping for 5.12
Casual Person bought a Egg roll with sauce with sauce with topping for 6.12
ran out of Eggroll
ran out of Eggroll
ran out of Eggroll
ran out of Eggroll
ran out of Eggroll
Catering Customer bought a Spring roll for 1.5
Catering Customer bought a Spring roll with sauce for 2.5
Catering Customer bought a Spring roll for 1.5
Catering Customer bought a Spring roll with sauce with sauce for 3.5
Catering Customer bought a Spring roll with sauce with sauce with topping for 4.5
Catering Customer bought a Pastry roll with sauce with sauce with topping for 3.99
Catering Customer bought a Pastry roll with sauce with sauce for 2.99
Catering Customer bought a Pastry roll for 0.99
Catering Customer bought a Pastry roll with sauce with sauce for 2.99
Catering Customer bought a Pastry roll for 0.99
Casual Person bought a Sausage roll with sauce with topping for 4.5
Casual Person bought a Pastry roll for 0.99
Casual Person bought a Spring roll with sauce with sauce for 3.5
Casual Person bought a Spring roll with sauce for 2.5
Casual Person bought a Spring roll with topping for 2.5
ran out of Eggroll
Casual Person bought a Jelly roll with sauce for 2.0
ran out of Eggroll
Casual Person bought a Sausage roll with topping for 3.5
Casual Person bought a Pastry roll with topping for 1.99
Casual Person bought a Sausage roll with sauce for 3.5
Casual Person bought a Pastry roll with sauce with topping for 2.99
Casual Person bought a Pastry roll with sauce with sauce for 2.99
Casual Person bought a Sausage roll with sauce with sauce with topping for 5.5
Casual Person bought a Spring roll with sauce for 2.5
Casual Person bought a Pastry roll with sauce for 1.99
Casual Person bought a Spring roll with sauce with topping for 3.5
Casual Person bought a Sausage roll for 2.5
Casual Person bought a Sausage roll with topping for 3.5
Casual Person bought a Sausage roll with sauce with sauce for 4.5
Casual Person bought a Jelly roll with sauce with topping for 3.0
Casual Person bought a Jelly roll with topping for 2.0
Casual Person bought a Pastry roll with topping for 1.99
number of receipts is 11
7 Springroll remaining.
0 Eggroll remaining.
2 Pastryroll remaining.
0 Sausageroll remaining.
17 Jellyroll remaining.
11.0 total daily sales for 98.63 dollars
Catering Customer customer type purchased 12.450000000000001 dollars worth of rolls.
Casual Person customer type purchased 40.18 dollars worth of rolls.
sold 10 of Springroll
sold 2 of Eggroll
sold 11 of Pastryroll
sold 7 of Sausageroll
sold 3 of Jellyroll
Start of day number 14
7 Springroll remaining.
30 Eggroll remaining.
2 Pastryroll remaining.
30 Sausageroll remaining.
17 Jellyroll remaining.
Casual Person bought a Spring roll for 1.5
Casual Person bought a Pastry roll with sauce with sauce for 2.99
Casual Person bought a Sausage roll for 2.5
Casual Person bought a Sausage roll with sauce with sauce for 4.5
Casual Person bought a Jelly roll with sauce with sauce with topping for 4.0
Casual Person bought a Sausage roll with sauce for 3.5
Casual Person bought a Pastry roll with sauce with sauce for 2.99
Casual Person bought a Jelly roll with sauce with sauce for 3.0
Casual Person bought a Egg roll with sauce with sauce for 5.12
ran out of Pastryroll
Casual Person bought a Sausage roll for 2.5
Casual Person bought a Egg roll with sauce with sauce for 5.12
ran out of Pastryroll
Casual Person bought a Jelly roll for 1.0
Casual Person bought a Sausage roll with sauce with sauce with topping for 5.5
ran out of Pastryroll
Casual Person bought a Sausage roll with topping for 3.5
number of receipts is 7
6 Springroll remaining.
28 Eggroll remaining.
0 Pastryroll remaining.
24 Sausageroll remaining.
14 Jellyroll remaining.
7.0 total daily sales for 47.720000000000006 dollars
Casual Person customer type purchased 27.720000000000002 dollars worth of rolls.
sold 1 of Springroll
sold 2 of Eggroll
sold 2 of Pastryroll
sold 6 of Sausageroll
sold 3 of Jellyroll
Start of day number 15
6 Springroll remaining.
28 Eggroll remaining.
30 Pastryroll remaining.
24 Sausageroll remaining.
14 Jellyroll remaining.
Catering Customer bought a Sausage roll with topping for 3.5
Catering Customer bought a Sausage roll with topping for 3.5
Catering Customer bought a Sausage roll for 2.5
Catering Customer bought a Sausage roll for 2.5
Catering Customer bought a Sausage roll with sauce with sauce for 4.5
Catering Customer bought a Spring roll with sauce with sauce with topping for 4.5
Catering Customer bought a Spring roll for 1.5
Catering Customer bought a Spring roll for 1.5
Catering Customer bought a Spring roll for 1.5
Catering Customer bought a Spring roll for 1.5
Catering Customer bought a Pastry roll with sauce for 1.99
Catering Customer bought a Pastry roll with topping for 1.99
Catering Customer bought a Pastry roll for 0.99
Catering Customer bought a Pastry roll with sauce with sauce for 2.99
Catering Customer bought a Pastry roll with sauce with sauce for 2.99
ran out of Springroll
Business Person didn't buy anything.
number of receipts is 2
1 Springroll remaining.
28 Eggroll remaining.
25 Pastryroll remaining.
19 Sausageroll remaining.
14 Jellyroll remaining.
1.0 total daily sales for 37.949999999999996 dollars
Business Person customer type affected by 1 outages.
Catering Customer customer type purchased 24.949999999999992 dollars worth of rolls.
Business Person customer type purchased 0.0 dollars worth of rolls.
sold 5 of Springroll
sold 0 of Eggroll
sold 5 of Pastryroll
sold 5 of Sausageroll
sold 0 of Jellyroll
Start of day number 16
1 Springroll remaining.
28 Eggroll remaining.
25 Pastryroll remaining.
19 Sausageroll remaining.
14 Jellyroll remaining.
ran out of Springroll
Casual Person bought a Pastry roll with sauce for 1.99
Casual Person bought a Spring roll for 1.5
ran out of Springroll
ran out of Springroll
Business Person didn't buy anything.
ran out of Springroll
Casual Person bought a Egg roll for 3.12
ran out of Springroll
ran out of Springroll
Casual Person didn't buy anything.
ran out of Springroll
Casual Person bought a Sausage roll with topping for 3.5
Casual Person bought a Pastry roll with sauce with sauce for 2.99
ran out of Springroll
ran out of Springroll
Business Person didn't buy anything.
number of receipts is 6
0 Springroll remaining.
27 Eggroll remaining.
23 Pastryroll remaining.
18 Sausageroll remaining.
14 Jellyroll remaining.
3.0 total daily sales for 13.1 dollars
Business Person customer type affected by 2 outages.
Casual Person customer type purchased 9.100000000000001 dollars worth of rolls.
Business Person customer type purchased 0.0 dollars worth of rolls.
sold 1 of Springroll
sold 1 of Eggroll
sold 2 of Pastryroll
sold 1 of Sausageroll
sold 0 of Jellyroll
Start of day number 17
30 Springroll remaining.
27 Eggroll remaining.
23 Pastryroll remaining.
18 Sausageroll remaining.
14 Jellyroll remaining.
Casual Person bought a Egg roll with topping for 4.12
Casual Person bought a Egg roll for 3.12
Business Person bought a Spring roll for 1.5
Business Person bought a Spring roll with sauce for 2.5
Business Person bought a Egg roll with sauce with sauce for 5.12
Business Person bought a Egg roll with sauce with sauce for 5.12
Business Person bought a Pastry roll with sauce with sauce for 2.99
Business Person bought a Pastry roll with sauce with topping for 2.99
Business Person bought a Sausage roll with sauce with sauce with topping for 5.5
Business Person bought a Sausage roll with sauce with sauce for 4.5
Business Person bought a Jelly roll for 1.0
Business Person bought a Jelly roll with topping for 2.0
Casual Person bought a Sausage roll with sauce with sauce for 4.5
Casual Person bought a Jelly roll with sauce with topping for 3.0
Casual Person bought a Spring roll with sauce with topping for 3.5
Casual Person bought a Pastry roll with sauce with topping for 2.99
Casual Person bought a Spring roll with sauce with sauce with topping for 4.5
Casual Person bought a Pastry roll with sauce for 1.99
Casual Person bought a Pastry roll with sauce with sauce with topping for 3.99
Casual Person bought a Jelly roll with sauce for 2.0
Catering Customer bought a Jelly roll with sauce with sauce for 3.0
Catering Customer bought a Jelly roll with sauce with topping for 3.0
Catering Customer bought a Jelly roll with sauce for 2.0
Catering Customer bought a Jelly roll with sauce with sauce for 3.0
Catering Customer bought a Jelly roll with sauce with topping for 3.0
Catering Customer bought a Sausage roll with sauce with sauce with topping for 5.5
Catering Customer bought a Sausage roll with sauce with sauce for 4.5
Catering Customer bought a Sausage roll with sauce with sauce with topping for 5.5
Catering Customer bought a Sausage roll with sauce with sauce for 4.5
Catering Customer bought a Sausage roll for 2.5
Catering Customer bought a Pastry roll with sauce with sauce for 2.99
Catering Customer bought a Pastry roll with sauce with topping for 2.99
Catering Customer bought a Pastry roll with sauce with sauce for 2.99
Catering Customer bought a Pastry roll with sauce with sauce with topping for 3.99
Catering Customer bought a Pastry roll with sauce with topping for 2.99
Casual Person bought a Egg roll with sauce with sauce for 5.12
Casual Person bought a Jelly roll with sauce with topping for 3.0
Casual Person bought a Pastry roll with sauce with sauce with topping for 3.99
Casual Person bought a Sausage roll with sauce for 3.5
Catering Customer bought a Egg roll with sauce with sauce for 5.12
Catering Customer bought a Egg roll with topping for 4.12
Catering Customer bought a Egg roll with sauce with topping for 5.12
Catering Customer bought a Egg roll with sauce with sauce with topping for 6.12
Catering Customer bought a Egg roll for 3.12
Catering Customer bought a Sausage roll with sauce with sauce for 4.5
Catering Customer bought a Sausage roll with sauce with sauce with topping for 5.5
Catering Customer bought a Sausage roll with sauce with sauce with topping for 5.5
Catering Customer bought a Sausage roll with topping for 3.5
Catering Customer bought a Sausage roll with topping for 3.5
Catering Customer bought a Spring roll with sauce with sauce with topping for 4.5
Catering Customer bought a Spring roll with sauce with sauce with topping for 4.5
Catering Customer bought a Spring roll with sauce for 2.5
Catering Customer bought a Spring roll with sauce with topping for 3.5
Catering Customer bought a Spring roll with topping for 2.5
Business Person bought a Spring roll with topping for 2.5
Business Person bought a Spring roll with sauce with topping for 3.5
Business Person bought a Egg roll with sauce with topping for 5.12
Business Person bought a Egg roll with sauce with topping for 5.12
Business Person bought a Pastry roll with topping for 1.99
Business Person bought a Pastry roll with sauce with topping for 2.99
Business Person bought a Sausage roll with sauce with sauce with topping for 5.5
Business Person bought a Sausage roll with sauce with sauce for 4.5
Business Person bought a Jelly roll with sauce with sauce for 3.0
Business Person bought a Jelly roll with sauce with sauce for 3.0
number of receipts is 10
19 Springroll remaining.
15 Eggroll remaining.
10 Pastryroll remaining.
2 Sausageroll remaining.
2 Jellyroll remaining.
10.0 total daily sales for 235.81000000000003 dollars
Catering Customer customer type purchased 58.05 dollars worth of rolls.
Casual Person customer type purchased 24.32 dollars worth of rolls.
Business Person customer type purchased 36.44 dollars worth of rolls.
sold 11 of Springroll
sold 12 of Eggroll
sold 13 of Pastryroll
sold 16 of Sausageroll
sold 12 of Jellyroll
Start of day number 18
19 Springroll remaining.
15 Eggroll remaining.
10 Pastryroll remaining.
2 Sausageroll remaining.
2 Jellyroll remaining.
ran out of Jellyroll
ran out of Jellyroll
ran out of Jellyroll
ran out of Sausageroll
ran out of Sausageroll
ran out of Sausageroll
Catering Customer bought a Jelly roll with sauce with sauce with topping for 4.0
Catering Customer bought a Jelly roll with sauce with topping for 3.0
Catering Customer bought a Spring roll with topping for 2.5
Catering Customer bought a Spring roll with sauce with sauce for 3.5
Catering Customer bought a Spring roll with sauce with sauce with topping for 4.5
Catering Customer bought a Spring roll with sauce with sauce for 3.5
Catering Customer bought a Spring roll with sauce for 2.5
Catering Customer bought a Sausage roll with sauce for 3.5
Catering Customer bought a Sausage roll for 2.5
number of receipts is 1
14 Springroll remaining.
15 Eggroll remaining.
10 Pastryroll remaining.
0 Sausageroll remaining.
0 Jellyroll remaining.
1.0 total daily sales for 29.5 dollars
Catering Customer customer type purchased 14.5 dollars worth of rolls.
sold 5 of Springroll
sold 0 of Eggroll
sold 0 of Pastryroll
sold 2 of Sausageroll
sold 2 of Jellyroll
Start of day number 19
14 Springroll remaining.
15 Eggroll remaining.
10 Pastryroll remaining.
30 Sausageroll remaining.
30 Jellyroll remaining.
Casual Person bought a Jelly roll with sauce for 2.0
Casual Person bought a Egg roll with sauce for 4.12
Business Person bought a Spring roll with sauce with sauce for 3.5
Business Person bought a Spring roll with sauce for 2.5
Business Person bought a Egg roll with topping for 4.12
Business Person bought a Egg roll with sauce with topping for 5.12
Business Person bought a Pastry roll with sauce with sauce with topping for 3.99
Business Person bought a Pastry roll with sauce with sauce for 2.99
Business Person bought a Sausage roll with sauce with sauce for 4.5
Business Person bought a Sausage roll with sauce with sauce with topping for 5.5
Business Person bought a Jelly roll with sauce with topping for 3.0
Business Person bought a Jelly roll with sauce for 2.0
Casual Person bought a Egg roll with sauce with topping for 5.12
Casual Person bought a Egg roll with topping for 4.12
Casual Person bought a Spring roll with sauce with topping for 3.5
Casual Person bought a Jelly roll with sauce with topping for 3.0
Casual Person bought a Pastry roll with topping for 1.99
Casual Person bought a Pastry roll with topping for 1.99
Casual Person bought a Sausage roll with sauce for 3.5
Casual Person bought a Jelly roll for 1.0
Casual Person bought a Sausage roll with sauce with topping for 4.5
Casual Person bought a Spring roll with topping for 2.5
Business Person bought a Spring roll with topping for 2.5
Business Person bought a Spring roll with topping for 2.5
Business Person bought a Egg roll with sauce with sauce for 5.12
Business Person bought a Egg roll for 3.12
Business Person bought a Pastry roll with sauce with sauce for 2.99
Business Person bought a Pastry roll with sauce for 1.99
Business Person bought a Sausage roll with sauce with sauce with topping for 5.5
Business Person bought a Sausage roll with sauce with sauce for 4.5
Business Person bought a Jelly roll for 1.0
Business Person bought a Jelly roll with sauce for 2.0
Catering Customer bought a Sausage roll with topping for 3.5
Catering Customer bought a Sausage roll with sauce with topping for 4.5
Catering Customer bought a Sausage roll with sauce with sauce for 4.5
Catering Customer bought a Sausage roll with sauce for 3.5
Catering Customer bought a Sausage roll with sauce with sauce with topping for 5.5
Catering Customer bought a Spring roll with sauce with sauce for 3.5
Catering Customer bought a Spring roll with sauce with topping for 3.5
Catering Customer bought a Spring roll with sauce with topping for 3.5
Catering Customer bought a Spring roll with sauce for 2.5
Catering Customer bought a Spring roll with topping for 2.5
Catering Customer bought a Egg roll with sauce with topping for 5.12
Catering Customer bought a Egg roll with sauce for 4.12
Catering Customer bought a Egg roll with sauce with sauce with topping for 6.12
Catering Customer bought a Egg roll for 3.12
Catering Customer bought a Egg roll with sauce with sauce for 5.12
Casual Person bought a Sausage roll with sauce with sauce for 4.5
Casual Person bought a Sausage roll with topping for 3.5
Casual Person bought a Jelly roll with sauce with sauce for 3.0
Casual Person bought a Pastry roll for 0.99
Casual Person bought a Egg roll with sauce for 4.12
Casual Person bought a Jelly roll with sauce with topping for 3.0
Casual Person bought a Pastry roll for 0.99
number of receipts is 11
3 Springroll remaining.
2 Eggroll remaining.
2 Pastryroll remaining.
17 Sausageroll remaining.
21 Jellyroll remaining.
11.0 total daily sales for 186.48000000000005 dollars
Catering Customer customer type purchased 35.6 dollars worth of rolls.
Casual Person customer type purchased 34.440000000000005 dollars worth of rolls.
Business Person customer type purchased 36.44 dollars worth of rolls.
sold 11 of Springroll
sold 13 of Eggroll
sold 8 of Pastryroll
sold 13 of Sausageroll
sold 9 of Jellyroll
Start of day number 20
3 Springroll remaining.
2 Eggroll remaining.
2 Pastryroll remaining.
17 Sausageroll remaining.
21 Jellyroll remaining.
Casual Person bought a Jelly roll with topping for 2.0
Casual Person bought a Egg roll for 3.12
Casual Person bought a Jelly roll with sauce for 2.0
Casual Person bought a Sausage roll with sauce with topping for 4.5
Casual Person bought a Egg roll with sauce for 4.12
ran out of Eggroll
Casual Person bought a Jelly roll for 1.0
Casual Person bought a Jelly roll with sauce with sauce with topping for 4.0
ran out of Eggroll
Casual Person bought a Sausage roll with sauce with sauce with topping for 5.5
Casual Person bought a Jelly roll with sauce with topping for 3.0
ran out of Pastryroll
ran out of Pastryroll
ran out of Pastryroll
ran out of Eggroll
ran out of Eggroll
ran out of Eggroll
ran out of Eggroll
ran out of Eggroll
Catering Customer bought a Jelly roll with sauce with topping for 3.0
Catering Customer bought a Jelly roll for 1.0
Catering Customer bought a Jelly roll for 1.0
Catering Customer bought a Jelly roll with topping for 2.0
Catering Customer bought a Jelly roll with sauce for 2.0
Catering Customer bought a Pastry roll with sauce for 1.99
Catering Customer bought a Pastry roll for 0.99
ran out of Eggroll
ran out of Eggroll
ran out of Pastryroll
ran out of Pastryroll
Business Person didn't buy anything.
ran out of Pastryroll
Casual Person bought a Sausage roll with sauce with sauce for 4.5
ran out of Pastryroll
ran out of Pastryroll
ran out of Pastryroll
ran out of Pastryroll
ran out of Pastryroll
ran out of Springroll
ran out of Springroll
ran out of Eggroll
ran out of Eggroll
ran out of Eggroll
ran out of Eggroll
ran out of Eggroll
Catering Customer bought a Spring roll with sauce with sauce for 3.5
Catering Customer bought a Spring roll for 1.5
Catering Customer bought a Spring roll with topping for 2.5
ran out of Springroll
ran out of Eggroll
Casual Person bought a Sausage roll with sauce with sauce with topping for 5.5
ran out of Springroll
ran out of Springroll
ran out of Eggroll
ran out of Eggroll
ran out of Pastryroll
ran out of Pastryroll
Business Person didn't buy anything.
ran out of Springroll
Casual Person bought a Jelly roll with sauce with sauce for 3.0
Casual Person bought a Jelly roll with sauce for 2.0
ran out of Eggroll
ran out of Pastryroll
Casual Person didn't buy anything.
number of receipts is 12
0 Springroll remaining.
0 Eggroll remaining.
0 Pastryroll remaining.
13 Sausageroll remaining.
9 Jellyroll remaining.
9.0 total daily sales for 63.720000000000006 dollars
Business Person customer type affected by 2 outages.
Catering Customer customer type purchased 11.48 dollars worth of rolls.
Casual Person customer type purchased 23.240000000000002 dollars worth of rolls.
Business Person customer type purchased 0.0 dollars worth of rolls.
sold 3 of Springroll
sold 2 of Eggroll
sold 2 of Pastryroll
sold 4 of Sausageroll
sold 12 of Jellyroll
Start of day number 21
30 Springroll remaining.
30 Eggroll remaining.
30 Pastryroll remaining.
13 Sausageroll remaining.
9 Jellyroll remaining.
Casual Person bought a Egg roll with topping for 4.12
Casual Person bought a Egg roll with sauce with sauce for 5.12
Casual Person bought a Egg roll with sauce with topping for 5.12
Casual Person bought a Pastry roll for 0.99
Casual Person bought a Egg roll with topping for 4.12
Casual Person bought a Pastry roll with topping for 1.99
Casual Person bought a Spring roll for 1.5
Casual Person bought a Pastry roll with sauce with sauce for 2.99
Casual Person bought a Spring roll with sauce with sauce with topping for 4.5
Casual Person bought a Sausage roll with sauce with topping for 4.5
Casual Person bought a Spring roll for 1.5
Casual Person bought a Spring roll with sauce with topping for 3.5
Casual Person bought a Pastry roll with topping for 1.99
Casual Person bought a Egg roll for 3.12
Casual Person bought a Egg roll with sauce for 4.12
Casual Person bought a Pastry roll with sauce with topping for 2.99
Business Person bought a Spring roll with sauce with topping for 3.5
Business Person bought a Spring roll for 1.5
Business Person bought a Egg roll with sauce for 4.12
Business Person bought a Egg roll for 3.12
Business Person bought a Pastry roll with sauce for 1.99
Business Person bought a Pastry roll with sauce with sauce for 2.99
Business Person bought a Sausage roll with sauce for 3.5
Business Person bought a Sausage roll with sauce with sauce for 4.5
Business Person bought a Jelly roll with sauce for 2.0
Business Person bought a Jelly roll with sauce with sauce for 3.0
Casual Person bought a Sausage roll with sauce with topping for 4.5
Casual Person bought a Sausage roll with sauce with sauce for 4.5
Casual Person bought a Spring roll with sauce with topping for 3.5
Casual Person bought a Pastry roll with sauce with topping for 2.99
Catering Customer bought a Spring roll for 1.5
Catering Customer bought a Spring roll for 1.5
Catering Customer bought a Spring roll with topping for 2.5
Catering Customer bought a Spring roll with sauce with sauce with topping for 4.5
Catering Customer bought a Spring roll with sauce with topping for 3.5
Catering Customer bought a Jelly roll with sauce for 2.0
Catering Customer bought a Jelly roll for 1.0
Catering Customer bought a Jelly roll for 1.0
Catering Customer bought a Jelly roll with sauce with topping for 3.0
Catering Customer bought a Jelly roll with topping for 2.0
Catering Customer bought a Sausage roll for 2.5
Catering Customer bought a Sausage roll with sauce with sauce with topping for 5.5
Catering Customer bought a Sausage roll with sauce with topping for 4.5
Catering Customer bought a Sausage roll with sauce with topping for 4.5
Catering Customer bought a Sausage roll with sauce for 3.5
Casual Person bought a Sausage roll with topping for 3.5
Casual Person bought a Pastry roll with sauce with sauce with topping for 3.99
Business Person bought a Spring roll with sauce with sauce for 3.5
Business Person bought a Spring roll with sauce with sauce with topping for 4.5
Business Person bought a Egg roll for 3.12
Business Person bought a Egg roll with sauce with topping for 5.12
Business Person bought a Pastry roll for 0.99
Business Person bought a Pastry roll with sauce with sauce for 2.99
Business Person bought a Sausage roll with topping for 3.5
Business Person bought a Sausage roll with sauce with topping for 4.5
Business Person bought a Jelly roll with sauce for 2.0
Business Person bought a Jelly roll for 1.0
number of receipts is 12
16 Springroll remaining.
20 Eggroll remaining.
19 Pastryroll remaining.
0 Sausageroll remaining.
0 Jellyroll remaining.
12.0 total daily sales for 179.59000000000003 dollars
Catering Customer customer type purchased 25.0 dollars worth of rolls.
Casual Person customer type purchased 43.150000000000006 dollars worth of rolls.
Business Person customer type purchased 36.44 dollars worth of rolls.
sold 14 of Springroll
sold 10 of Eggroll
sold 11 of Pastryroll
sold 13 of Sausageroll
sold 9 of Jellyroll
Start of day number 22
16 Springroll remaining.
20 Eggroll remaining.
19 Pastryroll remaining.
30 Sausageroll remaining.
30 Jellyroll remaining.
Casual Person bought a Egg roll with sauce with sauce for 5.12
Casual Person bought a Sausage roll for 2.5
Casual Person bought a Pastry roll for 0.99
Casual Person bought a Pastry roll with sauce with sauce for 2.99
Casual Person bought a Egg roll with sauce with topping for 5.12
Casual Person bought a Spring roll for 1.5
Casual Person bought a Pastry roll with sauce with sauce with topping for 3.99
Casual Person bought a Spring roll with sauce with sauce for 3.5
Casual Person bought a Egg roll with sauce with topping for 5.12
Casual Person bought a Spring roll with sauce with sauce for 3.5
Casual Person bought a Pastry roll with sauce with sauce for 2.99
Casual Person bought a Egg roll with sauce for 4.12
Casual Person bought a Sausage roll with sauce with sauce for 4.5
number of receipts is 5
13 Springroll remaining.
16 Eggroll remaining.
15 Pastryroll remaining.
28 Sausageroll remaining.
30 Jellyroll remaining.
5.0 total daily sales for 45.94 dollars
Casual Person customer type purchased 25.94 dollars worth of rolls.
sold 3 of Springroll
sold 4 of Eggroll
sold 4 of Pastryroll
sold 2 of Sausageroll
sold 0 of Jellyroll
Start of day number 23
13 Springroll remaining.
16 Eggroll remaining.
15 Pastryroll remaining.
28 Sausageroll remaining.
30 Jellyroll remaining.
Casual Person bought a Pastry roll with sauce with sauce with topping for 3.99
Casual Person bought a Jelly roll with sauce with sauce for 3.0
Casual Person bought a Sausage roll for 2.5
Catering Customer bought a Sausage roll with sauce with sauce with topping for 5.5
Catering Customer bought a Sausage roll for 2.5
Catering Customer bought a Sausage roll with sauce with sauce for 4.5
Catering Customer bought a Sausage roll with sauce with topping for 4.5
Catering Customer bought a Sausage roll with sauce with sauce with topping for 5.5
Catering Customer bought a Jelly roll with topping for 2.0
Catering Customer bought a Jelly roll for 1.0
Catering Customer bought a Jelly roll for 1.0
Catering Customer bought a Jelly roll with topping for 2.0
Catering Customer bought a Jelly roll for 1.0
Catering Customer bought a Spring roll with sauce for 2.5
Catering Customer bought a Spring roll with sauce with topping for 3.5
Catering Customer bought a Spring roll for 1.5
Catering Customer bought a Spring roll for 1.5
Catering Customer bought a Spring roll with sauce with topping for 3.5
Casual Person bought a Jelly roll with topping for 2.0
Casual Person bought a Egg roll with sauce with topping for 5.12
Casual Person bought a Jelly roll with sauce with sauce for 3.0
Casual Person bought a Spring roll for 1.5
Casual Person bought a Jelly roll with sauce for 2.0
Casual Person bought a Egg roll with topping for 4.12
Casual Person bought a Spring roll for 1.5
Catering Customer bought a Spring roll with topping for 2.5
Catering Customer bought a Spring roll with sauce with topping for 3.5
Catering Customer bought a Spring roll with sauce for 2.5
Catering Customer bought a Spring roll with sauce with sauce with topping for 4.5
Catering Customer bought a Spring roll with topping for 2.5
Catering Customer bought a Egg roll for 3.12
Catering Customer bought a Egg roll with sauce for 4.12
Catering Customer bought a Egg roll with sauce with sauce with topping for 6.12
Catering Customer bought a Egg roll with sauce for 4.12
Catering Customer bought a Egg roll with sauce with sauce for 5.12
Catering Customer bought a Sausage roll with topping for 3.5
Catering Customer bought a Sausage roll for 2.5
Catering Customer bought a Sausage roll for 2.5
Catering Customer bought a Sausage roll with sauce with sauce for 4.5
Catering Customer bought a Sausage roll with sauce for 3.5
Casual Person bought a Sausage roll with sauce for 3.5
Casual Person bought a Spring roll with topping for 2.5
Casual Person bought a Sausage roll for 2.5
Casual Person bought a Jelly roll with sauce with sauce with topping for 4.0
Casual Person bought a Pastry roll with sauce for 1.99
ran out of Springroll
ran out of Springroll
Casual Person didn't buy anything.
Casual Person bought a Sausage roll with sauce with sauce with topping for 5.5
Casual Person bought a Sausage roll with topping for 3.5
Casual Person bought a Jelly roll with sauce with sauce with topping for 4.0
Casual Person bought a Egg roll for 3.12
Casual Person bought a Jelly roll with sauce with topping for 3.0
number of receipts is 11
0 Springroll remaining.
8 Eggroll remaining.
13 Pastryroll remaining.
13 Sausageroll remaining.
18 Jellyroll remaining.
10.0 total daily sales for 158.94000000000005 dollars
Catering Customer customer type purchased 60.60000000000001 dollars worth of rolls.
Casual Person customer type purchased 35.339999999999996 dollars worth of rolls.
sold 13 of Springroll
sold 8 of Eggroll
sold 2 of Pastryroll
sold 15 of Sausageroll
sold 12 of Jellyroll
Start of day number 24
30 Springroll remaining.
8 Eggroll remaining.
13 Pastryroll remaining.
13 Sausageroll remaining.
18 Jellyroll remaining.
Casual Person bought a Jelly roll with topping for 2.0
Casual Person bought a Spring roll for 1.5
Casual Person bought a Spring roll with topping for 2.5
Casual Person bought a Spring roll with sauce for 2.5
Casual Person bought a Jelly roll with topping for 2.0
Catering Customer bought a Sausage roll with topping for 3.5
Catering Customer bought a Sausage roll with topping for 3.5
Catering Customer bought a Sausage roll with sauce with sauce with topping for 5.5
Catering Customer bought a Sausage roll with sauce with topping for 4.5
Catering Customer bought a Sausage roll with sauce with sauce for 4.5
Catering Customer bought a Egg roll with sauce with sauce for 5.12
Catering Customer bought a Egg roll with topping for 4.12
Catering Customer bought a Egg roll with sauce with sauce with topping for 6.12
Catering Customer bought a Egg roll with topping for 4.12
Catering Customer bought a Egg roll with topping for 4.12
Catering Customer bought a Spring roll with sauce with sauce with topping for 4.5
Catering Customer bought a Spring roll with sauce with topping for 3.5
Catering Customer bought a Spring roll with sauce for 2.5
Catering Customer bought a Spring roll with sauce for 2.5
Catering Customer bought a Spring roll with sauce with sauce with topping for 4.5
Casual Person bought a Jelly roll with topping for 2.0
Casual Person bought a Jelly roll with sauce with sauce for 3.0
Casual Person bought a Spring roll with topping for 2.5
Casual Person bought a Egg roll with sauce with sauce for 5.12
Casual Person bought a Jelly roll with sauce for 2.0
Casual Person bought a Pastry roll with sauce with sauce with topping for 3.99
Casual Person bought a Sausage roll with sauce for 3.5
Casual Person bought a Sausage roll with topping for 3.5
Casual Person bought a Jelly roll with sauce with topping for 3.0
Casual Person bought a Pastry roll with sauce with topping for 2.99
Casual Person bought a Spring roll with sauce with sauce with topping for 4.5
Casual Person bought a Pastry roll with sauce for 1.99
Casual Person bought a Spring roll with sauce with topping for 3.5
Casual Person bought a Pastry roll with sauce with topping for 2.99
Casual Person bought a Jelly roll with sauce with topping for 3.0
Casual Person bought a Pastry roll with topping for 1.99
Casual Person bought a Spring roll with sauce with sauce with topping for 4.5
Casual Person bought a Jelly roll with sauce with sauce for 3.0
Casual Person bought a Egg roll for 3.12
Casual Person bought a Egg roll with sauce with sauce for 5.12
Catering Customer bought a Pastry roll with topping for 1.99
Catering Customer bought a Pastry roll with topping for 1.99
Catering Customer bought a Pastry roll with topping for 1.99
Catering Customer bought a Pastry roll with topping for 1.99
Catering Customer bought a Pastry roll with sauce with sauce for 2.99
Catering Customer bought a Spring roll with topping for 2.5
Catering Customer bought a Spring roll with sauce with sauce with topping for 4.5
Catering Customer bought a Spring roll with topping for 2.5
Catering Customer bought a Spring roll for 1.5
Catering Customer bought a Spring roll with sauce with topping for 3.5
Catering Customer bought a Sausage roll with sauce with sauce with topping for 5.5
Catering Customer bought a Sausage roll with topping for 3.5
Catering Customer bought a Sausage roll with sauce with sauce for 4.5
Catering Customer bought a Sausage roll with sauce with sauce for 4.5
Catering Customer bought a Sausage roll for 2.5
number of receipts is 13
13 Springroll remaining.
0 Eggroll remaining.
3 Pastryroll remaining.
1 Sausageroll remaining.
10 Jellyroll remaining.
13.0 total daily sales for 184.36 dollars
Catering Customer customer type purchased 60.55000000000001 dollars worth of rolls.
Casual Person customer type purchased 37.81 dollars worth of rolls.
sold 17 of Springroll
sold 8 of Eggroll
sold 10 of Pastryroll
sold 12 of Sausageroll
sold 8 of Jellyroll
Start of day number 25
13 Springroll remaining.
30 Eggroll remaining.
3 Pastryroll remaining.
1 Sausageroll remaining.
10 Jellyroll remaining.
ran out of Sausageroll
Business Person didn't buy anything.
Casual Person bought a Spring roll with sauce for 2.5
Casual Person bought a Jelly roll with topping for 2.0
Casual Person bought a Spring roll with topping for 2.5
Casual Person bought a Jelly roll for 1.0
Casual Person bought a Sausage roll with sauce with sauce with topping for 5.5
Casual Person bought a Jelly roll with sauce for 2.0
Casual Person bought a Egg roll with sauce with topping for 5.12
Casual Person bought a Jelly roll with sauce for 2.0
Casual Person bought a Pastry roll with sauce with topping for 2.99
Casual Person bought a Pastry roll with sauce with sauce for 2.99
Casual Person bought a Spring roll with topping for 2.5
ran out of Sausageroll
Casual Person bought a Jelly roll with sauce with sauce with topping for 4.0
Casual Person bought a Jelly roll with sauce for 2.0
ran out of Sausageroll
ran out of Sausageroll
Casual Person bought a Egg roll with sauce for 4.12
ran out of Sausageroll
Casual Person bought a Pastry roll for 0.99
Casual Person bought a Jelly roll with topping for 2.0
ran out of Sausageroll
Casual Person bought a Jelly roll with sauce with sauce with topping for 4.0
Casual Person bought a Jelly roll with sauce with sauce with topping for 4.0
ran out of Pastryroll
ran out of Sausageroll
Casual Person bought a Egg roll for 3.12
ran out of Jellyroll
Casual Person bought a Jelly roll with sauce with sauce for 3.0
ran out of Sausageroll
Casual Person bought a Egg roll with sauce with topping for 5.12
number of receipts is 12
10 Springroll remaining.
26 Eggroll remaining.
0 Pastryroll remaining.
0 Sausageroll remaining.
0 Jellyroll remaining.
11.0 total daily sales for 63.449999999999996 dollars
Business Person customer type affected by 1 outages.
Casual Person customer type purchased 32.45 dollars worth of rolls.
Business Person customer type purchased 0.0 dollars worth of rolls.
sold 3 of Springroll
sold 4 of Eggroll
sold 3 of Pastryroll
sold 1 of Sausageroll
sold 10 of Jellyroll
Start of day number 26
10 Springroll remaining.
26 Eggroll remaining.
30 Pastryroll remaining.
30 Sausageroll remaining.
30 Jellyroll remaining.
Casual Person bought a Spring roll with sauce with topping for 3.5
Casual Person bought a Sausage roll with topping for 3.5
Casual Person bought a Spring roll with sauce for 2.5
Casual Person bought a Egg roll with sauce for 4.12
Catering Customer bought a Spring roll with sauce with sauce with topping for 4.5
Catering Customer bought a Spring roll for 1.5
Catering Customer bought a Spring roll with topping for 2.5
Catering Customer bought a Spring roll with sauce with sauce with topping for 4.5
Catering Customer bought a Spring roll with topping for 2.5
Catering Customer bought a Jelly roll with sauce with sauce with topping for 4.0
Catering Customer bought a Jelly roll for 1.0
Catering Customer bought a Jelly roll with topping for 2.0
Catering Customer bought a Jelly roll with sauce with sauce for 3.0
Catering Customer bought a Jelly roll with sauce with sauce for 3.0
Catering Customer bought a Pastry roll with sauce with sauce with topping for 3.99
Catering Customer bought a Pastry roll with sauce with topping for 2.99
Catering Customer bought a Pastry roll with topping for 1.99
Catering Customer bought a Pastry roll with sauce with sauce with topping for 3.99
Catering Customer bought a Pastry roll with sauce for 1.99
Casual Person bought a Pastry roll with sauce with sauce with topping for 3.99
Casual Person bought a Jelly roll with sauce for 2.0
Catering Customer bought a Pastry roll for 0.99
Catering Customer bought a Pastry roll with sauce with sauce for 2.99
Catering Customer bought a Pastry roll with sauce with sauce with topping for 3.99
Catering Customer bought a Pastry roll with sauce with sauce for 2.99
Catering Customer bought a Pastry roll with sauce with sauce for 2.99
Catering Customer bought a Sausage roll with topping for 3.5
Catering Customer bought a Sausage roll with sauce with sauce for 4.5
Catering Customer bought a Sausage roll with sauce with sauce for 4.5
Catering Customer bought a Sausage roll for 2.5
Catering Customer bought a Sausage roll for 2.5
Catering Customer bought a Jelly roll with sauce for 2.0
Catering Customer bought a Jelly roll with sauce with topping for 3.0
Catering Customer bought a Jelly roll with topping for 2.0
Catering Customer bought a Jelly roll with sauce for 2.0
Catering Customer bought a Jelly roll with sauce with topping for 3.0
Casual Person bought a Pastry roll with sauce for 1.99
Casual Person bought a Egg roll with sauce with sauce with topping for 6.12
number of receipts is 6
3 Springroll remaining.
24 Eggroll remaining.
18 Pastryroll remaining.
24 Sausageroll remaining.
19 Jellyroll remaining.
6.0 total daily sales for 114.61999999999999 dollars
Catering Customer customer type purchased 39.9 dollars worth of rolls.
Casual Person customer type purchased 14.720000000000002 dollars worth of rolls.
sold 7 of Springroll
sold 2 of Eggroll
sold 12 of Pastryroll
sold 6 of Sausageroll
sold 11 of Jellyroll
Start of day number 27
3 Springroll remaining.
24 Eggroll remaining.
18 Pastryroll remaining.
24 Sausageroll remaining.
19 Jellyroll remaining.
Casual Person bought a Jelly roll with sauce with sauce with topping for 4.0
Casual Person bought a Pastry roll with sauce with sauce for 2.99
Casual Person bought a Spring roll for 1.5
Casual Person bought a Egg roll for 3.12
Casual Person bought a Sausage roll with sauce for 3.5
Casual Person bought a Jelly roll with sauce with sauce with topping for 4.0
Casual Person bought a Pastry roll with sauce for 1.99
Casual Person bought a Sausage roll with topping for 3.5
Casual Person bought a Pastry roll with sauce with topping for 2.99
Casual Person bought a Egg roll with sauce with topping for 5.12
Casual Person bought a Jelly roll for 1.0
Casual Person bought a Sausage roll for 2.5
Business Person bought a Spring roll with topping for 2.5
Business Person bought a Spring roll with sauce with sauce for 3.5
Business Person bought a Egg roll for 3.12
Business Person bought a Egg roll with sauce with topping for 5.12
Business Person bought a Pastry roll with sauce with sauce for 2.99
Business Person bought a Pastry roll with sauce with sauce for 2.99
Business Person bought a Sausage roll with sauce for 3.5
Business Person bought a Sausage roll with sauce for 3.5
Business Person bought a Jelly roll with sauce for 2.0
Business Person bought a Jelly roll with sauce for 2.0
ran out of Springroll
ran out of Springroll
Business Person didn't buy anything.
number of receipts is 8
0 Springroll remaining.
20 Eggroll remaining.
13 Pastryroll remaining.
19 Sausageroll remaining.
14 Jellyroll remaining.
7.0 total daily sales for 67.42999999999999 dollars
Business Person customer type affected by 1 outages.
Casual Person customer type purchased 21.21 dollars worth of rolls.
Business Person customer type purchased 18.22 dollars worth of rolls.
sold 3 of Springroll
sold 4 of Eggroll
sold 5 of Pastryroll
sold 5 of Sausageroll
sold 5 of Jellyroll
Start of day number 28
30 Springroll remaining.
20 Eggroll remaining.
13 Pastryroll remaining.
19 Sausageroll remaining.
14 Jellyroll remaining.
Business Person bought a Spring roll with topping for 2.5
Business Person bought a Spring roll with sauce with sauce with topping for 4.5
Business Person bought a Egg roll with sauce with sauce with topping for 6.12
Business Person bought a Egg roll with sauce with sauce for 5.12
Business Person bought a Pastry roll with sauce for 1.99
Business Person bought a Pastry roll with sauce for 1.99
Business Person bought a Sausage roll with sauce with topping for 4.5
Business Person bought a Sausage roll with topping for 3.5
Business Person bought a Jelly roll for 1.0
Business Person bought a Jelly roll with sauce with sauce for 3.0
number of receipts is 1
28 Springroll remaining.
18 Eggroll remaining.
11 Pastryroll remaining.
17 Sausageroll remaining.
12 Jellyroll remaining.
1.0 total daily sales for 34.22 dollars
Business Person customer type purchased 18.22 dollars worth of rolls.
sold 2 of Springroll
sold 2 of Eggroll
sold 2 of Pastryroll
sold 2 of Sausageroll
sold 2 of Jellyroll
Start of day number 29
28 Springroll remaining.
18 Eggroll remaining.
11 Pastryroll remaining.
17 Sausageroll remaining.
12 Jellyroll remaining.
Casual Person bought a Jelly roll with sauce with topping for 3.0
Casual Person bought a Egg roll with sauce with sauce with topping for 6.12
Casual Person bought a Spring roll for 1.5
Casual Person bought a Egg roll with topping for 4.12
Casual Person bought a Pastry roll with sauce with sauce for 2.99
Casual Person bought a Pastry roll with sauce for 1.99
Casual Person bought a Egg roll for 3.12
Casual Person bought a Jelly roll with topping for 2.0
Casual Person bought a Pastry roll with sauce with sauce for 2.99
Casual Person bought a Sausage roll with topping for 3.5
Casual Person bought a Egg roll with sauce with sauce with topping for 6.12
Casual Person bought a Pastry roll with sauce with sauce with topping for 3.99
Casual Person bought a Egg roll with sauce with topping for 5.12
Casual Person bought a Spring roll with sauce with sauce with topping for 4.5
Casual Person bought a Sausage roll for 2.5
Casual Person bought a Pastry roll with topping for 1.99
Casual Person bought a Egg roll with topping for 4.12
Casual Person bought a Pastry roll with sauce with topping for 2.99
Casual Person bought a Egg roll with sauce for 4.12
number of receipts is 7
26 Springroll remaining.
11 Eggroll remaining.
5 Pastryroll remaining.
15 Sausageroll remaining.
10 Jellyroll remaining.
7.0 total daily sales for 66.78 dollars
Casual Person customer type purchased 37.78 dollars worth of rolls.
sold 2 of Springroll
sold 7 of Eggroll
sold 6 of Pastryroll
sold 2 of Sausageroll
sold 2 of Jellyroll
Start of day number 30
26 Springroll remaining.
11 Eggroll remaining.
5 Pastryroll remaining.
15 Sausageroll remaining.
10 Jellyroll remaining.
Casual Person bought a Egg roll with sauce with sauce with topping for 6.12
Casual Person bought a Pastry roll for 0.99
Casual Person bought a Egg roll with sauce for 4.12
Casual Person bought a Spring roll with sauce for 2.5
ran out of Pastryroll
Catering Customer bought a Pastry roll with topping for 1.99
Catering Customer bought a Pastry roll with sauce with sauce with topping for 3.99
Catering Customer bought a Pastry roll with sauce with topping for 2.99
Catering Customer bought a Pastry roll with topping for 1.99
Catering Customer bought a Jelly roll with topping for 2.0
Catering Customer bought a Jelly roll with topping for 2.0
Catering Customer bought a Jelly roll with sauce with sauce with topping for 4.0
Catering Customer bought a Jelly roll with sauce with sauce for 3.0
Catering Customer bought a Jelly roll with sauce with sauce with topping for 4.0
Catering Customer bought a Spring roll with sauce for 2.5
Catering Customer bought a Spring roll with sauce with sauce for 3.5
Catering Customer bought a Spring roll for 1.5
Catering Customer bought a Spring roll with sauce with sauce for 3.5
Catering Customer bought a Spring roll with sauce for 2.5
ran out of Pastryroll
ran out of Pastryroll
Business Person didn't buy anything.
ran out of Pastryroll
Casual Person bought a Spring roll for 1.5
Casual Person bought a Sausage roll with sauce with sauce with topping for 5.5
Casual Person bought a Jelly roll with topping for 2.0
Casual Person bought a Spring roll with sauce for 2.5
Casual Person bought a Jelly roll with sauce with topping for 3.0
Casual Person bought a Sausage roll with sauce with sauce with topping for 5.5
Casual Person bought a Spring roll with topping for 2.5
number of receipts is 7
17 Springroll remaining.
9 Eggroll remaining.
0 Pastryroll remaining.
13 Sausageroll remaining.
3 Jellyroll remaining.
6.0 total daily sales for 75.69 dollars
Business Person customer type affected by 1 outages.
Catering Customer customer type purchased 16.46 dollars worth of rolls.
Casual Person customer type purchased 20.23 dollars worth of rolls.
Business Person customer type purchased 0.0 dollars worth of rolls.
sold 9 of Springroll
sold 2 of Eggroll
sold 5 of Pastryroll
sold 2 of Sausageroll
sold 7 of Jellyroll

Process finished with exit code 0
