How many days shall the Store run for?
30
Start of day number 1
60 Springroll remaining.
60 Eggroll remaining.
60 Pastryroll remaining.
60 Sausageroll remaining.
60 Jellyroll remaining.
Casual Person bought a Sausage roll with topping for 3.5
Casual Person bought a Egg roll with sauce with sauce with topping for 6.12
Business Person bought a Spring roll for 1.5
Business Person bought a Spring roll with sauce for 2.5
Business Person bought a Egg roll with topping for 4.12
Business Person bought a Egg roll with sauce with topping for 5.12
Business Person bought a Pastry roll with sauce with topping for 2.99
Business Person bought a Pastry roll with sauce with sauce with topping for 3.99
Business Person bought a Sausage roll with topping for 3.5
Business Person bought a Sausage roll with sauce with sauce with topping for 5.5
Business Person bought a Jelly roll with sauce with sauce for 3.0
Business Person bought a Jelly roll with sauce with topping for 3.0
Casual Person bought a Egg roll with sauce for 4.12
Casual Person bought a Sausage roll with sauce with sauce with topping for 5.5
Casual Person bought a Sausage roll for 2.5
Casual Person bought a Sausage roll with topping for 3.5
Casual Person bought a Jelly roll with sauce for 2.0
Casual Person bought a Egg roll for 3.12
Catering Customer bought a Pastry roll for 0.99
Catering Customer bought a Pastry roll with sauce with sauce for 2.99
Catering Customer bought a Pastry roll for 0.99
Catering Customer bought a Pastry roll with sauce with sauce with topping for 3.99
Catering Customer bought a Pastry roll with sauce with sauce with topping for 3.99
Catering Customer bought a Egg roll with sauce with sauce with topping for 6.12
Catering Customer bought a Egg roll with sauce with sauce for 5.12
Catering Customer bought a Egg roll with sauce with sauce for 5.12
Catering Customer bought a Egg roll with sauce for 4.12
Catering Customer bought a Egg roll with sauce with sauce for 5.12
Catering Customer bought a Spring roll with sauce with topping for 3.5
Catering Customer bought a Spring roll with topping for 2.5
Catering Customer bought a Spring roll for 1.5
Catering Customer bought a Spring roll with sauce with topping for 3.5
Catering Customer bought a Spring roll with sauce with sauce for 3.5
Casual Person bought a Spring roll for 1.5
Casual Person bought a Pastry roll with sauce with sauce for 2.99
Casual Person bought a Jelly roll with sauce with sauce for 3.0
Catering Customer bought a Jelly roll with topping for 2.0
Catering Customer bought a Jelly roll for 1.0
Catering Customer bought a Jelly roll for 1.0
Catering Customer bought a Jelly roll with sauce with sauce with topping for 4.0
Catering Customer bought a Jelly roll for 1.0
Catering Customer bought a Spring roll with topping for 2.5
Catering Customer bought a Spring roll with sauce with sauce with topping for 4.5
Catering Customer bought a Spring roll with sauce with sauce with topping for 4.5
Catering Customer bought a Spring roll for 1.5
Catering Customer bought a Spring roll with sauce with sauce with topping for 4.5
Catering Customer bought a Pastry roll with topping for 1.99
Catering Customer bought a Pastry roll with sauce with topping for 2.99
Catering Customer bought a Pastry roll for 0.99
Catering Customer bought a Pastry roll with sauce with sauce with topping for 3.99
Catering Customer bought a Pastry roll with sauce with topping for 2.99
Casual Person bought a Pastry roll with sauce with topping for 2.99
Casual Person bought a Jelly roll with sauce for 2.0
Casual Person bought a Spring roll with sauce with sauce with topping for 4.5
Business Person bought a Spring roll with sauce with sauce for 3.5
Business Person bought a Spring roll for 1.5
Business Person bought a Egg roll with sauce with topping for 5.12
Business Person bought a Egg roll with sauce with sauce with topping for 6.12
Business Person bought a Pastry roll with sauce with sauce for 2.99
Business Person bought a Pastry roll with sauce with topping for 2.99
Business Person bought a Sausage roll with sauce for 3.5
Business Person bought a Sausage roll with sauce for 3.5
Business Person bought a Jelly roll with sauce with topping for 3.0
Business Person bought a Jelly roll with sauce for 2.0
number of receipts is 9
44 Springroll remaining.
48 Eggroll remaining.
44 Pastryroll remaining.
52 Sausageroll remaining.
48 Jellyroll remaining.
9.0 total daily sales for 209.2800000000001 dollars
Catering Customer customer type purchased 45.5 dollars worth of rolls.
Casual Person customer type purchased 27.340000000000003 dollars worth of rolls.
Business Person customer type purchased 36.44 dollars worth of rolls.
sold 16 of Springroll
sold 12 of Eggroll
sold 16 of Pastryroll
sold 8 of Sausageroll
sold 12 of Jellyroll
Start of day number 2
44 Springroll remaining.
48 Eggroll remaining.
44 Pastryroll remaining.
52 Sausageroll remaining.
48 Jellyroll remaining.
Casual Person bought a Sausage roll with sauce with sauce for 4.5
Casual Person bought a Egg roll with sauce for 4.12
Casual Person bought a Sausage roll with sauce with topping for 4.5
Casual Person bought a Pastry roll with sauce with topping for 2.99
Casual Person bought a Spring roll with sauce with topping for 3.5
Casual Person bought a Pastry roll with sauce with sauce for 2.99
Casual Person bought a Pastry roll with sauce for 1.99
Casual Person bought a Egg roll with sauce with sauce with topping for 6.12
Casual Person bought a Jelly roll with sauce with sauce for 3.0
Casual Person bought a Spring roll with sauce with sauce with topping for 4.5
Casual Person bought a Sausage roll with sauce with sauce with topping for 5.5
Casual Person bought a Sausage roll with topping for 3.5
Casual Person bought a Pastry roll with sauce with sauce with topping for 3.99
Casual Person bought a Spring roll with sauce with topping for 3.5
Casual Person bought a Sausage roll with topping for 3.5
Casual Person bought a Pastry roll with topping for 1.99
Casual Person bought a Jelly roll with topping for 2.0
Casual Person bought a Spring roll for 1.5
Casual Person bought a Egg roll with sauce with sauce for 5.12
Casual Person bought a Pastry roll with sauce with sauce for 2.99
Casual Person bought a Jelly roll for 1.0
Casual Person bought a Egg roll with sauce with sauce for 5.12
Casual Person bought a Spring roll with sauce with sauce for 3.5
Casual Person bought a Pastry roll with sauce with sauce for 2.99
Business Person bought a Spring roll for 1.5
Business Person bought a Spring roll with sauce with sauce for 3.5
Business Person bought a Egg roll with sauce with sauce for 5.12
Business Person bought a Egg roll with sauce with sauce for 5.12
Business Person bought a Pastry roll for 0.99
Business Person bought a Pastry roll with sauce with topping for 2.99
Business Person bought a Sausage roll with sauce with topping for 4.5
Business Person bought a Sausage roll with sauce with sauce for 4.5
Business Person bought a Jelly roll with sauce with sauce with topping for 4.0
Business Person bought a Jelly roll with topping for 2.0
Casual Person bought a Pastry roll with sauce with sauce with topping for 3.99
Casual Person bought a Sausage roll with sauce with sauce for 4.5
Business Person bought a Spring roll with sauce with sauce with topping for 4.5
Business Person bought a Spring roll with sauce for 2.5
Business Person bought a Egg roll with topping for 4.12
Business Person bought a Egg roll with sauce for 4.12
Business Person bought a Pastry roll for 0.99
Business Person bought a Pastry roll with sauce with sauce with topping for 3.99
Business Person bought a Sausage roll with sauce with topping for 4.5
Business Person bought a Sausage roll with sauce with sauce with topping for 5.5
Business Person bought a Jelly roll with sauce with topping for 3.0
Business Person bought a Jelly roll with sauce with topping for 3.0
number of receipts is 12
35 Springroll remaining.
40 Eggroll remaining.
32 Pastryroll remaining.
42 Sausageroll remaining.
41 Jellyroll remaining.
12.0 total daily sales for 163.34000000000003 dollars
Casual Person customer type purchased 45.900000000000006 dollars worth of rolls.
Business Person customer type purchased 36.44 dollars worth of rolls.
sold 9 of Springroll
sold 8 of Eggroll
sold 12 of Pastryroll
sold 10 of Sausageroll
sold 7 of Jellyroll
Start of day number 3
35 Springroll remaining.
40 Eggroll remaining.
32 Pastryroll remaining.
42 Sausageroll remaining.
41 Jellyroll remaining.
Business Person bought a Spring roll with sauce with sauce for 3.5
Business Person bought a Spring roll with sauce with sauce for 3.5
Business Person bought a Egg roll with sauce with sauce for 5.12
Business Person bought a Egg roll with sauce with topping for 5.12
Business Person bought a Pastry roll for 0.99
Business Person bought a Pastry roll with topping for 1.99
Business Person bought a Sausage roll with sauce with topping for 4.5
Business Person bought a Sausage roll for 2.5
Business Person bought a Jelly roll with sauce with sauce for 3.0
Business Person bought a Jelly roll with sauce with topping for 3.0
Business Person bought a Spring roll with sauce with sauce with topping for 4.5
Business Person bought a Spring roll with sauce with topping for 3.5
Business Person bought a Egg roll with sauce for 4.12
Business Person bought a Egg roll with sauce with sauce with topping for 6.12
Business Person bought a Pastry roll with sauce with sauce for 2.99
Business Person bought a Pastry roll for 0.99
Business Person bought a Sausage roll with topping for 3.5
Business Person bought a Sausage roll with sauce with sauce with topping for 5.5
Business Person bought a Jelly roll for 1.0
Business Person bought a Jelly roll with sauce with sauce with topping for 4.0
Casual Person bought a Pastry roll with sauce with topping for 2.99
Casual Person bought a Egg roll with sauce for 4.12
Catering Customer bought a Spring roll with sauce with sauce with topping for 4.5
Catering Customer bought a Spring roll with sauce with sauce for 3.5
Catering Customer bought a Spring roll with sauce with sauce with topping for 4.5
Catering Customer bought a Spring roll with sauce with sauce for 3.5
Catering Customer bought a Spring roll with sauce with sauce with topping for 4.5
Catering Customer bought a Pastry roll with topping for 1.99
Catering Customer bought a Pastry roll with sauce with topping for 2.99
Catering Customer bought a Pastry roll for 0.99
Catering Customer bought a Pastry roll with sauce with topping for 2.99
Catering Customer bought a Pastry roll with sauce for 1.99
Catering Customer bought a Egg roll with sauce for 4.12
Catering Customer bought a Egg roll with topping for 4.12
Catering Customer bought a Egg roll with sauce with sauce for 5.12
Catering Customer bought a Egg roll with sauce for 4.12
Catering Customer bought a Egg roll with sauce with sauce for 5.12
Casual Person bought a Jelly roll with sauce with sauce with topping for 4.0
Casual Person bought a Spring roll with sauce with sauce for 3.5
Casual Person bought a Egg roll with sauce with sauce for 5.12
Casual Person bought a Pastry roll for 0.99
Casual Person bought a Pastry roll for 0.99
Casual Person bought a Egg roll with sauce for 4.12
Casual Person bought a Spring roll with sauce with sauce for 3.5
Casual Person bought a Pastry roll with sauce with sauce with topping for 3.99
Casual Person bought a Jelly roll for 1.0
Casual Person bought a Egg roll with sauce with sauce with topping for 6.12
Casual Person bought a Pastry roll with sauce with topping for 2.99
Casual Person bought a Pastry roll with sauce with sauce for 2.99
Casual Person bought a Egg roll with sauce with sauce for 5.12
Casual Person bought a Pastry roll with sauce for 1.99
Casual Person bought a Jelly roll with topping for 2.0
Casual Person bought a Egg roll with topping for 4.12
number of receipts is 10
24 Springroll remaining.
25 Eggroll remaining.
16 Pastryroll remaining.
38 Sausageroll remaining.
34 Jellyroll remaining.
10.0 total daily sales for 183.14000000000007 dollars
Catering Customer customer type purchased 28.050000000000004 dollars worth of rolls.
Casual Person customer type purchased 31.65 dollars worth of rolls.
Business Person customer type purchased 36.44 dollars worth of rolls.
sold 11 of Springroll
sold 15 of Eggroll
sold 16 of Pastryroll
sold 4 of Sausageroll
sold 7 of Jellyroll
Start of day number 4
24 Springroll remaining.
25 Eggroll remaining.
16 Pastryroll remaining.
38 Sausageroll remaining.
34 Jellyroll remaining.
Casual Person bought a Spring roll with topping for 2.5
Casual Person bought a Spring roll with sauce with sauce for 3.5
Casual Person bought a Jelly roll for 1.0
Casual Person bought a Jelly roll with sauce with topping for 3.0
Casual Person bought a Pastry roll with sauce for 1.99
Casual Person bought a Pastry roll with sauce with sauce for 2.99
Casual Person bought a Egg roll with topping for 4.12
Business Person bought a Spring roll with sauce with topping for 3.5
Business Person bought a Spring roll with sauce with topping for 3.5
Business Person bought a Egg roll with sauce for 4.12
Business Person bought a Egg roll with topping for 4.12
Business Person bought a Pastry roll with sauce with topping for 2.99
Business Person bought a Pastry roll with sauce with sauce for 2.99
Business Person bought a Sausage roll with sauce with sauce with topping for 5.5
Business Person bought a Sausage roll with sauce with sauce with topping for 5.5
Business Person bought a Jelly roll with sauce with topping for 3.0
Business Person bought a Jelly roll with topping for 2.0
number of receipts is 4
20 Springroll remaining.
22 Eggroll remaining.
12 Pastryroll remaining.
36 Sausageroll remaining.
30 Jellyroll remaining.
4.0 total daily sales for 56.32000000000001 dollars
Casual Person customer type purchased 10.1 dollars worth of rolls.
Business Person customer type purchased 18.22 dollars worth of rolls.
sold 4 of Springroll
sold 3 of Eggroll
sold 4 of Pastryroll
sold 2 of Sausageroll
sold 4 of Jellyroll
Start of day number 5
20 Springroll remaining.
22 Eggroll remaining.
12 Pastryroll remaining.
36 Sausageroll remaining.
30 Jellyroll remaining.
Catering Customer bought a Egg roll with sauce with sauce for 5.12
Catering Customer bought a Egg roll with sauce with sauce for 5.12
Catering Customer bought a Egg roll with topping for 4.12
Catering Customer bought a Egg roll with sauce for 4.12
Catering Customer bought a Egg roll with sauce with sauce with topping for 6.12
Catering Customer bought a Sausage roll with topping for 3.5
Catering Customer bought a Sausage roll with sauce with topping for 4.5
Catering Customer bought a Sausage roll with sauce with topping for 4.5
Catering Customer bought a Sausage roll for 2.5
Catering Customer bought a Sausage roll with sauce for 3.5
Catering Customer bought a Spring roll with topping for 2.5
Catering Customer bought a Spring roll with topping for 2.5
Catering Customer bought a Spring roll for 1.5
Catering Customer bought a Spring roll with sauce with topping for 3.5
Catering Customer bought a Spring roll with sauce for 2.5
Business Person bought a Spring roll with topping for 2.5
Business Person bought a Spring roll with sauce with sauce for 3.5
Business Person bought a Egg roll with sauce with topping for 5.12
Business Person bought a Egg roll with sauce with topping for 5.12
Business Person bought a Pastry roll with sauce for 1.99
Business Person bought a Pastry roll with sauce with topping for 2.99
Business Person bought a Sausage roll with sauce with topping for 4.5
Business Person bought a Sausage roll with topping for 3.5
Business Person bought a Jelly roll with sauce with sauce for 3.0
Business Person bought a Jelly roll for 1.0
Business Person bought a Spring roll with sauce with sauce with topping for 4.5
Business Person bought a Spring roll with sauce with topping for 3.5
Business Person bought a Egg roll with sauce with sauce with topping for 6.12
Business Person bought a Egg roll with sauce with topping for 5.12
Business Person bought a Pastry roll with topping for 1.99
Business Person bought a Pastry roll with sauce with sauce for 2.99
Business Person bought a Sausage roll with sauce for 3.5
Business Person bought a Sausage roll with sauce for 3.5
Business Person bought a Jelly roll with sauce with sauce for 3.0
Business Person bought a Jelly roll with sauce with sauce with topping for 4.0
number of receipts is 3
11 Springroll remaining.
13 Eggroll remaining.
8 Pastryroll remaining.
27 Sausageroll remaining.
26 Jellyroll remaining.
3.0 total daily sales for 127.03999999999999 dollars
Catering Customer customer type purchased 35.6 dollars worth of rolls.
Business Person customer type purchased 36.44 dollars worth of rolls.
sold 9 of Springroll
sold 9 of Eggroll
sold 4 of Pastryroll
sold 9 of Sausageroll
sold 4 of Jellyroll
Start of day number 6
11 Springroll remaining.
13 Eggroll remaining.
8 Pastryroll remaining.
27 Sausageroll remaining.
26 Jellyroll remaining.
Casual Person bought a Spring roll with sauce with sauce with topping for 4.5
Casual Person bought a Sausage roll for 2.5
Casual Person bought a Spring roll with sauce with topping for 3.5
Casual Person bought a Spring roll for 1.5
Casual Person bought a Spring roll with sauce for 2.5
Casual Person bought a Pastry roll with topping for 1.99
Casual Person bought a Sausage roll with sauce with topping for 4.5
Casual Person bought a Pastry roll with sauce with sauce for 2.99
Casual Person bought a Sausage roll with sauce with sauce with topping for 5.5
Casual Person bought a Egg roll with sauce with topping for 5.12
Casual Person bought a Pastry roll with topping for 1.99
Casual Person bought a Egg roll with sauce with sauce for 5.12
Casual Person bought a Egg roll for 3.12
Casual Person bought a Egg roll for 3.12
Casual Person bought a Pastry roll with sauce with topping for 2.99
Casual Person bought a Sausage roll with topping for 3.5
Casual Person bought a Pastry roll with sauce with topping for 2.99
Casual Person bought a Egg roll with sauce with topping for 5.12
Casual Person bought a Jelly roll with sauce with topping for 3.0
Casual Person bought a Sausage roll for 2.5
Casual Person bought a Sausage roll with sauce with sauce for 4.5
Casual Person bought a Egg roll with sauce with topping for 5.12
Casual Person bought a Pastry roll with sauce with sauce for 2.99
Casual Person bought a Pastry roll with sauce with sauce with topping for 3.99
number of receipts is 10
7 Springroll remaining.
7 Eggroll remaining.
1 Pastryroll remaining.
21 Sausageroll remaining.
25 Jellyroll remaining.
10.0 total daily sales for 84.64999999999998 dollars
Casual Person customer type purchased 47.65 dollars worth of rolls.
sold 4 of Springroll
sold 6 of Eggroll
sold 7 of Pastryroll
sold 6 of Sausageroll
sold 1 of Jellyroll
Start of day number 7
7 Springroll remaining.
7 Eggroll remaining.
1 Pastryroll remaining.
21 Sausageroll remaining.
25 Jellyroll remaining.
Casual Person bought a Egg roll with topping for 4.12
Casual Person bought a Egg roll with sauce with sauce for 5.12
Casual Person bought a Egg roll for 3.12
Casual Person bought a Sausage roll for 2.5
Casual Person bought a Egg roll with sauce for 4.12
Casual Person bought a Jelly roll with topping for 2.0
Casual Person bought a Egg roll with sauce with sauce for 5.12
Casual Person bought a Spring roll with sauce with sauce for 3.5
Casual Person bought a Sausage roll with sauce with topping for 4.5
Casual Person bought a Egg roll with sauce with sauce with topping for 6.12
Casual Person bought a Spring roll with topping for 2.5
Casual Person bought a Sausage roll with topping for 3.5
Casual Person bought a Egg roll for 3.12
Casual Person bought a Spring roll with topping for 2.5
ran out of Eggroll
ran out of Eggroll
ran out of Eggroll
ran out of Eggroll
ran out of Eggroll
ran out of Pastryroll
ran out of Pastryroll
ran out of Pastryroll
ran out of Pastryroll
Catering Customer bought a Pastry roll for 0.99
Catering Customer bought a Jelly roll for 1.0
Catering Customer bought a Jelly roll with sauce with topping for 3.0
Catering Customer bought a Jelly roll with topping for 2.0
Catering Customer bought a Jelly roll for 1.0
Catering Customer bought a Jelly roll with sauce for 2.0
ran out of Eggroll
ran out of Eggroll
Casual Person bought a Spring roll with sauce with topping for 3.5
ran out of Eggroll
Casual Person bought a Jelly roll with sauce with sauce for 3.0
ran out of Eggroll
ran out of Eggroll
Casual Person bought a Jelly roll with topping for 2.0
Casual Person bought a Spring roll with sauce with sauce for 3.5
Casual Person bought a Sausage roll with sauce with sauce for 4.5
ran out of Eggroll
ran out of Eggroll
ran out of Pastryroll
ran out of Pastryroll
Business Person didn't buy anything.
number of receipts is 12
2 Springroll remaining.
0 Eggroll remaining.
0 Pastryroll remaining.
17 Sausageroll remaining.
17 Jellyroll remaining.
11.0 total daily sales for 78.33 dollars
Business Person customer type affected by 1 outages.
Catering Customer customer type purchased 5.99 dollars worth of rolls.
Casual Person customer type purchased 42.34 dollars worth of rolls.
Business Person customer type purchased 0.0 dollars worth of rolls.
sold 5 of Springroll
sold 7 of Eggroll
sold 1 of Pastryroll
sold 4 of Sausageroll
sold 8 of Jellyroll
Start of day number 8
2 Springroll remaining.
60 Eggroll remaining.
60 Pastryroll remaining.
17 Sausageroll remaining.
17 Jellyroll remaining.
number of receipts is 0
2 Springroll remaining.
60 Eggroll remaining.
60 Pastryroll remaining.
17 Sausageroll remaining.
17 Jellyroll remaining.
0.0 total daily sales for 0.0 dollars
sold 0 of Springroll
sold 0 of Eggroll
sold 0 of Pastryroll
sold 0 of Sausageroll
sold 0 of Jellyroll
Start of day number 9
2 Springroll remaining.
60 Eggroll remaining.
60 Pastryroll remaining.
17 Sausageroll remaining.
17 Jellyroll remaining.
Casual Person bought a Pastry roll with topping for 1.99
Casual Person bought a Egg roll with sauce with sauce for 5.12
Casual Person bought a Jelly roll with sauce with sauce with topping for 4.0
Business Person bought a Spring roll with sauce with sauce for 3.5
Business Person bought a Spring roll with sauce with sauce with topping for 4.5
Business Person bought a Egg roll with sauce for 4.12
Business Person bought a Egg roll with sauce with sauce for 5.12
Business Person bought a Pastry roll for 0.99
Business Person bought a Pastry roll with sauce with topping for 2.99
Business Person bought a Sausage roll with sauce for 3.5
Business Person bought a Sausage roll with sauce with sauce for 4.5
Business Person bought a Jelly roll with sauce with topping for 3.0
Business Person bought a Jelly roll for 1.0
ran out of Springroll
ran out of Springroll
Business Person didn't buy anything.
number of receipts is 3
0 Springroll remaining.
57 Eggroll remaining.
57 Pastryroll remaining.
15 Sausageroll remaining.
14 Jellyroll remaining.
2.0 total daily sales for 44.33 dollars
Business Person customer type affected by 1 outages.
Casual Person customer type purchased 5.11 dollars worth of rolls.
Business Person customer type purchased 18.22 dollars worth of rolls.
sold 2 of Springroll
sold 3 of Eggroll
sold 3 of Pastryroll
sold 2 of Sausageroll
sold 3 of Jellyroll
Start of day number 10
60 Springroll remaining.
57 Eggroll remaining.
57 Pastryroll remaining.
15 Sausageroll remaining.
14 Jellyroll remaining.
Casual Person bought a Pastry roll with sauce with sauce with topping for 3.99
Casual Person bought a Sausage roll for 2.5
Casual Person bought a Sausage roll with topping for 3.5
Catering Customer bought a Pastry roll for 0.99
Catering Customer bought a Pastry roll with sauce for 1.99
Catering Customer bought a Pastry roll with sauce for 1.99
Catering Customer bought a Pastry roll with sauce for 1.99
Catering Customer bought a Pastry roll with sauce for 1.99
Catering Customer bought a Egg roll with sauce with sauce for 5.12
Catering Customer bought a Egg roll with sauce with topping for 5.12
Catering Customer bought a Egg roll with sauce for 4.12
Catering Customer bought a Egg roll for 3.12
Catering Customer bought a Egg roll with topping for 4.12
Catering Customer bought a Spring roll with sauce for 2.5
Catering Customer bought a Spring roll with topping for 2.5
Catering Customer bought a Spring roll with topping for 2.5
Catering Customer bought a Spring roll with sauce with topping for 3.5
Catering Customer bought a Spring roll with sauce for 2.5
Casual Person bought a Jelly roll with sauce for 2.0
Casual Person bought a Egg roll with sauce with sauce with topping for 6.12
Casual Person bought a Sausage roll with sauce for 3.5
Casual Person bought a Spring roll for 1.5
Casual Person bought a Sausage roll for 2.5
Casual Person bought a Pastry roll for 0.99
Casual Person bought a Egg roll with sauce with sauce with topping for 6.12
Casual Person bought a Spring roll for 1.5
Casual Person bought a Jelly roll with sauce for 2.0
Casual Person bought a Pastry roll for 0.99
Casual Person bought a Pastry roll with topping for 1.99
Casual Person bought a Pastry roll with sauce with sauce for 2.99
Casual Person bought a Egg roll with sauce with sauce with topping for 6.12
Casual Person bought a Spring roll with sauce for 2.5
Casual Person bought a Pastry roll with sauce with sauce for 2.99
Casual Person bought a Spring roll with topping for 2.5
Casual Person bought a Sausage roll for 2.5
Casual Person bought a Spring roll with sauce with topping for 3.5
Casual Person bought a Jelly roll with topping for 2.0
Casual Person bought a Sausage roll with sauce with topping for 4.5
Casual Person bought a Jelly roll with topping for 2.0
Casual Person bought a Jelly roll with sauce with sauce for 3.0
Business Person bought a Spring roll with sauce for 2.5
Business Person bought a Spring roll for 1.5
Business Person bought a Egg roll with sauce with sauce with topping for 6.12
Business Person bought a Egg roll with sauce with sauce with topping for 6.12
Business Person bought a Pastry roll with topping for 1.99
Business Person bought a Pastry roll with sauce with topping for 2.99
Business Person bought a Sausage roll with topping for 3.5
Business Person bought a Sausage roll with sauce with sauce with topping for 5.5
Business Person bought a Jelly roll with sauce with topping for 3.0
Business Person bought a Jelly roll with sauce with topping for 3.0
Business Person bought a Spring roll with sauce for 2.5
Business Person bought a Spring roll with sauce for 2.5
Business Person bought a Egg roll with sauce for 4.12
Business Person bought a Egg roll with topping for 4.12
Business Person bought a Pastry roll with sauce with sauce for 2.99
Business Person bought a Pastry roll with sauce with sauce for 2.99
Business Person bought a Sausage roll with sauce for 3.5
Business Person bought a Sausage roll with sauce with sauce with topping for 5.5
Business Person bought a Jelly roll with sauce with sauce for 3.0
Business Person bought a Jelly roll with sauce with topping for 3.0
Casual Person bought a Sausage roll for 2.5
Casual Person bought a Sausage roll with sauce for 3.5
Casual Person bought a Spring roll with topping for 2.5
number of receipts is 14
45 Springroll remaining.
45 Eggroll remaining.
42 Pastryroll remaining.
3 Sausageroll remaining.
5 Jellyroll remaining.
14.0 total daily sales for 196.79000000000002 dollars
Catering Customer customer type purchased 28.050000000000004 dollars worth of rolls.
Casual Person customer type purchased 49.300000000000004 dollars worth of rolls.
Business Person customer type purchased 36.44 dollars worth of rolls.
sold 15 of Springroll
sold 12 of Eggroll
sold 15 of Pastryroll
sold 12 of Sausageroll
sold 9 of Jellyroll
Start of day number 11
45 Springroll remaining.
45 Eggroll remaining.
42 Pastryroll remaining.
3 Sausageroll remaining.
5 Jellyroll remaining.
Casual Person bought a Spring roll with sauce for 2.5
Casual Person bought a Sausage roll for 2.5
Casual Person bought a Spring roll with sauce with sauce with topping for 4.5
Casual Person bought a Pastry roll with sauce with sauce with topping for 3.99
Casual Person bought a Jelly roll with sauce with sauce with topping for 4.0
Casual Person bought a Pastry roll for 0.99
Casual Person bought a Pastry roll with sauce with sauce for 2.99
Casual Person bought a Egg roll with sauce with sauce for 5.12
Casual Person bought a Jelly roll with sauce for 2.0
Casual Person bought a Egg roll for 3.12
Casual Person bought a Pastry roll with topping for 1.99
Casual Person bought a Egg roll for 3.12
Casual Person bought a Pastry roll with sauce with sauce for 2.99
Casual Person bought a Sausage roll with sauce with topping for 4.5
Casual Person bought a Jelly roll with sauce with sauce for 3.0
Casual Person bought a Jelly roll with sauce with sauce for 3.0
number of receipts is 6
43 Springroll remaining.
42 Eggroll remaining.
37 Pastryroll remaining.
1 Sausageroll remaining.
1 Jellyroll remaining.
6.0 total daily sales for 50.31 dollars
Casual Person customer type purchased 26.310000000000002 dollars worth of rolls.
sold 2 of Springroll
sold 3 of Eggroll
sold 5 of Pastryroll
sold 2 of Sausageroll
sold 4 of Jellyroll
Start of day number 12
43 Springroll remaining.
42 Eggroll remaining.
37 Pastryroll remaining.
1 Sausageroll remaining.
1 Jellyroll remaining.
ran out of Sausageroll
ran out of Sausageroll
ran out of Sausageroll
ran out of Sausageroll
ran out of Jellyroll
ran out of Jellyroll
ran out of Jellyroll
ran out of Jellyroll
Catering Customer bought a Spring roll with sauce with sauce for 3.5
Catering Customer bought a Spring roll with topping for 2.5
Catering Customer bought a Spring roll with topping for 2.5
Catering Customer bought a Spring roll with sauce for 2.5
Catering Customer bought a Spring roll with sauce with sauce for 3.5
Catering Customer bought a Sausage roll with topping for 3.5
Catering Customer bought a Jelly roll for 1.0
ran out of Sausageroll
Casual Person bought a Egg roll with sauce with topping for 5.12
Casual Person bought a Egg roll with topping for 4.12
ran out of Jellyroll
ran out of Jellyroll
Casual Person didn't buy anything.
Casual Person bought a Egg roll with sauce with sauce with topping for 6.12
Casual Person bought a Egg roll with sauce for 4.12
ran out of Jellyroll
ran out of Jellyroll
ran out of Jellyroll
ran out of Jellyroll
ran out of Jellyroll
ran out of Sausageroll
ran out of Sausageroll
ran out of Sausageroll
ran out of Sausageroll
ran out of Sausageroll
Catering Customer bought a Pastry roll with topping for 1.99
Catering Customer bought a Pastry roll for 0.99
Catering Customer bought a Pastry roll with topping for 1.99
Catering Customer bought a Pastry roll with sauce with sauce with topping for 3.99
Catering Customer bought a Pastry roll with topping for 1.99
ran out of Jellyroll
Casual Person bought a Spring roll with sauce with sauce with topping for 4.5
ran out of Sausageroll
ran out of Sausageroll
ran out of Jellyroll
ran out of Jellyroll
Business Person didn't buy anything.
Casual Person bought a Egg roll with sauce for 4.12
Casual Person bought a Pastry roll with sauce with sauce for 2.99
Casual Person bought a Pastry roll for 0.99
Casual Person bought a Spring roll with sauce for 2.5
Casual Person bought a Pastry roll with sauce with topping for 2.99
Casual Person bought a Pastry roll with topping for 1.99
Casual Person bought a Spring roll with sauce with sauce for 3.5
Casual Person bought a Pastry roll with sauce with sauce for 2.99
Casual Person bought a Egg roll with topping for 4.12
number of receipts is 10
35 Springroll remaining.
36 Eggroll remaining.
27 Pastryroll remaining.
0 Sausageroll remaining.
0 Jellyroll remaining.
8.0 total daily sales for 80.11999999999999 dollars
Business Person customer type affected by 1 outages.
Catering Customer customer type purchased 15.95 dollars worth of rolls.
Casual Person customer type purchased 28.17 dollars worth of rolls.
Business Person customer type purchased 0.0 dollars worth of rolls.
sold 8 of Springroll
sold 6 of Eggroll
sold 10 of Pastryroll
sold 1 of Sausageroll
sold 1 of Jellyroll
Start of day number 13
35 Springroll remaining.
36 Eggroll remaining.
27 Pastryroll remaining.
60 Sausageroll remaining.
60 Jellyroll remaining.
Casual Person bought a Spring roll with sauce with sauce with topping for 4.5
Casual Person bought a Jelly roll with sauce with topping for 3.0
Casual Person bought a Jelly roll with sauce with topping for 3.0
Casual Person bought a Spring roll with sauce with sauce with topping for 4.5
Casual Person bought a Jelly roll with sauce with topping for 3.0
Casual Person bought a Spring roll for 1.5
Casual Person bought a Jelly roll with sauce with sauce for 3.0
Casual Person bought a Egg roll with sauce for 4.12
Casual Person bought a Egg roll with topping for 4.12
Casual Person bought a Spring roll with sauce with topping for 3.5
Casual Person bought a Egg roll with sauce with sauce with topping for 6.12
Casual Person bought a Jelly roll with sauce with sauce with topping for 4.0
Casual Person bought a Spring roll with topping for 2.5
Casual Person bought a Spring roll with sauce with sauce with topping for 4.5
Casual Person bought a Egg roll with topping for 4.12
Casual Person bought a Sausage roll with sauce for 3.5
Business Person bought a Spring roll for 1.5
Business Person bought a Spring roll with sauce with sauce with topping for 4.5
Business Person bought a Egg roll with sauce with sauce with topping for 6.12
Business Person bought a Egg roll with sauce with sauce with topping for 6.12
Business Person bought a Pastry roll with topping for 1.99
Business Person bought a Pastry roll with topping for 1.99
Business Person bought a Sausage roll with topping for 3.5
Business Person bought a Sausage roll with sauce with sauce with topping for 5.5
Business Person bought a Jelly roll with sauce with sauce with topping for 4.0
Business Person bought a Jelly roll for 1.0
Casual Person bought a Egg roll with sauce for 4.12
Casual Person bought a Egg roll with sauce with sauce for 5.12
Casual Person bought a Spring roll with sauce with sauce with topping for 4.5
Casual Person bought a Jelly roll with sauce with topping for 3.0
Casual Person bought a Pastry roll with sauce with sauce for 2.99
number of receipts is 10
26 Springroll remaining.
28 Eggroll remaining.
24 Pastryroll remaining.
57 Sausageroll remaining.
52 Jellyroll remaining.
10.0 total daily sales for 114.92999999999999 dollars
Casual Person customer type purchased 38.71 dollars worth of rolls.
Business Person customer type purchased 18.22 dollars worth of rolls.
sold 9 of Springroll
sold 8 of Eggroll
sold 3 of Pastryroll
sold 3 of Sausageroll
sold 8 of Jellyroll
Start of day number 14
26 Springroll remaining.
28 Eggroll remaining.
24 Pastryroll remaining.
57 Sausageroll remaining.
52 Jellyroll remaining.
Casual Person bought a Sausage roll with sauce with sauce for 4.5
Casual Person bought a Sausage roll with sauce with sauce for 4.5
Casual Person bought a Spring roll with topping for 2.5
Casual Person bought a Pastry roll for 0.99
Casual Person bought a Egg roll with sauce with topping for 5.12
Business Person bought a Spring roll with sauce with sauce for 3.5
Business Person bought a Spring roll with sauce with topping for 3.5
Business Person bought a Egg roll with sauce with sauce with topping for 6.12
Business Person bought a Egg roll for 3.12
Business Person bought a Pastry roll with sauce with topping for 2.99
Business Person bought a Pastry roll with sauce with sauce for 2.99
Business Person bought a Sausage roll with sauce for 3.5
Business Person bought a Sausage roll with topping for 3.5
Business Person bought a Jelly roll for 1.0
Business Person bought a Jelly roll with sauce for 2.0
Business Person bought a Spring roll with sauce with sauce for 3.5
Business Person bought a Spring roll for 1.5
Business Person bought a Egg roll with sauce with topping for 5.12
Business Person bought a Egg roll with topping for 4.12
Business Person bought a Pastry roll with sauce for 1.99
Business Person bought a Pastry roll with sauce with topping for 2.99
Business Person bought a Sausage roll for 2.5
Business Person bought a Sausage roll for 2.5
Business Person bought a Jelly roll with sauce with topping for 3.0
Business Person bought a Jelly roll with sauce with sauce for 3.0
Casual Person bought a Egg roll with sauce with sauce with topping for 6.12
Casual Person bought a Spring roll for 1.5
Casual Person bought a Egg roll with sauce with sauce with topping for 6.12
Catering Customer bought a Pastry roll for 0.99
Catering Customer bought a Pastry roll for 0.99
Catering Customer bought a Pastry roll with sauce with sauce with topping for 3.99
Catering Customer bought a Pastry roll with sauce with sauce for 2.99
Catering Customer bought a Pastry roll with topping for 1.99
Catering Customer bought a Sausage roll with sauce with sauce for 4.5
Catering Customer bought a Sausage roll with topping for 3.5
Catering Customer bought a Sausage roll for 2.5
Catering Customer bought a Sausage roll with sauce with sauce with topping for 5.5
Catering Customer bought a Sausage roll with topping for 3.5
Catering Customer bought a Spring roll with sauce for 2.5
Catering Customer bought a Spring roll with topping for 2.5
Catering Customer bought a Spring roll with sauce with sauce with topping for 4.5
Catering Customer bought a Spring roll with sauce with sauce with topping for 4.5
Catering Customer bought a Spring roll with sauce with sauce for 3.5
Casual Person bought a Jelly roll with sauce with sauce with topping for 4.0
Casual Person bought a Sausage roll for 2.5
Casual Person bought a Egg roll with sauce with topping for 5.12
Casual Person bought a Spring roll with sauce with sauce for 3.5
Casual Person bought a Egg roll with sauce with topping for 5.12
Casual Person bought a Sausage roll with sauce with sauce with topping for 5.5
number of receipts is 9
14 Springroll remaining.
19 Eggroll remaining.
14 Pastryroll remaining.
44 Sausageroll remaining.
47 Jellyroll remaining.
9.0 total daily sales for 167.48 dollars
Catering Customer customer type purchased 24.95 dollars worth of rolls.
Casual Person customer type purchased 32.09 dollars worth of rolls.
Business Person customer type purchased 36.44 dollars worth of rolls.
sold 12 of Springroll
sold 9 of Eggroll
sold 10 of Pastryroll
sold 13 of Sausageroll
sold 5 of Jellyroll
Start of day number 15
14 Springroll remaining.
19 Eggroll remaining.
14 Pastryroll remaining.
44 Sausageroll remaining.
47 Jellyroll remaining.
Business Person bought a Spring roll with sauce with topping for 3.5
Business Person bought a Spring roll with sauce with sauce for 3.5
Business Person bought a Egg roll for 3.12
Business Person bought a Egg roll with sauce with sauce for 5.12
Business Person bought a Pastry roll with sauce with sauce with topping for 3.99
Business Person bought a Pastry roll with sauce with sauce with topping for 3.99
Business Person bought a Sausage roll with sauce for 3.5
Business Person bought a Sausage roll with sauce with topping for 4.5
Business Person bought a Jelly roll for 1.0
Business Person bought a Jelly roll with sauce with sauce with topping for 4.0
number of receipts is 1
12 Springroll remaining.
17 Eggroll remaining.
12 Pastryroll remaining.
42 Sausageroll remaining.
45 Jellyroll remaining.
1.0 total daily sales for 36.220000000000006 dollars
Business Person customer type purchased 18.22 dollars worth of rolls.
sold 2 of Springroll
sold 2 of Eggroll
sold 2 of Pastryroll
sold 2 of Sausageroll
sold 2 of Jellyroll
Start of day number 16
12 Springroll remaining.
17 Eggroll remaining.
12 Pastryroll remaining.
42 Sausageroll remaining.
45 Jellyroll remaining.
Catering Customer bought a Pastry roll for 0.99
Catering Customer bought a Pastry roll with sauce with sauce with topping for 3.99
Catering Customer bought a Pastry roll with sauce with topping for 2.99
Catering Customer bought a Pastry roll with sauce for 1.99
Catering Customer bought a Pastry roll for 0.99
Catering Customer bought a Sausage roll with topping for 3.5
Catering Customer bought a Sausage roll with sauce with sauce with topping for 5.5
Catering Customer bought a Sausage roll with topping for 3.5
Catering Customer bought a Sausage roll with sauce with sauce with topping for 5.5
Catering Customer bought a Sausage roll with sauce with sauce for 4.5
Catering Customer bought a Spring roll for 1.5
Catering Customer bought a Spring roll with topping for 2.5
Catering Customer bought a Spring roll with sauce with topping for 3.5
Catering Customer bought a Spring roll for 1.5
Catering Customer bought a Spring roll for 1.5
Business Person bought a Spring roll for 1.5
Business Person bought a Spring roll for 1.5
Business Person bought a Egg roll with topping for 4.12
Business Person bought a Egg roll with sauce with sauce with topping for 6.12
Business Person bought a Pastry roll for 0.99
Business Person bought a Pastry roll with sauce with sauce with topping for 3.99
Business Person bought a Sausage roll with sauce with sauce for 4.5
Business Person bought a Sausage roll with sauce with sauce for 4.5
Business Person bought a Jelly roll with sauce for 2.0
Business Person bought a Jelly roll with sauce with sauce with topping for 4.0
number of receipts is 2
5 Springroll remaining.
15 Eggroll remaining.
5 Pastryroll remaining.
35 Sausageroll remaining.
43 Jellyroll remaining.
2.0 total daily sales for 77.17 dollars
Catering Customer customer type purchased 24.95 dollars worth of rolls.
Business Person customer type purchased 18.22 dollars worth of rolls.
sold 7 of Springroll
sold 2 of Eggroll
sold 7 of Pastryroll
sold 7 of Sausageroll
sold 2 of Jellyroll
Start of day number 17
5 Springroll remaining.
15 Eggroll remaining.
5 Pastryroll remaining.
35 Sausageroll remaining.
43 Jellyroll remaining.
Business Person bought a Spring roll with sauce with topping for 3.5
Business Person bought a Spring roll with sauce with sauce with topping for 4.5
Business Person bought a Egg roll with sauce with sauce with topping for 6.12
Business Person bought a Egg roll with sauce with topping for 5.12
Business Person bought a Pastry roll for 0.99
Business Person bought a Pastry roll with topping for 1.99
Business Person bought a Sausage roll with sauce with sauce for 4.5
Business Person bought a Sausage roll with sauce with sauce for 4.5
Business Person bought a Jelly roll with sauce with topping for 3.0
Business Person bought a Jelly roll with sauce with sauce for 3.0
Casual Person bought a Pastry roll with sauce for 1.99
Casual Person bought a Egg roll with sauce with sauce for 5.12
Casual Person bought a Spring roll with sauce with sauce with topping for 4.5
Casual Person bought a Jelly roll with topping for 2.0
Casual Person bought a Pastry roll with sauce with topping for 2.99
Casual Person bought a Sausage roll for 2.5
Casual Person bought a Pastry roll with sauce with sauce for 2.99
Casual Person bought a Sausage roll with sauce with sauce for 4.5
Casual Person bought a Jelly roll with sauce with topping for 3.0
ran out of Pastryroll
ran out of Pastryroll
Business Person didn't buy anything.
Casual Person bought a Egg roll with topping for 4.12
Casual Person bought a Spring roll for 1.5
Casual Person bought a Spring roll with sauce with topping for 3.5
number of receipts is 7
0 Springroll remaining.
11 Eggroll remaining.
0 Pastryroll remaining.
31 Sausageroll remaining.
39 Jellyroll remaining.
6.0 total daily sales for 75.93 dollars
Business Person customer type affected by 1 outages.
Casual Person customer type purchased 20.71 dollars worth of rolls.
Business Person customer type purchased 18.22 dollars worth of rolls.
sold 5 of Springroll
sold 4 of Eggroll
sold 5 of Pastryroll
sold 4 of Sausageroll
sold 4 of Jellyroll
Start of day number 18
60 Springroll remaining.
11 Eggroll remaining.
60 Pastryroll remaining.
31 Sausageroll remaining.
39 Jellyroll remaining.
Casual Person bought a Spring roll with sauce with sauce with topping for 4.5
Casual Person bought a Egg roll with sauce with topping for 5.12
Casual Person bought a Sausage roll with sauce with sauce for 4.5
Catering Customer bought a Jelly roll for 1.0
Catering Customer bought a Jelly roll with sauce with sauce for 3.0
Catering Customer bought a Jelly roll with topping for 2.0
Catering Customer bought a Jelly roll with sauce with sauce with topping for 4.0
Catering Customer bought a Jelly roll with sauce with sauce with topping for 4.0
Catering Customer bought a Spring roll for 1.5
Catering Customer bought a Spring roll for 1.5
Catering Customer bought a Spring roll for 1.5
Catering Customer bought a Spring roll with sauce with topping for 3.5
Catering Customer bought a Spring roll for 1.5
Catering Customer bought a Pastry roll with topping for 1.99
Catering Customer bought a Pastry roll with sauce for 1.99
Catering Customer bought a Pastry roll with topping for 1.99
Catering Customer bought a Pastry roll with topping for 1.99
Catering Customer bought a Pastry roll for 0.99
Casual Person bought a Egg roll for 3.12
Casual Person bought a Egg roll for 3.12
Casual Person bought a Pastry roll with sauce for 1.99
Casual Person bought a Sausage roll with topping for 3.5
Casual Person bought a Spring roll with sauce with sauce with topping for 4.5
Casual Person bought a Sausage roll with sauce with sauce for 4.5
Casual Person bought a Egg roll with sauce with sauce for 5.12
Casual Person bought a Jelly roll with sauce with sauce with topping for 4.0
Casual Person bought a Egg roll with sauce with topping for 5.12
Casual Person bought a Pastry roll with sauce with sauce for 2.99
Casual Person bought a Egg roll with sauce for 4.12
Casual Person bought a Spring roll with sauce with sauce for 3.5
Casual Person bought a Spring roll for 1.5
Casual Person bought a Pastry roll with sauce with topping for 2.99
Casual Person bought a Egg roll with sauce with topping for 5.12
Casual Person bought a Egg roll with sauce with sauce with topping for 6.12
ran out of Eggroll
ran out of Eggroll
Catering Customer bought a Egg roll with sauce with sauce with topping for 6.12
Catering Customer bought a Egg roll with sauce with sauce for 5.12
Catering Customer bought a Egg roll with sauce with sauce for 5.12
Catering Customer bought a Spring roll with sauce with sauce for 3.5
Catering Customer bought a Spring roll with sauce with sauce for 3.5
Catering Customer bought a Spring roll with sauce with sauce for 3.5
Catering Customer bought a Spring roll with sauce for 2.5
Catering Customer bought a Spring roll with sauce with sauce for 3.5
Catering Customer bought a Pastry roll with sauce with sauce for 2.99
Catering Customer bought a Pastry roll with sauce with sauce with topping for 3.99
Catering Customer bought a Pastry roll with topping for 1.99
Catering Customer bought a Pastry roll with sauce with topping for 2.99
Catering Customer bought a Pastry roll for 0.99
number of receipts is 9
46 Springroll remaining.
0 Eggroll remaining.
47 Pastryroll remaining.
28 Sausageroll remaining.
33 Jellyroll remaining.
9.0 total daily sales for 153.69000000000008 dollars
Catering Customer customer type purchased 39.25999999999999 dollars worth of rolls.
Casual Person customer type purchased 42.43000000000001 dollars worth of rolls.
sold 14 of Springroll
sold 11 of Eggroll
sold 13 of Pastryroll
sold 3 of Sausageroll
sold 6 of Jellyroll
Start of day number 19
46 Springroll remaining.
60 Eggroll remaining.
47 Pastryroll remaining.
28 Sausageroll remaining.
33 Jellyroll remaining.
number of receipts is 0
46 Springroll remaining.
60 Eggroll remaining.
47 Pastryroll remaining.
28 Sausageroll remaining.
33 Jellyroll remaining.
0.0 total daily sales for 0.0 dollars
sold 0 of Springroll
sold 0 of Eggroll
sold 0 of Pastryroll
sold 0 of Sausageroll
sold 0 of Jellyroll
Start of day number 20
46 Springroll remaining.
60 Eggroll remaining.
47 Pastryroll remaining.
28 Sausageroll remaining.
33 Jellyroll remaining.
Casual Person bought a Egg roll with sauce with topping for 5.12
Casual Person bought a Egg roll with sauce with topping for 5.12
Catering Customer bought a Spring roll with sauce for 2.5
Catering Customer bought a Spring roll with topping for 2.5
Catering Customer bought a Spring roll with sauce with topping for 3.5
Catering Customer bought a Spring roll with sauce with topping for 3.5
Catering Customer bought a Spring roll with sauce with sauce with topping for 4.5
Catering Customer bought a Jelly roll with sauce with sauce with topping for 4.0
Catering Customer bought a Jelly roll with topping for 2.0
Catering Customer bought a Jelly roll with topping for 2.0
Catering Customer bought a Jelly roll for 1.0
Catering Customer bought a Jelly roll with sauce with sauce with topping for 4.0
Catering Customer bought a Egg roll with sauce with sauce for 5.12
Catering Customer bought a Egg roll with sauce with topping for 5.12
Catering Customer bought a Egg roll with sauce with topping for 5.12
Catering Customer bought a Egg roll with sauce with sauce with topping for 6.12
Catering Customer bought a Egg roll with sauce for 4.12
Business Person bought a Spring roll with sauce for 2.5
Business Person bought a Spring roll for 1.5
Business Person bought a Egg roll for 3.12
Business Person bought a Egg roll with sauce with sauce for 5.12
Business Person bought a Pastry roll with sauce with sauce for 2.99
Business Person bought a Pastry roll for 0.99
Business Person bought a Sausage roll with topping for 3.5
Business Person bought a Sausage roll with sauce with sauce with topping for 5.5
Business Person bought a Jelly roll with sauce with topping for 3.0
Business Person bought a Jelly roll with sauce with topping for 3.0
Casual Person bought a Pastry roll for 0.99
Casual Person bought a Pastry roll with sauce with sauce with topping for 3.99
Business Person bought a Spring roll with sauce with sauce with topping for 4.5
Business Person bought a Spring roll for 1.5
Business Person bought a Egg roll with topping for 4.12
Business Person bought a Egg roll with sauce with topping for 5.12
Business Person bought a Pastry roll with sauce with sauce with topping for 3.99
Business Person bought a Pastry roll with topping for 1.99
Business Person bought a Sausage roll with topping for 3.5
Business Person bought a Sausage roll with sauce with sauce with topping for 5.5
Business Person bought a Jelly roll with topping for 2.0
Business Person bought a Jelly roll for 1.0
Catering Customer bought a Pastry roll for 0.99
Catering Customer bought a Pastry roll with topping for 1.99
Catering Customer bought a Pastry roll with sauce with topping for 2.99
Catering Customer bought a Pastry roll for 0.99
Catering Customer bought a Pastry roll with topping for 1.99
Catering Customer bought a Egg roll with sauce for 4.12
Catering Customer bought a Egg roll with sauce with sauce with topping for 6.12
Catering Customer bought a Egg roll with sauce for 4.12
Catering Customer bought a Egg roll with sauce for 4.12
Catering Customer bought a Egg roll for 3.12
Catering Customer bought a Sausage roll with topping for 3.5
Catering Customer bought a Sausage roll for 2.5
Catering Customer bought a Sausage roll with sauce with sauce with topping for 5.5
Catering Customer bought a Sausage roll with sauce with topping for 4.5
Catering Customer bought a Sausage roll for 2.5
number of receipts is 6
37 Springroll remaining.
44 Eggroll remaining.
36 Pastryroll remaining.
19 Sausageroll remaining.
24 Jellyroll remaining.
6.0 total daily sales for 183.81000000000006 dollars
Catering Customer customer type purchased 61.150000000000006 dollars worth of rolls.
Casual Person customer type purchased 8.22 dollars worth of rolls.
Business Person customer type purchased 36.44 dollars worth of rolls.
sold 9 of Springroll
sold 16 of Eggroll
sold 11 of Pastryroll
sold 9 of Sausageroll
sold 9 of Jellyroll
Start of day number 21
37 Springroll remaining.
44 Eggroll remaining.
36 Pastryroll remaining.
19 Sausageroll remaining.
24 Jellyroll remaining.
Business Person bought a Spring roll with sauce for 2.5
Business Person bought a Spring roll for 1.5
Business Person bought a Egg roll with sauce with sauce with topping for 6.12
Business Person bought a Egg roll with sauce with sauce for 5.12
Business Person bought a Pastry roll with sauce for 1.99
Business Person bought a Pastry roll with sauce with sauce with topping for 3.99
Business Person bought a Sausage roll with sauce with sauce with topping for 5.5
Business Person bought a Sausage roll with sauce for 3.5
Business Person bought a Jelly roll with sauce for 2.0
Business Person bought a Jelly roll with sauce with topping for 3.0
Catering Customer bought a Sausage roll with sauce with sauce for 4.5
Catering Customer bought a Sausage roll with sauce with topping for 4.5
Catering Customer bought a Sausage roll with sauce for 3.5
Catering Customer bought a Sausage roll with sauce with sauce with topping for 5.5
Catering Customer bought a Sausage roll with topping for 3.5
Catering Customer bought a Pastry roll with sauce with sauce with topping for 3.99
Catering Customer bought a Pastry roll with sauce with topping for 2.99
Catering Customer bought a Pastry roll with sauce with sauce for 2.99
Catering Customer bought a Pastry roll with sauce with sauce for 2.99
Catering Customer bought a Pastry roll with sauce with sauce with topping for 3.99
Catering Customer bought a Jelly roll with topping for 2.0
Catering Customer bought a Jelly roll with sauce with topping for 3.0
Catering Customer bought a Jelly roll with sauce for 2.0
Catering Customer bought a Jelly roll for 1.0
Catering Customer bought a Jelly roll with topping for 2.0
Catering Customer bought a Spring roll with sauce for 2.5
Catering Customer bought a Spring roll with sauce with sauce with topping for 4.5
Catering Customer bought a Spring roll with sauce with sauce with topping for 4.5
Catering Customer bought a Spring roll with sauce with topping for 3.5
Catering Customer bought a Spring roll with sauce with sauce for 3.5
Catering Customer bought a Egg roll with topping for 4.12
Catering Customer bought a Egg roll with sauce with topping for 5.12
Catering Customer bought a Egg roll with sauce with sauce for 5.12
Catering Customer bought a Egg roll with sauce with sauce with topping for 6.12
Catering Customer bought a Egg roll for 3.12
Catering Customer bought a Jelly roll with sauce with sauce for 3.0
Catering Customer bought a Jelly roll with sauce with topping for 3.0
Catering Customer bought a Jelly roll with sauce with topping for 3.0
Catering Customer bought a Jelly roll with topping for 2.0
Catering Customer bought a Jelly roll for 1.0
number of receipts is 3
30 Springroll remaining.
37 Eggroll remaining.
29 Pastryroll remaining.
12 Sausageroll remaining.
12 Jellyroll remaining.
3.0 total daily sales for 137.77 dollars
Catering Customer customer type purchased 50.550000000000004 dollars worth of rolls.
Business Person customer type purchased 18.22 dollars worth of rolls.
sold 7 of Springroll
sold 7 of Eggroll
sold 7 of Pastryroll
sold 7 of Sausageroll
sold 12 of Jellyroll
Start of day number 22
30 Springroll remaining.
37 Eggroll remaining.
29 Pastryroll remaining.
12 Sausageroll remaining.
12 Jellyroll remaining.
Casual Person bought a Egg roll for 3.12
Casual Person bought a Jelly roll with sauce with topping for 3.0
Catering Customer bought a Sausage roll with sauce for 3.5
Catering Customer bought a Sausage roll with sauce with sauce for 4.5
Catering Customer bought a Sausage roll with sauce with sauce for 4.5
Catering Customer bought a Sausage roll with sauce with topping for 4.5
Catering Customer bought a Sausage roll with sauce with topping for 4.5
Catering Customer bought a Pastry roll for 0.99
Catering Customer bought a Pastry roll with topping for 1.99
Catering Customer bought a Pastry roll with sauce with topping for 2.99
Catering Customer bought a Pastry roll for 0.99
Catering Customer bought a Pastry roll with sauce for 1.99
Catering Customer bought a Spring roll with sauce with topping for 3.5
Catering Customer bought a Spring roll with sauce for 2.5
Catering Customer bought a Spring roll with sauce with sauce for 3.5
Catering Customer bought a Spring roll with sauce with sauce with topping for 4.5
Catering Customer bought a Spring roll with topping for 2.5
Casual Person bought a Spring roll with sauce with sauce with topping for 4.5
Casual Person bought a Egg roll with sauce for 4.12
Casual Person bought a Egg roll with sauce with topping for 5.12
Casual Person bought a Pastry roll with topping for 1.99
Casual Person bought a Sausage roll with topping for 3.5
Casual Person bought a Sausage roll with sauce for 3.5
Casual Person bought a Egg roll with sauce with sauce for 5.12
Casual Person bought a Spring roll with sauce with sauce with topping for 4.5
Casual Person bought a Spring roll with sauce for 2.5
Casual Person bought a Pastry roll with sauce with topping for 2.99
Casual Person bought a Pastry roll with sauce with sauce for 2.99
Casual Person bought a Pastry roll with sauce with topping for 2.99
Casual Person bought a Spring roll with sauce with sauce for 3.5
Casual Person bought a Sausage roll for 2.5
Casual Person bought a Sausage roll for 2.5
Casual Person bought a Pastry roll with sauce with sauce with topping for 3.99
Casual Person bought a Spring roll with sauce with topping for 3.5
Casual Person bought a Egg roll with sauce for 4.12
Casual Person bought a Jelly roll with topping for 2.0
Casual Person bought a Jelly roll with sauce with topping for 3.0
Casual Person bought a Sausage roll for 2.5
Casual Person bought a Spring roll with topping for 2.5
Casual Person bought a Spring roll with sauce with topping for 3.5
Casual Person bought a Sausage roll with sauce for 3.5
Casual Person bought a Spring roll with sauce with topping for 3.5
Casual Person bought a Jelly roll with topping for 2.0
number of receipts is 12
17 Springroll remaining.
32 Eggroll remaining.
19 Pastryroll remaining.
1 Sausageroll remaining.
8 Jellyroll remaining.
12.0 total daily sales for 139.5 dollars
Catering Customer customer type purchased 24.95 dollars worth of rolls.
Casual Person customer type purchased 51.55 dollars worth of rolls.
sold 13 of Springroll
sold 5 of Eggroll
sold 10 of Pastryroll
sold 11 of Sausageroll
sold 4 of Jellyroll
Start of day number 23
17 Springroll remaining.
32 Eggroll remaining.
19 Pastryroll remaining.
1 Sausageroll remaining.
8 Jellyroll remaining.
ran out of Sausageroll
Casual Person bought a Sausage roll with sauce with sauce with topping for 5.5
Catering Customer bought a Jelly roll for 1.0
Catering Customer bought a Jelly roll with topping for 2.0
Catering Customer bought a Jelly roll for 1.0
Catering Customer bought a Jelly roll with sauce with topping for 3.0
Catering Customer bought a Jelly roll with sauce with sauce with topping for 4.0
Catering Customer bought a Egg roll with topping for 4.12
Catering Customer bought a Egg roll with sauce with topping for 5.12
Catering Customer bought a Egg roll with sauce for 4.12
Catering Customer bought a Egg roll with sauce with sauce for 5.12
Catering Customer bought a Egg roll with topping for 4.12
Catering Customer bought a Spring roll with sauce with sauce for 3.5
Catering Customer bought a Spring roll with sauce with sauce for 3.5
Catering Customer bought a Spring roll with sauce with sauce for 3.5
Catering Customer bought a Spring roll with sauce with topping for 3.5
Catering Customer bought a Spring roll with sauce with sauce with topping for 4.5
ran out of Sausageroll
Casual Person bought a Jelly roll for 1.0
Casual Person bought a Jelly roll with sauce for 2.0
ran out of Sausageroll
ran out of Sausageroll
Casual Person bought a Spring roll with sauce with sauce for 3.5
ran out of Sausageroll
ran out of Sausageroll
ran out of Jellyroll
Business Person didn't buy anything.
ran out of Sausageroll
ran out of Sausageroll
ran out of Jellyroll
Business Person didn't buy anything.
ran out of Sausageroll
Casual Person bought a Pastry roll with sauce for 1.99
Casual Person bought a Jelly roll with sauce with sauce with topping for 4.0
Casual Person bought a Egg roll with sauce with sauce with topping for 6.12
Casual Person bought a Egg roll with topping for 4.12
Casual Person bought a Egg roll with sauce for 4.12
ran out of Jellyroll
ran out of Sausageroll
Casual Person bought a Pastry roll for 0.99
ran out of Jellyroll
ran out of Jellyroll
Casual Person didn't buy anything.
Casual Person bought a Pastry roll with sauce with sauce with topping for 3.99
Casual Person bought a Pastry roll with sauce for 1.99
Casual Person bought a Spring roll with topping for 2.5
Casual Person bought a Pastry roll with sauce for 1.99
Casual Person bought a Pastry roll with sauce for 1.99
number of receipts is 12
10 Springroll remaining.
24 Eggroll remaining.
13 Pastryroll remaining.
0 Sausageroll remaining.
0 Jellyroll remaining.
9.0 total daily sales for 97.89999999999998 dollars
Business Person customer type affected by 2 outages.
Catering Customer customer type purchased 28.100000000000005 dollars worth of rolls.
Casual Person customer type purchased 23.8 dollars worth of rolls.
Business Person customer type purchased 0.0 dollars worth of rolls.
sold 7 of Springroll
sold 8 of Eggroll
sold 6 of Pastryroll
sold 1 of Sausageroll
sold 8 of Jellyroll
Start of day number 24
10 Springroll remaining.
24 Eggroll remaining.
13 Pastryroll remaining.
60 Sausageroll remaining.
60 Jellyroll remaining.
Casual Person bought a Jelly roll with topping for 2.0
Casual Person bought a Sausage roll with sauce with topping for 4.5
Business Person bought a Spring roll with sauce with sauce with topping for 4.5
Business Person bought a Spring roll with sauce for 2.5
Business Person bought a Egg roll for 3.12
Business Person bought a Egg roll with sauce with sauce for 5.12
Business Person bought a Pastry roll with sauce with sauce with topping for 3.99
Business Person bought a Pastry roll with sauce with sauce for 2.99
Business Person bought a Sausage roll with sauce with sauce with topping for 5.5
Business Person bought a Sausage roll with sauce with sauce with topping for 5.5
Business Person bought a Jelly roll with sauce for 2.0
Business Person bought a Jelly roll with topping for 2.0
Casual Person bought a Jelly roll for 1.0
Casual Person bought a Jelly roll for 1.0
Casual Person bought a Sausage roll with sauce with topping for 4.5
Casual Person bought a Sausage roll with sauce with sauce for 4.5
Casual Person bought a Spring roll with topping for 2.5
Casual Person bought a Sausage roll with topping for 3.5
Casual Person bought a Spring roll with topping for 2.5
Casual Person bought a Egg roll with topping for 4.12
Casual Person bought a Spring roll with sauce with sauce for 3.5
Casual Person bought a Jelly roll with sauce with topping for 3.0
Casual Person bought a Egg roll with sauce for 4.12
Casual Person bought a Spring roll with topping for 2.5
Business Person bought a Spring roll for 1.5
Business Person bought a Spring roll with sauce with sauce for 3.5
Business Person bought a Egg roll for 3.12
Business Person bought a Egg roll with sauce with sauce with topping for 6.12
Business Person bought a Pastry roll with topping for 1.99
Business Person bought a Pastry roll with sauce for 1.99
Business Person bought a Sausage roll with sauce for 3.5
Business Person bought a Sausage roll for 2.5
Business Person bought a Jelly roll with topping for 2.0
Business Person bought a Jelly roll for 1.0
Casual Person bought a Spring roll with sauce for 2.5
Casual Person bought a Pastry roll for 0.99
Casual Person bought a Pastry roll with sauce with topping for 2.99
Casual Person bought a Jelly roll with sauce with sauce for 3.0
Casual Person bought a Jelly roll with sauce with sauce for 3.0
Casual Person bought a Sausage roll with sauce with sauce for 4.5
Casual Person bought a Sausage roll with sauce for 3.5
Casual Person bought a Sausage roll with sauce with topping for 4.5
number of receipts is 11
1 Springroll remaining.
18 Eggroll remaining.
7 Pastryroll remaining.
49 Sausageroll remaining.
50 Jellyroll remaining.
11.0 total daily sales for 132.66 dollars
Casual Person customer type purchased 39.22 dollars worth of rolls.
Business Person customer type purchased 36.44 dollars worth of rolls.
sold 9 of Springroll
sold 6 of Eggroll
sold 6 of Pastryroll
sold 11 of Sausageroll
sold 10 of Jellyroll
Start of day number 25
1 Springroll remaining.
18 Eggroll remaining.
7 Pastryroll remaining.
49 Sausageroll remaining.
50 Jellyroll remaining.
ran out of Springroll
ran out of Springroll
ran out of Springroll
ran out of Springroll
Catering Customer bought a Spring roll with topping for 2.5
Catering Customer bought a Sausage roll for 2.5
Catering Customer bought a Sausage roll with sauce with sauce for 4.5
Catering Customer bought a Sausage roll with sauce with topping for 4.5
Catering Customer bought a Sausage roll with sauce with sauce for 4.5
Catering Customer bought a Sausage roll with sauce with sauce for 4.5
Catering Customer bought a Pastry roll with topping for 1.99
Catering Customer bought a Pastry roll with sauce with sauce with topping for 3.99
Catering Customer bought a Pastry roll with sauce with topping for 2.99
Catering Customer bought a Pastry roll with sauce for 1.99
Catering Customer bought a Pastry roll with sauce for 1.99
ran out of Pastryroll
ran out of Pastryroll
ran out of Pastryroll
ran out of Springroll
ran out of Springroll
ran out of Springroll
ran out of Springroll
ran out of Springroll
Catering Customer bought a Sausage roll with sauce with topping for 4.5
Catering Customer bought a Sausage roll for 2.5
Catering Customer bought a Sausage roll with topping for 3.5
Catering Customer bought a Sausage roll with sauce with topping for 4.5
Catering Customer bought a Sausage roll with sauce for 3.5
Catering Customer bought a Pastry roll with sauce with sauce with topping for 3.99
Catering Customer bought a Pastry roll with topping for 1.99
number of receipts is 2
0 Springroll remaining.
18 Eggroll remaining.
0 Pastryroll remaining.
39 Sausageroll remaining.
50 Jellyroll remaining.
2.0 total daily sales for 60.43000000000001 dollars
Catering Customer customer type purchased 33.42999999999999 dollars worth of rolls.
sold 1 of Springroll
sold 0 of Eggroll
sold 7 of Pastryroll
sold 10 of Sausageroll
sold 0 of Jellyroll
Start of day number 26
60 Springroll remaining.
18 Eggroll remaining.
60 Pastryroll remaining.
39 Sausageroll remaining.
50 Jellyroll remaining.
Casual Person bought a Jelly roll with sauce with topping for 3.0
Casual Person bought a Jelly roll with topping for 2.0
Casual Person bought a Sausage roll with sauce with sauce for 4.5
Casual Person bought a Pastry roll with sauce for 1.99
Casual Person bought a Pastry roll with sauce with sauce for 2.99
Catering Customer bought a Pastry roll for 0.99
Catering Customer bought a Pastry roll with sauce with topping for 2.99
Catering Customer bought a Pastry roll with sauce with sauce with topping for 3.99
Catering Customer bought a Pastry roll with sauce with sauce for 2.99
Catering Customer bought a Pastry roll with sauce with sauce with topping for 3.99
Catering Customer bought a Sausage roll with sauce for 3.5
Catering Customer bought a Sausage roll with topping for 3.5
Catering Customer bought a Sausage roll with sauce for 3.5
Catering Customer bought a Sausage roll for 2.5
Catering Customer bought a Sausage roll with sauce for 3.5
Catering Customer bought a Egg roll with sauce with sauce with topping for 6.12
Catering Customer bought a Egg roll with sauce for 4.12
Catering Customer bought a Egg roll with sauce for 4.12
Catering Customer bought a Egg roll with sauce with sauce for 5.12
Catering Customer bought a Egg roll with sauce with sauce with topping for 6.12
Business Person bought a Spring roll with topping for 2.5
Business Person bought a Spring roll with sauce with sauce with topping for 4.5
Business Person bought a Egg roll for 3.12
Business Person bought a Egg roll with sauce with sauce for 5.12
Business Person bought a Pastry roll with sauce with topping for 2.99
Business Person bought a Pastry roll with sauce with sauce with topping for 3.99
Business Person bought a Sausage roll with sauce for 3.5
Business Person bought a Sausage roll with sauce with topping for 4.5
Business Person bought a Jelly roll with sauce for 2.0
Business Person bought a Jelly roll with topping for 2.0
Casual Person bought a Pastry roll with sauce with sauce for 2.99
Casual Person bought a Egg roll with sauce for 4.12
Casual Person bought a Jelly roll for 1.0
Casual Person bought a Egg roll with sauce with sauce for 5.12
Casual Person bought a Egg roll with sauce for 4.12
Casual Person bought a Pastry roll with sauce with sauce for 2.99
Business Person bought a Spring roll with sauce for 2.5
Business Person bought a Spring roll with sauce with sauce for 3.5
Business Person bought a Egg roll with sauce with topping for 5.12
Business Person bought a Egg roll for 3.12
Business Person bought a Pastry roll with sauce with topping for 2.99
Business Person bought a Pastry roll with topping for 1.99
Business Person bought a Sausage roll with topping for 3.5
Business Person bought a Sausage roll with sauce with sauce with topping for 5.5
Business Person bought a Jelly roll with sauce for 2.0
Business Person bought a Jelly roll for 1.0
Casual Person bought a Spring roll with sauce for 2.5
Casual Person bought a Spring roll with sauce with topping for 3.5
Casual Person bought a Egg roll for 3.12
Casual Person bought a Pastry roll with sauce with topping for 2.99
Casual Person bought a Jelly roll with sauce with sauce with topping for 4.0
Casual Person bought a Pastry roll with sauce for 1.99
Casual Person bought a Pastry roll with sauce with sauce with topping for 3.99
Casual Person bought a Spring roll with sauce for 2.5
Casual Person bought a Spring roll with topping for 2.5
Casual Person bought a Sausage roll with topping for 3.5
Casual Person bought a Egg roll with sauce with sauce with topping for 6.12
number of receipts is 12
52 Springroll remaining.
4 Eggroll remaining.
44 Pastryroll remaining.
28 Sausageroll remaining.
42 Jellyroll remaining.
12.0 total daily sales for 194.02000000000007 dollars
Catering Customer customer type purchased 33.050000000000004 dollars worth of rolls.
Casual Person customer type purchased 37.53 dollars worth of rolls.
Business Person customer type purchased 36.44 dollars worth of rolls.
sold 8 of Springroll
sold 14 of Eggroll
sold 16 of Pastryroll
sold 11 of Sausageroll
sold 8 of Jellyroll
Start of day number 27
52 Springroll remaining.
4 Eggroll remaining.
44 Pastryroll remaining.
28 Sausageroll remaining.
42 Jellyroll remaining.
Casual Person bought a Sausage roll for 2.5
Casual Person bought a Spring roll with topping for 2.5
Casual Person bought a Egg roll with topping for 4.12
Casual Person bought a Sausage roll with sauce with sauce for 4.5
Casual Person bought a Spring roll with sauce for 2.5
Casual Person bought a Jelly roll with sauce for 2.0
Catering Customer bought a Sausage roll with sauce for 3.5
Catering Customer bought a Sausage roll with sauce with sauce for 4.5
Catering Customer bought a Sausage roll for 2.5
Catering Customer bought a Sausage roll with sauce with sauce with topping for 5.5
Catering Customer bought a Sausage roll with sauce with topping for 4.5
Catering Customer bought a Spring roll for 1.5
Catering Customer bought a Spring roll with sauce with topping for 3.5
Catering Customer bought a Spring roll with sauce with sauce with topping for 4.5
Catering Customer bought a Spring roll with topping for 2.5
Catering Customer bought a Spring roll for 1.5
Catering Customer bought a Pastry roll with sauce with sauce for 2.99
Catering Customer bought a Pastry roll with sauce for 1.99
Catering Customer bought a Pastry roll for 0.99
Catering Customer bought a Pastry roll with sauce with sauce for 2.99
Catering Customer bought a Pastry roll with topping for 1.99
Casual Person bought a Sausage roll with sauce with topping for 4.5
Casual Person bought a Spring roll with sauce for 2.5
Casual Person bought a Pastry roll with sauce with sauce with topping for 3.99
Catering Customer bought a Sausage roll with sauce with sauce with topping for 5.5
Catering Customer bought a Sausage roll with sauce with sauce with topping for 5.5
Catering Customer bought a Sausage roll with sauce with sauce for 4.5
Catering Customer bought a Sausage roll with topping for 3.5
Catering Customer bought a Sausage roll with topping for 3.5
Catering Customer bought a Spring roll with sauce with sauce for 3.5
Catering Customer bought a Spring roll with topping for 2.5
Catering Customer bought a Spring roll with sauce with sauce with topping for 4.5
Catering Customer bought a Spring roll with topping for 2.5
Catering Customer bought a Spring roll with sauce with sauce with topping for 4.5
Catering Customer bought a Jelly roll with sauce with sauce with topping for 4.0
Catering Customer bought a Jelly roll with sauce with sauce for 3.0
Catering Customer bought a Jelly roll with sauce with topping for 3.0
Catering Customer bought a Jelly roll with sauce with topping for 3.0
Catering Customer bought a Jelly roll with sauce with sauce for 3.0
number of receipts is 5
39 Springroll remaining.
3 Eggroll remaining.
38 Pastryroll remaining.
15 Sausageroll remaining.
36 Jellyroll remaining.
5.0 total daily sales for 130.06 dollars
Catering Customer customer type purchased 49.94999999999999 dollars worth of rolls.
Casual Person customer type purchased 17.11 dollars worth of rolls.
sold 13 of Springroll
sold 1 of Eggroll
sold 6 of Pastryroll
sold 13 of Sausageroll
sold 6 of Jellyroll
Start of day number 28
39 Springroll remaining.
3 Eggroll remaining.
38 Pastryroll remaining.
15 Sausageroll remaining.
36 Jellyroll remaining.
Casual Person bought a Spring roll with sauce for 2.5
Casual Person bought a Jelly roll with sauce with sauce for 3.0
Casual Person bought a Sausage roll with sauce with topping for 4.5
Casual Person bought a Pastry roll with sauce with topping for 2.99
Casual Person bought a Pastry roll with sauce with sauce with topping for 3.99
Casual Person bought a Egg roll with sauce with sauce with topping for 6.12
Casual Person bought a Spring roll with sauce with sauce for 3.5
Casual Person bought a Spring roll with sauce with sauce for 3.5
Casual Person bought a Egg roll for 3.12
Casual Person bought a Jelly roll for 1.0
Casual Person bought a Sausage roll with topping for 3.5
Casual Person bought a Spring roll for 1.5
Casual Person bought a Jelly roll for 1.0
Casual Person bought a Pastry roll with topping for 1.99
Casual Person bought a Spring roll with sauce with topping for 3.5
Casual Person bought a Sausage roll for 2.5
Casual Person bought a Egg roll with sauce with sauce for 5.12
ran out of Eggroll
ran out of Eggroll
Business Person didn't buy anything.
number of receipts is 7
34 Springroll remaining.
0 Eggroll remaining.
35 Pastryroll remaining.
12 Sausageroll remaining.
33 Jellyroll remaining.
6.0 total daily sales for 53.33 dollars
Business Person customer type affected by 1 outages.
Casual Person customer type purchased 30.330000000000002 dollars worth of rolls.
Business Person customer type purchased 0.0 dollars worth of rolls.
sold 5 of Springroll
sold 3 of Eggroll
sold 3 of Pastryroll
sold 3 of Sausageroll
sold 3 of Jellyroll
Start of day number 29
34 Springroll remaining.
60 Eggroll remaining.
35 Pastryroll remaining.
12 Sausageroll remaining.
33 Jellyroll remaining.
Casual Person bought a Jelly roll for 1.0
Casual Person bought a Sausage roll with topping for 3.5
Catering Customer bought a Spring roll with sauce with sauce with topping for 4.5
Catering Customer bought a Spring roll for 1.5
Catering Customer bought a Spring roll with topping for 2.5
Catering Customer bought a Spring roll with sauce with sauce with topping for 4.5
Catering Customer bought a Spring roll with sauce with sauce with topping for 4.5
Catering Customer bought a Egg roll with sauce with sauce with topping for 6.12
Catering Customer bought a Egg roll with sauce for 4.12
Catering Customer bought a Egg roll with sauce with topping for 5.12
Catering Customer bought a Egg roll with sauce with topping for 5.12
Catering Customer bought a Egg roll with sauce for 4.12
Catering Customer bought a Pastry roll with sauce with sauce for 2.99
Catering Customer bought a Pastry roll with sauce with sauce with topping for 3.99
Catering Customer bought a Pastry roll with sauce with sauce with topping for 3.99
Catering Customer bought a Pastry roll with sauce for 1.99
Catering Customer bought a Pastry roll with sauce for 1.99
Casual Person bought a Spring roll with sauce for 2.5
Casual Person bought a Sausage roll with sauce with sauce with topping for 5.5
Casual Person bought a Pastry roll with sauce for 1.99
Casual Person bought a Pastry roll with sauce with sauce for 2.99
Casual Person bought a Jelly roll with sauce with sauce for 3.0
Casual Person bought a Egg roll with topping for 4.12
Casual Person bought a Sausage roll with sauce with sauce for 4.5
Casual Person bought a Pastry roll with topping for 1.99
Casual Person bought a Jelly roll with sauce for 2.0
Casual Person bought a Spring roll with topping for 2.5
Casual Person bought a Jelly roll with sauce with topping for 3.0
Casual Person bought a Spring roll with sauce with sauce with topping for 4.5
Casual Person bought a Sausage roll with sauce for 3.5
Casual Person bought a Spring roll with sauce with sauce for 3.5
Casual Person bought a Egg roll with sauce with sauce with topping for 6.12
Casual Person bought a Jelly roll with sauce for 2.0
Casual Person bought a Sausage roll with sauce with topping for 4.5
Casual Person bought a Pastry roll with sauce with topping for 2.99
Casual Person bought a Egg roll with sauce with topping for 5.12
Casual Person bought a Pastry roll for 0.99
Casual Person bought a Spring roll for 1.5
Casual Person bought a Egg roll for 3.12
Casual Person bought a Spring roll with sauce with sauce for 3.5
number of receipts is 11
23 Springroll remaining.
51 Eggroll remaining.
25 Pastryroll remaining.
7 Sausageroll remaining.
28 Jellyroll remaining.
11.0 total daily sales for 136.98000000000002 dollars
Catering Customer customer type purchased 28.049999999999997 dollars worth of rolls.
Casual Person customer type purchased 43.93 dollars worth of rolls.
sold 11 of Springroll
sold 9 of Eggroll
sold 10 of Pastryroll
sold 5 of Sausageroll
sold 5 of Jellyroll
Start of day number 30
23 Springroll remaining.
51 Eggroll remaining.
25 Pastryroll remaining.
7 Sausageroll remaining.
28 Jellyroll remaining.
Catering Customer bought a Pastry roll with sauce with sauce for 2.99
Catering Customer bought a Pastry roll for 0.99
Catering Customer bought a Pastry roll with sauce for 1.99
Catering Customer bought a Pastry roll with sauce with topping for 2.99
Catering Customer bought a Pastry roll with sauce with topping for 2.99
Catering Customer bought a Jelly roll with sauce with sauce with topping for 4.0
Catering Customer bought a Jelly roll with sauce with sauce for 3.0
Catering Customer bought a Jelly roll with sauce with sauce with topping for 4.0
Catering Customer bought a Jelly roll with topping for 2.0
Catering Customer bought a Jelly roll with sauce with topping for 3.0
Catering Customer bought a Spring roll with topping for 2.5
Catering Customer bought a Spring roll for 1.5
Catering Customer bought a Spring roll with sauce with sauce with topping for 4.5
Catering Customer bought a Spring roll with sauce with sauce for 3.5
Catering Customer bought a Spring roll for 1.5
Catering Customer bought a Jelly roll with topping for 2.0
Catering Customer bought a Jelly roll with sauce with topping for 3.0
Catering Customer bought a Jelly roll with sauce for 2.0
Catering Customer bought a Jelly roll for 1.0
Catering Customer bought a Jelly roll with topping for 2.0
Catering Customer bought a Spring roll for 1.5
Catering Customer bought a Spring roll with sauce with topping for 3.5
Catering Customer bought a Spring roll with sauce with sauce for 3.5
Catering Customer bought a Spring roll with sauce with sauce with topping for 4.5
Catering Customer bought a Spring roll with sauce with sauce for 3.5
Catering Customer bought a Pastry roll with sauce with sauce with topping for 3.99
Catering Customer bought a Pastry roll with sauce for 1.99
Catering Customer bought a Pastry roll with sauce with topping for 2.99
Catering Customer bought a Pastry roll with sauce with sauce with topping for 3.99
Catering Customer bought a Pastry roll with sauce with sauce with topping for 3.99
Casual Person bought a Egg roll with sauce with sauce with topping for 6.12
Casual Person bought a Egg roll for 3.12
Casual Person bought a Spring roll for 1.5
Casual Person bought a Egg roll for 3.12
Casual Person bought a Egg roll for 3.12
Casual Person bought a Spring roll with sauce with sauce with topping for 4.5
Casual Person bought a Pastry roll for 0.99
Casual Person bought a Jelly roll with topping for 2.0
Casual Person bought a Pastry roll with topping for 1.99
Casual Person bought a Pastry roll with topping for 1.99
Casual Person bought a Egg roll with sauce with topping for 5.12
Business Person bought a Spring roll with topping for 2.5
Business Person bought a Spring roll with sauce with sauce with topping for 4.5
Business Person bought a Egg roll for 3.12
Business Person bought a Egg roll with topping for 4.12
Business Person bought a Pastry roll for 0.99
Business Person bought a Pastry roll with topping for 1.99
Business Person bought a Sausage roll for 2.5
Business Person bought a Sausage roll for 2.5
Business Person bought a Jelly roll with sauce with sauce with topping for 4.0
Business Person bought a Jelly roll with sauce with topping for 3.0
Casual Person bought a Sausage roll with sauce for 3.5
Casual Person bought a Pastry roll with topping for 1.99
Casual Person bought a Pastry roll with sauce for 1.99
number of receipts is 8
9 Springroll remaining.
44 Eggroll remaining.
8 Pastryroll remaining.
4 Sausageroll remaining.
15 Jellyroll remaining.
8.0 total daily sales for 155.17000000000002 dollars
Catering Customer customer type purchased 34.9 dollars worth of rolls.
Casual Person customer type purchased 27.05 dollars worth of rolls.
Business Person customer type purchased 18.22 dollars worth of rolls.
sold 14 of Springroll
sold 7 of Eggroll
sold 17 of Pastryroll
sold 3 of Sausageroll
sold 13 of Jellyroll

Process finished with exit code 0
